#
# A fatal error has been detected by the Java Runtime Environment:
#
#  EXCEPTION_UNCAUGHT_CXX_EXCEPTION (0xe06d7363) at pc=0x00007fff4af84f69, pid=11988, tid=13328
#
# JRE version: Java(TM) SE Runtime Environment 18.9 (11.0.12+8) (build 11.0.12+8-LTS-237)
# Java VM: Java HotSpot(TM) 64-Bit Server VM 18.9 (11.0.12+8-LTS-237, mixed mode, tiered, compressed oops, g1 gc, windows-amd64)
# Problematic frame:
# C  [KERNELBASE.dll+0x34f69]
#
# No core dump will be written. Minidumps are not enabled by default on client versions of Windows
#
# If you would like to submit a bug report, please visit:
#   https://bugreport.java.com/bugreport/crash.jsp
# The crash happened outside the Java Virtual Machine in native code.
# See problematic frame for where to report the bug.
#

---------------  S U M M A R Y ------------

Command Line: -agentlib:jdwp=transport=dt_socket,address=127.0.0.1:49201,suspend=y,server=n -XX:TieredStopAtLevel=1 -Xverify:none -Dspring.output.ansi.enabled=always -Dcom.sun.management.jmxremote -Dspring.jmx.enabled=true -Dspring.liveBeansView.mbeanDomain -Dspring.application.admin.enabled=true -javaagent:C:\Users\ASUS\.IntelliJIdea2019.3\system\captureAgent\debugger-agent.jar -Dfile.encoding=UTF-8 com.teqgin.image_laboratory.ImageLaboratoryApplication

Host: Intel(R) Core(TM) i5-7200U CPU @ 2.50GHz, 4 cores, 11G,  Windows 10 , 64 bit Build 19041 (10.0.19041.1348)
Time: Tue Dec 21 19:34:45 2021 中国标准时间 elapsed time: 50.563492 seconds (0d 0h 0m 50s)

---------------  T H R E A D  ---------------

Current thread (0x000001b5b7af4800):  JavaThread "http-nio-8080-exec-1" daemon [_thread_in_native, id=13328, stack(0x00000062f4100000,0x00000062f4200000)]

Stack: [0x00000062f4100000,0x00000062f4200000],  sp=0x00000062f41fbb90,  free space=1006k
Native frames: (J=compiled Java code, j=interpreted, Vv=VM code, C=native code)
C  [KERNELBASE.dll+0x34f69]
C  [VCRUNTIME140.dll+0x485d]
C  [SeetaFaceTracking600.dll+0x486a]

Java frames: (J=compiled Java code, j=interpreted, Vv=VM code)
j  com.sun.jna.Function.invokePointer(I[Ljava/lang/Object;)Lcom/sun/jna/Pointer;+0
j  com.sun.jna.Function.invoke([Ljava/lang/Object;Ljava/lang/Class;)Ljava/lang/Object;+706
j  com.sun.jna.Function.invoke(Ljava/lang/Class;[Ljava/lang/Object;Ljava/util/Map;)Ljava/lang/Object;+194
j  com.sun.jna.Library$Handler.invoke(Ljava/lang/Object;Ljava/lang/reflect/Method;[Ljava/lang/Object;)Ljava/lang/Object;+344
j  com.sun.proxy.$Proxy117.faceTracker(Lcom/teqgin/image_laboratory/domain/FaceData;Ljava/lang/String;Ljava/lang/String;)Lcom/teqgin/image_laboratory/domain/FaceData;+24
j  com.teqgin.image_laboratory.service.impl.VideoServiceImpl.getFaces(Ljava/lang/String;)[Ljava/lang/String;+14
j  com.teqgin.image_laboratory.controller.VideoController.catchFace(Lorg/springframework/web/multipart/MultipartFile;)Lorg/springframework/http/ResponseEntity;+52
v  ~StubRoutines::call_stub
J 2929  jdk.internal.reflect.NativeMethodAccessorImpl.invoke0(Ljava/lang/reflect/Method;Ljava/lang/Object;[Ljava/lang/Object;)Ljava/lang/Object; java.base@11.0.12 (0 bytes) @ 0x000001b59b8e56cf [0x000001b59b8e5640+0x000000000000008f]
J 2928 c1 jdk.internal.reflect.NativeMethodAccessorImpl.invoke(Ljava/lang/Object;[Ljava/lang/Object;)Ljava/lang/Object; java.base@11.0.12 (104 bytes) @ 0x000001b59b8e671c [0x000001b59b8e6320+0x00000000000003fc]
J 2869 c1 jdk.internal.reflect.DelegatingMethodAccessorImpl.invoke(Ljava/lang/Object;[Ljava/lang/Object;)Ljava/lang/Object; java.base@11.0.12 (10 bytes) @ 0x000001b59b8cd8a4 [0x000001b59b8cd840+0x0000000000000064]
J 2908 c1 java.lang.reflect.Method.invoke(Ljava/lang/Object;[Ljava/lang/Object;)Ljava/lang/Object; java.base@11.0.12 (65 bytes) @ 0x000001b59b8ddf0c [0x000001b59b8ddde0+0x000000000000012c]
j  org.springframework.web.method.support.InvocableHandlerMethod.doInvoke([Ljava/lang/Object;)Ljava/lang/Object;+32
j  org.springframework.web.method.support.InvocableHandlerMethod.invokeForRequest(Lorg/springframework/web/context/request/NativeWebRequest;Lorg/springframework/web/method/support/ModelAndViewContainer;[Ljava/lang/Object;)Ljava/lang/Object;+54
j  org.springframework.web.servlet.mvc.method.annotation.ServletInvocableHandlerMethod.invokeAndHandle(Lorg/springframework/web/context/request/ServletWebRequest;Lorg/springframework/web/method/support/ModelAndViewContainer;[Ljava/lang/Object;)V+4
j  org.springframework.web.servlet.mvc.method.annotation.RequestMappingHandlerAdapter.invokeHandlerMethod(Ljavax/servlet/http/HttpServletRequest;Ljavax/servlet/http/HttpServletResponse;Lorg/springframework/web/method/HandlerMethod;)Lorg/springframework/web/servlet/ModelAndView;+244
j  org.springframework.web.servlet.mvc.method.annotation.RequestMappingHandlerAdapter.handleInternal(Ljavax/servlet/http/HttpServletRequest;Ljavax/servlet/http/HttpServletResponse;Lorg/springframework/web/method/HandlerMethod;)Lorg/springframework/web/servlet/ModelAndView;+81
j  org.springframework.web.servlet.mvc.method.AbstractHandlerMethodAdapter.handle(Ljavax/servlet/http/HttpServletRequest;Ljavax/servlet/http/HttpServletResponse;Ljava/lang/Object;)Lorg/springframework/web/servlet/ModelAndView;+7
j  org.springframework.web.servlet.DispatcherServlet.doDispatch(Ljavax/servlet/http/HttpServletRequest;Ljavax/servlet/http/HttpServletResponse;)V+259
j  org.springframework.web.servlet.DispatcherServlet.doService(Ljavax/servlet/http/HttpServletRequest;Ljavax/servlet/http/HttpServletResponse;)V+241
j  org.springframework.web.servlet.FrameworkServlet.processRequest(Ljavax/servlet/http/HttpServletRequest;Ljavax/servlet/http/HttpServletResponse;)V+71
j  org.springframework.web.servlet.FrameworkServlet.doPost(Ljavax/servlet/http/HttpServletRequest;Ljavax/servlet/http/HttpServletResponse;)V+3
j  javax.servlet.http.HttpServlet.service(Ljavax/servlet/http/HttpServletRequest;Ljavax/servlet/http/HttpServletResponse;)V+149
j  org.springframework.web.servlet.FrameworkServlet.service(Ljavax/servlet/http/HttpServletRequest;Ljavax/servlet/http/HttpServletResponse;)V+33
j  javax.servlet.http.HttpServlet.service(Ljavax/servlet/ServletRequest;Ljavax/servlet/ServletResponse;)V+36
j  org.apache.catalina.core.ApplicationFilterChain.internalDoFilter(Ljavax/servlet/ServletRequest;Ljavax/servlet/ServletResponse;)V+304
j  org.apache.catalina.core.ApplicationFilterChain.doFilter(Ljavax/servlet/ServletRequest;Ljavax/servlet/ServletResponse;)V+99
j  org.apache.tomcat.websocket.server.WsFilter.doFilter(Ljavax/servlet/ServletRequest;Ljavax/servlet/ServletResponse;Ljavax/servlet/FilterChain;)V+21
j  org.apache.catalina.core.ApplicationFilterChain.internalDoFilter(Ljavax/servlet/ServletRequest;Ljavax/servlet/ServletResponse;)V+135
j  org.apache.catalina.core.ApplicationFilterChain.doFilter(Ljavax/servlet/ServletRequest;Ljavax/servlet/ServletResponse;)V+99
j  org.springframework.web.filter.RequestContextFilter.doFilterInternal(Ljavax/servlet/http/HttpServletRequest;Ljavax/servlet/http/HttpServletResponse;Ljavax/servlet/FilterChain;)V+21
j  org.springframework.web.filter.OncePerRequestFilter.doFilter(Ljavax/servlet/ServletRequest;Ljavax/servlet/ServletResponse;Ljavax/servlet/FilterChain;)V+147
j  org.apache.catalina.core.ApplicationFilterChain.internalDoFilter(Ljavax/servlet/ServletRequest;Ljavax/servlet/ServletResponse;)V+135
j  org.apache.catalina.core.ApplicationFilterChain.doFilter(Ljavax/servlet/ServletRequest;Ljavax/servlet/ServletResponse;)V+99
j  org.springframework.web.filter.FormContentFilter.doFilterInternal(Ljavax/servlet/http/HttpServletRequest;Ljavax/servlet/http/HttpServletResponse;Ljavax/servlet/FilterChain;)V+38
j  org.springframework.web.filter.OncePerRequestFilter.doFilter(Ljavax/servlet/ServletRequest;Ljavax/servlet/ServletResponse;Ljavax/servlet/FilterChain;)V+147
j  org.apache.catalina.core.ApplicationFilterChain.internalDoFilter(Ljavax/servlet/ServletRequest;Ljavax/servlet/ServletResponse;)V+135
j  org.apache.catalina.core.ApplicationFilterChain.doFilter(Ljavax/servlet/ServletRequest;Ljavax/servlet/ServletResponse;)V+99
j  org.springframework.web.filter.CharacterEncodingFilter.doFilterInternal(Ljavax/servlet/http/HttpServletRequest;Ljavax/servlet/http/HttpServletResponse;Ljavax/servlet/FilterChain;)V+53
j  org.springframework.web.filter.OncePerRequestFilter.doFilter(Ljavax/servlet/ServletRequest;Ljavax/servlet/ServletResponse;Ljavax/servlet/FilterChain;)V+147
j  org.apache.catalina.core.ApplicationFilterChain.internalDoFilter(Ljavax/servlet/ServletRequest;Ljavax/servlet/ServletResponse;)V+135
j  org.apache.catalina.core.ApplicationFilterChain.doFilter(Ljavax/servlet/ServletRequest;Ljavax/servlet/ServletResponse;)V+99
j  org.apache.catalina.core.StandardWrapperValve.invoke(Lorg/apache/catalina/connector/Request;Lorg/apache/catalina/connector/Response;)V+694
j  org.apache.catalina.core.StandardContextValve.invoke(Lorg/apache/catalina/connector/Request;Lorg/apache/catalina/connector/Response;)V+169
j  org.apache.catalina.authenticator.AuthenticatorBase.invoke(Lorg/apache/catalina/connector/Request;Lorg/apache/catalina/connector/Response;)V+260
j  org.apache.catalina.core.StandardHostValve.invoke(Lorg/apache/catalina/connector/Request;Lorg/apache/catalina/connector/Response;)V+128
j  org.apache.catalina.valves.ErrorReportValve.invoke(Lorg/apache/catalina/connector/Request;Lorg/apache/catalina/connector/Response;)V+6
j  org.apache.catalina.core.StandardEngineValve.invoke(Lorg/apache/catalina/connector/Request;Lorg/apache/catalina/connector/Response;)V+59
j  org.apache.catalina.connector.CoyoteAdapter.service(Lorg/apache/coyote/Request;Lorg/apache/coyote/Response;)V+199
j  org.apache.coyote.http11.Http11Processor.service(Lorg/apache/tomcat/util/net/SocketWrapperBase;)Lorg/apache/tomcat/util/net/AbstractEndpoint$Handler$SocketState;+737
j  org.apache.coyote.AbstractProcessorLight.process(Lorg/apache/tomcat/util/net/SocketWrapperBase;Lorg/apache/tomcat/util/net/SocketEvent;)Lorg/apache/tomcat/util/net/AbstractEndpoint$Handler$SocketState;+170
j  org.apache.coyote.AbstractProtocol$ConnectionHandler.process(Lorg/apache/tomcat/util/net/SocketWrapperBase;Lorg/apache/tomcat/util/net/SocketEvent;)Lorg/apache/tomcat/util/net/AbstractEndpoint$Handler$SocketState;+505
j  org.apache.tomcat.util.net.NioEndpoint$SocketProcessor.doRun()V+216
j  org.apache.tomcat.util.net.SocketProcessorBase.run()V+21
j  org.apache.tomcat.util.threads.ThreadPoolExecutor.runWorker(Lorg/apache/tomcat/util/threads/ThreadPoolExecutor$Worker;)V+92
j  org.apache.tomcat.util.threads.ThreadPoolExecutor$Worker.run()V+5
j  org.apache.tomcat.util.threads.TaskThread$WrappingRunnable.run()V+4
j  java.lang.Thread.run()V+11 java.base@11.0.12
v  ~StubRoutines::call_stub

siginfo: EXCEPTION_UNCAUGHT_CXX_EXCEPTION (0xe06d7363), ExceptionInformation=0x0000000019930520 0x00000062f41fbd28 0x00007fff1928bc50 0x00007fff19280000 


Register to memory mapping:

RIP=0x00007fff4af84f69 KERNELBASE.dll
RAX=0x0 is NULL
RBX=0x00007fff1928bc50 SeetaFaceTracking600.dll
RCX=0x0 is NULL
RDX=0x0 is NULL
RSP=0x00000062f41fbb90 is pointing into the stack for thread: 0x000001b5b7af4800
RBP=0x00000062f41fbcd0 is pointing into the stack for thread: 0x000001b5b7af4800
RSI=0x00000062f41fc2a8 is pointing into the stack for thread: 0x000001b5b7af4800
RDI=0x00000062f41fbd28 is pointing into the stack for thread: 0x000001b5b7af4800
R8 =0x0000000000000001 is an unknown value
R9 =0x000001b5b6ecb058 points into unknown readable memory: 0x00007fff4aeaf5d0 | d0 f5 ea 4a ff 7f 00 00
R10=0x00007fff4adcc1d1 ucrtbase.dll
R11=0x0000000000000006 is an unknown value
R12=0x00000062f41fc078 is pointing into the stack for thread: 0x000001b5b7af4800
R13=0x0 is NULL
R14=0x000001b5b6fda310 points into unknown readable memory: 0x0063006100720001 | 01 00 72 00 61 00 63 00
R15=0x00000000ffffffff is an unknown value


Registers:
RAX=0x0000000000000000, RBX=0x00007fff1928bc50, RCX=0x0000000000000000, RDX=0x0000000000000000
RSP=0x00000062f41fbb90, RBP=0x00000062f41fbcd0, RSI=0x00000062f41fc2a8, RDI=0x00000062f41fbd28
R8 =0x0000000000000001, R9 =0x000001b5b6ecb058, R10=0x00007fff4adcc1d1, R11=0x0000000000000006
R12=0x00000062f41fc078, R13=0x0000000000000000, R14=0x000001b5b6fda310, R15=0x00000000ffffffff
RIP=0x00007fff4af84f69, EFLAGS=0x0000000000000206

Top of Stack: (sp=0x00000062f41fbb90)
0x00000062f41fbb90:   000000000000004f 00007fff1928bc50
0x00000062f41fbba0:   00000062f41fc2a8 00007fff4adcfde6
0x00000062f41fbbb0:   00000001e06d7363 0000000000000000
0x00000062f41fbbc0:   00007fff4af84f69 00007fff00000004
0x00000062f41fbbd0:   0000000019930520 00000062f41fbd28
0x00000062f41fbbe0:   00007fff1928bc50 00007fff19280000
0x00000062f41fbbf0:   0000000000000000 00000062f41fc078
0x00000062f41fbc00:   00000062f41fc2a8 00000062f41fbcd0
0x00000062f41fbc10:   00000062f41fbce0 00007fff4d444a5f
0x00000062f41fbc20:   00000062f41fbd28 00007fff00000000
0x00000062f41fbc30:   fffffffffffffffe 00000062f41fbeb0
0x00000062f41fbc40:   00007fff1928f000 00007fff19280000
0x00000062f41fbc50:   0000f54775201148 00000062f41fbd08
0x00000062f41fbc60:   00007fff1928bc50 00007fff45ce485d
0x00000062f41fbc70:   00000062f41fbd40 0000000000000047
0x00000062f41fbc80:   0000000000000000 0000000000000005 

Instructions: (pc=0x00007fff4af84f69)
0x00007fff4af84f49:   8b d1 44 0f 47 c0 44 89 44 24 38 49 c1 e0 03 e8
0x00007fff4af84f59:   1a d5 05 00 48 8d 4c 24 20 48 ff 15 9f 9d 18 00
0x00007fff4af84f69:   0f 1f 44 00 00 48 8b 8c 24 c0 00 00 00 48 33 cc
0x00007fff4af84f79:   e8 52 97 05 00 48 81 c4 d8 00 00 00 c3 cc 83 64 


Stack slot to memory mapping:
stack at sp + 0 slots: 0x000000000000004f is an unknown value
stack at sp + 1 slots: 0x00007fff1928bc50 SeetaFaceTracking600.dll
stack at sp + 2 slots: 0x00000062f41fc2a8 is pointing into the stack for thread: 0x000001b5b7af4800
stack at sp + 3 slots: 0x00007fff4adcfde6 ucrtbase.dll
stack at sp + 4 slots: 0x00000001e06d7363 is an unknown value
stack at sp + 5 slots: 0x0 is NULL
stack at sp + 6 slots: 0x00007fff4af84f69 KERNELBASE.dll
stack at sp + 7 slots: 0x00007fff00000004 is an unknown value


---------------  P R O C E S S  ---------------

Threads class SMR info:
_java_thread_list=0x000001b5b79b7910, length=31, elements={
0x000001b5b3c11800, 0x000001b5b3c13000, 0x000001b5b3c7c800, 0x000001b5b3c7f000,
0x000001b5b3c80800, 0x000001b5b3c87800, 0x000001b5b3c8d000, 0x000001b5b339b800,
0x000001b5b3e57000, 0x000001b5b3e78800, 0x000001b5b3e7a800, 0x000001b5b45eb800,
0x000001b5b54d6800, 0x000001b5b549d000, 0x000001b5b5864800, 0x000001b5b58a5800,
0x000001b5b5bb6800, 0x000001b5b5b2d000, 0x000001b5b70c7800, 0x000001b5b7149000,
0x000001b5b7143800, 0x000001b5b714a000, 0x000001b5b7145800, 0x000001b5b7146800,
0x000001b5b7147800, 0x000001b5b7148000, 0x000001b5b7144000, 0x000001b5b7145000,
0x000001b5b7aef800, 0x000001b5b7af4800, 0x000001b5b7af0000
}

Java Threads: ( => current thread )
  0x000001b5b3c11800 JavaThread "Reference Handler" daemon [_thread_blocked, id=11632, stack(0x00000062f2000000,0x00000062f2100000)]
  0x000001b5b3c13000 JavaThread "Finalizer" daemon [_thread_blocked, id=13880, stack(0x00000062f2100000,0x00000062f2200000)]
  0x000001b5b3c7c800 JavaThread "Signal Dispatcher" daemon [_thread_blocked, id=6932, stack(0x00000062f2200000,0x00000062f2300000)]
  0x000001b5b3c7f000 JavaThread "Attach Listener" daemon [_thread_blocked, id=6080, stack(0x00000062f2300000,0x00000062f2400000)]
  0x000001b5b3c80800 JavaThread "Service Thread" daemon [_thread_blocked, id=8480, stack(0x00000062f2400000,0x00000062f2500000)]
  0x000001b5b3c87800 JavaThread "C1 CompilerThread0" daemon [_thread_blocked, id=12276, stack(0x00000062f2500000,0x00000062f2600000)]
  0x000001b5b3c8d000 JavaThread "Sweeper thread" daemon [_thread_blocked, id=3364, stack(0x00000062f2600000,0x00000062f2700000)]
  0x000001b5b339b800 JavaThread "Common-Cleaner" daemon [_thread_blocked, id=12092, stack(0x00000062f2700000,0x00000062f2800000)]
  0x000001b5b3e57000 JavaThread "JDWP Transport Listener: dt_socket" daemon [_thread_blocked, id=10972, stack(0x00000062f2800000,0x00000062f2900000)]
  0x000001b5b3e78800 JavaThread "JDWP Event Helper Thread" daemon [_thread_blocked, id=12700, stack(0x00000062f2900000,0x00000062f2a00000)]
  0x000001b5b3e7a800 JavaThread "JDWP Command Reader" daemon [_thread_in_native, id=9784, stack(0x00000062f2a00000,0x00000062f2b00000)]
  0x000001b5b45eb800 JavaThread "RMI TCP Accept-0" daemon [_thread_in_native, id=9916, stack(0x00000062f2e00000,0x00000062f2f00000)]
  0x000001b5b54d6800 JavaThread "RMI TCP Connection(idle)" daemon [_thread_blocked, id=7388, stack(0x00000062f3300000,0x00000062f3400000)]
  0x000001b5b549d000 JavaThread "RMI Scheduler(0)" daemon [_thread_blocked, id=6368, stack(0x00000062f3200000,0x00000062f3300000)]
  0x000001b5b5864800 JavaThread "Catalina-utility-1" [_thread_blocked, id=14088, stack(0x00000062f3400000,0x00000062f3500000)]
  0x000001b5b58a5800 JavaThread "Catalina-utility-2" [_thread_blocked, id=7596, stack(0x00000062f3500000,0x00000062f3600000)]
  0x000001b5b5bb6800 JavaThread "container-0" [_thread_blocked, id=12576, stack(0x00000062f3600000,0x00000062f3700000)]
  0x000001b5b5b2d000 JavaThread "mysql-cj-abandoned-connection-cleanup" daemon [_thread_blocked, id=4100, stack(0x00000062f3700000,0x00000062f3800000)]
  0x000001b5b70c7800 JavaThread "ForkJoinPool.commonPool-worker-3" daemon [_thread_blocked, id=9504, stack(0x00000062f3800000,0x00000062f3900000)]
  0x000001b5b7149000 JavaThread "ForkJoinPool.commonPool-worker-5" daemon [_thread_blocked, id=13444, stack(0x00000062f3900000,0x00000062f3a00000)]
  0x000001b5b7143800 JavaThread "ForkJoinPool.commonPool-worker-7" daemon [_thread_blocked, id=5888, stack(0x00000062f3a00000,0x00000062f3b00000)]
  0x000001b5b714a000 JavaThread "lettuce-timer-3-1" daemon [_thread_blocked, id=9032, stack(0x00000062f3b00000,0x00000062f3c00000)]
  0x000001b5b7145800 JavaThread "Live Reload Server" daemon [_thread_in_native, id=13944, stack(0x00000062f3d00000,0x00000062f3e00000)]
  0x000001b5b7146800 JavaThread "File Watcher" daemon [_thread_blocked, id=4448, stack(0x00000062f3c00000,0x00000062f3d00000)]
  0x000001b5b7147800 JavaThread "http-nio-8080-Poller" daemon [_thread_in_native, id=1596, stack(0x00000062f3e00000,0x00000062f3f00000)]
  0x000001b5b7148000 JavaThread "http-nio-8080-Acceptor" daemon [_thread_in_native, id=3612, stack(0x00000062f3f00000,0x00000062f4000000)]
  0x000001b5b7144000 JavaThread "DestroyJavaVM" [_thread_blocked, id=8660, stack(0x00000062f1900000,0x00000062f1a00000)]
  0x000001b5b7145000 JavaThread "RMI TCP Connection(idle)" daemon [_thread_blocked, id=14768, stack(0x00000062f3000000,0x00000062f3100000)]
  0x000001b5b7aef800 JavaThread "RMI TCP Connection(idle)" daemon [_thread_blocked, id=3252, stack(0x00000062f3100000,0x00000062f3200000)]
=>0x000001b5b7af4800 JavaThread "http-nio-8080-exec-1" daemon [_thread_in_native, id=13328, stack(0x00000062f4100000,0x00000062f4200000)]
  0x000001b5b7af0000 JavaThread "http-nio-8080-exec-2" daemon [_thread_in_native, id=4564, stack(0x00000062f4e00000,0x00000062f4f00000)]

Other Threads:
  0x000001b5b33e3000 VMThread "VM Thread" [stack: 0x00000062f1f00000,0x00000062f2000000] [id=9272]
  0x000001b5b45f1800 WatcherThread [stack: 0x00000062f2f00000,0x00000062f3000000] [id=14840]
  0x000001b592903800 GCTaskThread "GC Thread#0" [stack: 0x00000062f1a00000,0x00000062f1b00000] [id=7380]
  0x000001b5b45b8000 GCTaskThread "GC Thread#1" [stack: 0x00000062f2b00000,0x00000062f2c00000] [id=14992]
  0x000001b5b45b8800 GCTaskThread "GC Thread#2" [stack: 0x00000062f2c00000,0x00000062f2d00000] [id=1072]
  0x000001b5b45b9000 GCTaskThread "GC Thread#3" [stack: 0x00000062f2d00000,0x00000062f2e00000] [id=13308]
  0x000001b59294b800 ConcurrentGCThread "G1 Main Marker" [stack: 0x00000062f1b00000,0x00000062f1c00000] [id=14552]
  0x000001b59294d000 ConcurrentGCThread "G1 Conc#0" [stack: 0x00000062f1c00000,0x00000062f1d00000] [id=6740]
  0x000001b5929be800 ConcurrentGCThread "G1 Refine#0" [stack: 0x00000062f1d00000,0x00000062f1e00000] [id=8388]
  0x000001b5b324c800 ConcurrentGCThread "G1 Young RemSet Sampling" [stack: 0x00000062f1e00000,0x00000062f1f00000] [id=14516]

Threads with active compile tasks:

VM state:not at safepoint (normal execution)

VM Mutex/Monitor currently owned by a thread: None

Heap address: 0x0000000741c00000, size: 3044 MB, Compressed Oops mode: Zero based, Oop shift amount: 3
Narrow klass base: 0x0000000800000000, Narrow klass shift: 0
Compressed class space size: 1073741824 Address: 0x0000000800000000

Heap:
 garbage-first heap   total 238592K, used 151772K [0x0000000741c00000, 0x0000000800000000)
  region size 1024K, 136 young (139264K), 11 survivors (11264K)
 Metaspace       used 55643K, capacity 57514K, committed 57756K, reserved 1099776K
  class space    used 6880K, capacity 7606K, committed 7660K, reserved 1048576K
Heap Regions: E=young(eden), S=young(survivor), O=old, HS=humongous(starts), HC=humongous(continues), CS=collection set, F=free, A=archive, TAMS=top-at-mark-start (previous, next)
|   0|0x0000000741c00000, 0x0000000741d00000, 0x0000000741d00000|100%| O|  |TAMS 0x0000000741d00000, 0x0000000741c00000| Untracked 
|   1|0x0000000741d00000, 0x0000000741e00000, 0x0000000741e00000|100%| O|  |TAMS 0x0000000741e00000, 0x0000000741d00000| Untracked 
|   2|0x0000000741e00000, 0x0000000741f00000, 0x0000000741f00000|100%| O|  |TAMS 0x0000000741f00000, 0x0000000741e00000| Untracked 
|   3|0x0000000741f00000, 0x0000000742000000, 0x0000000742000000|100%| O|  |TAMS 0x0000000742000000, 0x0000000741f00000| Untracked 
|   4|0x0000000742000000, 0x0000000742100000, 0x0000000742100000|100%| O|  |TAMS 0x0000000742100000, 0x0000000742000000| Untracked 
|   5|0x0000000742100000, 0x0000000742200000, 0x0000000742200000|100%| O|  |TAMS 0x0000000742200000, 0x0000000742100000| Untracked 
|   6|0x0000000742200000, 0x0000000742300000, 0x0000000742300000|100%| O|  |TAMS 0x0000000742300000, 0x0000000742200000| Untracked 
|   7|0x0000000742300000, 0x0000000742400000, 0x0000000742400000|100%| O|  |TAMS 0x0000000742400000, 0x0000000742300000| Untracked 
|   8|0x0000000742400000, 0x0000000742500000, 0x0000000742500000|100%| O|  |TAMS 0x0000000742414400, 0x0000000742400000| Untracked 
|   9|0x0000000742500000, 0x0000000742600000, 0x0000000742600000|100%| O|  |TAMS 0x0000000742500000, 0x0000000742500000| Untracked 
|  10|0x0000000742600000, 0x0000000742700000, 0x0000000742700000|100%| O|  |TAMS 0x0000000742600000, 0x0000000742600000| Untracked 
|  11|0x0000000742700000, 0x0000000742800000, 0x0000000742800000|100%| O|  |TAMS 0x0000000742700000, 0x0000000742700000| Untracked 
|  12|0x0000000742800000, 0x0000000742900000, 0x0000000742900000|100%| O|  |TAMS 0x0000000742800000, 0x0000000742800000| Untracked 
|  13|0x0000000742900000, 0x00000007429c5008, 0x0000000742a00000| 76%| O|  |TAMS 0x0000000742900000, 0x0000000742900000| Untracked 
|  14|0x0000000742a00000, 0x0000000742a00000, 0x0000000742b00000|  0%| F|  |TAMS 0x0000000742a00000, 0x0000000742a00000| Untracked 
|  15|0x0000000742b00000, 0x0000000742b00000, 0x0000000742c00000|  0%| F|  |TAMS 0x0000000742b00000, 0x0000000742b00000| Untracked 
|  16|0x0000000742c00000, 0x0000000742c00000, 0x0000000742d00000|  0%| F|  |TAMS 0x0000000742c00000, 0x0000000742c00000| Untracked 
|  17|0x0000000742d00000, 0x0000000742d00000, 0x0000000742e00000|  0%| F|  |TAMS 0x0000000742d00000, 0x0000000742d00000| Untracked 
|  18|0x0000000742e00000, 0x0000000742e00000, 0x0000000742f00000|  0%| F|  |TAMS 0x0000000742e00000, 0x0000000742e00000| Untracked 
|  19|0x0000000742f00000, 0x0000000742f00000, 0x0000000743000000|  0%| F|  |TAMS 0x0000000742f00000, 0x0000000742f00000| Untracked 
|  20|0x0000000743000000, 0x0000000743000000, 0x0000000743100000|  0%| F|  |TAMS 0x0000000743000000, 0x0000000743000000| Untracked 
|  21|0x0000000743100000, 0x0000000743100000, 0x0000000743200000|  0%| F|  |TAMS 0x0000000743100000, 0x0000000743100000| Untracked 
|  22|0x0000000743200000, 0x0000000743200000, 0x0000000743300000|  0%| F|  |TAMS 0x0000000743200000, 0x0000000743200000| Untracked 
|  23|0x0000000743300000, 0x0000000743300000, 0x0000000743400000|  0%| F|  |TAMS 0x0000000743300000, 0x0000000743300000| Untracked 
|  24|0x0000000743400000, 0x0000000743400000, 0x0000000743500000|  0%| F|  |TAMS 0x0000000743400000, 0x0000000743400000| Untracked 
|  25|0x0000000743500000, 0x0000000743500000, 0x0000000743600000|  0%| F|  |TAMS 0x0000000743500000, 0x0000000743500000| Untracked 
|  26|0x0000000743600000, 0x0000000743600000, 0x0000000743700000|  0%| F|  |TAMS 0x0000000743600000, 0x0000000743600000| Untracked 
|  27|0x0000000743700000, 0x0000000743700000, 0x0000000743800000|  0%| F|  |TAMS 0x0000000743700000, 0x0000000743700000| Untracked 
|  28|0x0000000743800000, 0x0000000743800000, 0x0000000743900000|  0%| F|  |TAMS 0x0000000743800000, 0x0000000743800000| Untracked 
|  29|0x0000000743900000, 0x0000000743900000, 0x0000000743a00000|  0%| F|  |TAMS 0x0000000743900000, 0x0000000743900000| Untracked 
|  30|0x0000000743a00000, 0x0000000743a00000, 0x0000000743b00000|  0%| F|  |TAMS 0x0000000743a00000, 0x0000000743a00000| Untracked 
|  31|0x0000000743b00000, 0x0000000743b00000, 0x0000000743c00000|  0%| F|  |TAMS 0x0000000743b00000, 0x0000000743b00000| Untracked 
|  32|0x0000000743c00000, 0x0000000743c00000, 0x0000000743d00000|  0%| F|  |TAMS 0x0000000743c00000, 0x0000000743c00000| Untracked 
|  33|0x0000000743d00000, 0x0000000743d00000, 0x0000000743e00000|  0%| F|  |TAMS 0x0000000743d00000, 0x0000000743d00000| Untracked 
|  34|0x0000000743e00000, 0x0000000743e00000, 0x0000000743f00000|  0%| F|  |TAMS 0x0000000743e00000, 0x0000000743e00000| Untracked 
|  35|0x0000000743f00000, 0x0000000743f00000, 0x0000000744000000|  0%| F|  |TAMS 0x0000000743f00000, 0x0000000743f00000| Untracked 
|  36|0x0000000744000000, 0x0000000744000000, 0x0000000744100000|  0%| F|  |TAMS 0x0000000744000000, 0x0000000744000000| Untracked 
|  37|0x0000000744100000, 0x0000000744100000, 0x0000000744200000|  0%| F|  |TAMS 0x0000000744100000, 0x0000000744100000| Untracked 
|  38|0x0000000744200000, 0x0000000744200000, 0x0000000744300000|  0%| F|  |TAMS 0x0000000744200000, 0x0000000744200000| Untracked 
|  39|0x0000000744300000, 0x0000000744300000, 0x0000000744400000|  0%| F|  |TAMS 0x0000000744300000, 0x0000000744300000| Untracked 
|  40|0x0000000744400000, 0x0000000744400000, 0x0000000744500000|  0%| F|  |TAMS 0x0000000744400000, 0x0000000744400000| Untracked 
|  41|0x0000000744500000, 0x0000000744500000, 0x0000000744600000|  0%| F|  |TAMS 0x0000000744500000, 0x0000000744500000| Untracked 
|  42|0x0000000744600000, 0x0000000744600000, 0x0000000744700000|  0%| F|  |TAMS 0x0000000744600000, 0x0000000744600000| Untracked 
|  43|0x0000000744700000, 0x0000000744700000, 0x0000000744800000|  0%| F|  |TAMS 0x0000000744700000, 0x0000000744700000| Untracked 
|  44|0x0000000744800000, 0x0000000744800000, 0x0000000744900000|  0%| F|  |TAMS 0x0000000744800000, 0x0000000744800000| Untracked 
|  45|0x0000000744900000, 0x0000000744900000, 0x0000000744a00000|  0%| F|  |TAMS 0x0000000744900000, 0x0000000744900000| Untracked 
|  46|0x0000000744a00000, 0x0000000744a00000, 0x0000000744b00000|  0%| F|  |TAMS 0x0000000744a00000, 0x0000000744a00000| Untracked 
|  47|0x0000000744b00000, 0x0000000744b00000, 0x0000000744c00000|  0%| F|  |TAMS 0x0000000744b00000, 0x0000000744b00000| Untracked 
|  48|0x0000000744c00000, 0x0000000744c00000, 0x0000000744d00000|  0%| F|  |TAMS 0x0000000744c00000, 0x0000000744c00000| Untracked 
|  49|0x0000000744d00000, 0x0000000744d00000, 0x0000000744e00000|  0%| F|  |TAMS 0x0000000744d00000, 0x0000000744d00000| Untracked 
|  50|0x0000000744e00000, 0x0000000744e00000, 0x0000000744f00000|  0%| F|  |TAMS 0x0000000744e00000, 0x0000000744e00000| Untracked 
|  51|0x0000000744f00000, 0x0000000744f00000, 0x0000000745000000|  0%| F|  |TAMS 0x0000000744f00000, 0x0000000744f00000| Untracked 
|  52|0x0000000745000000, 0x0000000745000000, 0x0000000745100000|  0%| F|  |TAMS 0x0000000745000000, 0x0000000745000000| Untracked 
|  53|0x0000000745100000, 0x0000000745100000, 0x0000000745200000|  0%| F|  |TAMS 0x0000000745100000, 0x0000000745100000| Untracked 
|  54|0x0000000745200000, 0x0000000745200000, 0x0000000745300000|  0%| F|  |TAMS 0x0000000745200000, 0x0000000745200000| Untracked 
|  55|0x0000000745300000, 0x0000000745300000, 0x0000000745400000|  0%| F|  |TAMS 0x0000000745300000, 0x0000000745300000| Untracked 
|  56|0x0000000745400000, 0x0000000745400000, 0x0000000745500000|  0%| F|  |TAMS 0x0000000745400000, 0x0000000745400000| Untracked 
|  57|0x0000000745500000, 0x0000000745500000, 0x0000000745600000|  0%| F|  |TAMS 0x0000000745500000, 0x0000000745500000| Untracked 
|  58|0x0000000745600000, 0x0000000745600000, 0x0000000745700000|  0%| F|  |TAMS 0x0000000745600000, 0x0000000745600000| Untracked 
|  59|0x0000000745700000, 0x0000000745700000, 0x0000000745800000|  0%| F|  |TAMS 0x0000000745700000, 0x0000000745700000| Untracked 
|  60|0x0000000745800000, 0x0000000745800000, 0x0000000745900000|  0%| F|  |TAMS 0x0000000745800000, 0x0000000745800000| Untracked 
|  61|0x0000000745900000, 0x0000000745900000, 0x0000000745a00000|  0%| F|  |TAMS 0x0000000745900000, 0x0000000745900000| Untracked 
|  62|0x0000000745a00000, 0x0000000745a00000, 0x0000000745b00000|  0%| F|  |TAMS 0x0000000745a00000, 0x0000000745a00000| Untracked 
|  63|0x0000000745b00000, 0x0000000745b00000, 0x0000000745c00000|  0%| F|  |TAMS 0x0000000745b00000, 0x0000000745b00000| Untracked 
|  64|0x0000000745c00000, 0x0000000745c00000, 0x0000000745d00000|  0%| F|  |TAMS 0x0000000745c00000, 0x0000000745c00000| Untracked 
|  65|0x0000000745d00000, 0x0000000745d00000, 0x0000000745e00000|  0%| F|  |TAMS 0x0000000745d00000, 0x0000000745d00000| Untracked 
|  66|0x0000000745e00000, 0x0000000745e721d8, 0x0000000745f00000| 44%| S|CS|TAMS 0x0000000745e00000, 0x0000000745e00000| Complete 
|  67|0x0000000745f00000, 0x0000000745f00000, 0x0000000746000000|  0%| F|  |TAMS 0x0000000745f00000, 0x0000000745f00000| Untracked 
|  68|0x0000000746000000, 0x0000000746000000, 0x0000000746100000|  0%| F|  |TAMS 0x0000000746000000, 0x0000000746000000| Untracked 
|  69|0x0000000746100000, 0x0000000746100000, 0x0000000746200000|  0%| F|  |TAMS 0x0000000746100000, 0x0000000746100000| Untracked 
|  70|0x0000000746200000, 0x0000000746200000, 0x0000000746300000|  0%| F|  |TAMS 0x0000000746200000, 0x0000000746200000| Untracked 
|  71|0x0000000746300000, 0x0000000746300000, 0x0000000746400000|  0%| F|  |TAMS 0x0000000746300000, 0x0000000746300000| Untracked 
|  72|0x0000000746400000, 0x0000000746400000, 0x0000000746500000|  0%| F|  |TAMS 0x0000000746400000, 0x0000000746400000| Untracked 
|  73|0x0000000746500000, 0x0000000746500000, 0x0000000746600000|  0%| F|  |TAMS 0x0000000746500000, 0x0000000746500000| Untracked 
|  74|0x0000000746600000, 0x0000000746600000, 0x0000000746700000|  0%| F|  |TAMS 0x0000000746600000, 0x0000000746600000| Untracked 
|  75|0x0000000746700000, 0x0000000746700000, 0x0000000746800000|  0%| F|  |TAMS 0x0000000746700000, 0x0000000746700000| Untracked 
|  76|0x0000000746800000, 0x0000000746800000, 0x0000000746900000|  0%| F|  |TAMS 0x0000000746800000, 0x0000000746800000| Untracked 
|  77|0x0000000746900000, 0x0000000746a00000, 0x0000000746a00000|100%| S|CS|TAMS 0x0000000746900000, 0x0000000746900000| Complete 
|  78|0x0000000746a00000, 0x0000000746b00000, 0x0000000746b00000|100%| S|CS|TAMS 0x0000000746a00000, 0x0000000746a00000| Complete 
|  79|0x0000000746b00000, 0x0000000746c00000, 0x0000000746c00000|100%| S|CS|TAMS 0x0000000746b00000, 0x0000000746b00000| Complete 
|  80|0x0000000746c00000, 0x0000000746d00000, 0x0000000746d00000|100%| S|CS|TAMS 0x0000000746c00000, 0x0000000746c00000| Complete 
|  81|0x0000000746d00000, 0x0000000746e00000, 0x0000000746e00000|100%| S|CS|TAMS 0x0000000746d00000, 0x0000000746d00000| Complete 
|  82|0x0000000746e00000, 0x0000000746f00000, 0x0000000746f00000|100%| S|CS|TAMS 0x0000000746e00000, 0x0000000746e00000| Complete 
|  83|0x0000000746f00000, 0x0000000747000000, 0x0000000747000000|100%| S|CS|TAMS 0x0000000746f00000, 0x0000000746f00000| Complete 
|  84|0x0000000747000000, 0x0000000747100000, 0x0000000747100000|100%| S|CS|TAMS 0x0000000747000000, 0x0000000747000000| Complete 
|  85|0x0000000747100000, 0x0000000747200000, 0x0000000747200000|100%| S|CS|TAMS 0x0000000747100000, 0x0000000747100000| Complete 
|  86|0x0000000747200000, 0x0000000747300000, 0x0000000747300000|100%| S|CS|TAMS 0x0000000747200000, 0x0000000747200000| Complete 
|  87|0x0000000747300000, 0x0000000747300000, 0x0000000747400000|  0%| F|  |TAMS 0x0000000747300000, 0x0000000747300000| Untracked 
|  88|0x0000000747400000, 0x0000000747400000, 0x0000000747500000|  0%| F|  |TAMS 0x0000000747400000, 0x0000000747400000| Untracked 
|  89|0x0000000747500000, 0x0000000747500000, 0x0000000747600000|  0%| F|  |TAMS 0x0000000747500000, 0x0000000747500000| Untracked 
|  90|0x0000000747600000, 0x0000000747600000, 0x0000000747700000|  0%| F|  |TAMS 0x0000000747600000, 0x0000000747600000| Untracked 
|  91|0x0000000747700000, 0x0000000747700000, 0x0000000747800000|  0%| F|  |TAMS 0x0000000747700000, 0x0000000747700000| Untracked 
|  92|0x0000000747800000, 0x0000000747800000, 0x0000000747900000|  0%| F|  |TAMS 0x0000000747800000, 0x0000000747800000| Untracked 
|  93|0x0000000747900000, 0x0000000747900000, 0x0000000747a00000|  0%| F|  |TAMS 0x0000000747900000, 0x0000000747900000| Untracked 
|  94|0x0000000747a00000, 0x0000000747a00000, 0x0000000747b00000|  0%| F|  |TAMS 0x0000000747a00000, 0x0000000747a00000| Untracked 
|  95|0x0000000747b00000, 0x0000000747b00000, 0x0000000747c00000|  0%| F|  |TAMS 0x0000000747b00000, 0x0000000747b00000| Untracked 
|  96|0x0000000747c00000, 0x0000000747c00000, 0x0000000747d00000|  0%| F|  |TAMS 0x0000000747c00000, 0x0000000747c00000| Untracked 
|  97|0x0000000747d00000, 0x0000000747d00000, 0x0000000747e00000|  0%| F|  |TAMS 0x0000000747d00000, 0x0000000747d00000| Untracked 
|  98|0x0000000747e00000, 0x0000000747e00000, 0x0000000747f00000|  0%| F|  |TAMS 0x0000000747e00000, 0x0000000747e00000| Untracked 
|  99|0x0000000747f00000, 0x0000000747f00000, 0x0000000748000000|  0%| F|  |TAMS 0x0000000747f00000, 0x0000000747f00000| Untracked 
| 100|0x0000000748000000, 0x0000000748000000, 0x0000000748100000|  0%| F|  |TAMS 0x0000000748000000, 0x0000000748000000| Untracked 
| 101|0x0000000748100000, 0x0000000748100000, 0x0000000748200000|  0%| F|  |TAMS 0x0000000748100000, 0x0000000748100000| Untracked 
| 102|0x0000000748200000, 0x0000000748200000, 0x0000000748300000|  0%| F|  |TAMS 0x0000000748200000, 0x0000000748200000| Untracked 
| 103|0x0000000748300000, 0x0000000748300000, 0x0000000748400000|  0%| F|  |TAMS 0x0000000748300000, 0x0000000748300000| Untracked 
| 104|0x0000000748400000, 0x0000000748400000, 0x0000000748500000|  0%| F|  |TAMS 0x0000000748400000, 0x0000000748400000| Untracked 
| 105|0x0000000748500000, 0x0000000748500000, 0x0000000748600000|  0%| F|  |TAMS 0x0000000748500000, 0x0000000748500000| Untracked 
| 106|0x0000000748600000, 0x0000000748600000, 0x0000000748700000|  0%| F|  |TAMS 0x0000000748600000, 0x0000000748600000| Untracked 
| 107|0x0000000748700000, 0x0000000748700000, 0x0000000748800000|  0%| F|  |TAMS 0x0000000748700000, 0x0000000748700000| Untracked 
| 108|0x0000000748800000, 0x000000074886f3c8, 0x0000000748900000| 43%| E|  |TAMS 0x0000000748800000, 0x0000000748800000| Complete 
| 109|0x0000000748900000, 0x0000000748a00000, 0x0000000748a00000|100%| E|CS|TAMS 0x0000000748900000, 0x0000000748900000| Complete 
| 110|0x0000000748a00000, 0x0000000748b00000, 0x0000000748b00000|100%| E|CS|TAMS 0x0000000748a00000, 0x0000000748a00000| Complete 
| 111|0x0000000748b00000, 0x0000000748c00000, 0x0000000748c00000|100%| E|CS|TAMS 0x0000000748b00000, 0x0000000748b00000| Complete 
| 112|0x0000000748c00000, 0x0000000748d00000, 0x0000000748d00000|100%| E|CS|TAMS 0x0000000748c00000, 0x0000000748c00000| Complete 
| 113|0x0000000748d00000, 0x0000000748e00000, 0x0000000748e00000|100%| E|CS|TAMS 0x0000000748d00000, 0x0000000748d00000| Complete 
| 114|0x0000000748e00000, 0x0000000748f00000, 0x0000000748f00000|100%| E|CS|TAMS 0x0000000748e00000, 0x0000000748e00000| Complete 
| 115|0x0000000748f00000, 0x0000000749000000, 0x0000000749000000|100%| E|CS|TAMS 0x0000000748f00000, 0x0000000748f00000| Complete 
| 116|0x0000000749000000, 0x0000000749100000, 0x0000000749100000|100%| E|CS|TAMS 0x0000000749000000, 0x0000000749000000| Complete 
| 117|0x0000000749100000, 0x0000000749200000, 0x0000000749200000|100%| E|CS|TAMS 0x0000000749100000, 0x0000000749100000| Complete 
| 118|0x0000000749200000, 0x0000000749300000, 0x0000000749300000|100%| E|CS|TAMS 0x0000000749200000, 0x0000000749200000| Complete 
| 119|0x0000000749300000, 0x0000000749400000, 0x0000000749400000|100%| E|CS|TAMS 0x0000000749300000, 0x0000000749300000| Complete 
| 120|0x0000000749400000, 0x0000000749500000, 0x0000000749500000|100%| E|CS|TAMS 0x0000000749400000, 0x0000000749400000| Complete 
| 121|0x0000000749500000, 0x0000000749600000, 0x0000000749600000|100%| E|CS|TAMS 0x0000000749500000, 0x0000000749500000| Complete 
| 122|0x0000000749600000, 0x0000000749700000, 0x0000000749700000|100%| E|CS|TAMS 0x0000000749600000, 0x0000000749600000| Complete 
| 123|0x0000000749700000, 0x0000000749800000, 0x0000000749800000|100%| E|CS|TAMS 0x0000000749700000, 0x0000000749700000| Complete 
| 124|0x0000000749800000, 0x0000000749900000, 0x0000000749900000|100%| E|CS|TAMS 0x0000000749800000, 0x0000000749800000| Complete 
| 125|0x0000000749900000, 0x0000000749a00000, 0x0000000749a00000|100%| E|CS|TAMS 0x0000000749900000, 0x0000000749900000| Complete 
| 126|0x0000000749a00000, 0x0000000749b00000, 0x0000000749b00000|100%| E|CS|TAMS 0x0000000749a00000, 0x0000000749a00000| Complete 
| 127|0x0000000749b00000, 0x0000000749c00000, 0x0000000749c00000|100%| E|CS|TAMS 0x0000000749b00000, 0x0000000749b00000| Complete 
| 128|0x0000000749c00000, 0x0000000749d00000, 0x0000000749d00000|100%| E|CS|TAMS 0x0000000749c00000, 0x0000000749c00000| Complete 
| 129|0x0000000749d00000, 0x0000000749e00000, 0x0000000749e00000|100%| E|CS|TAMS 0x0000000749d00000, 0x0000000749d00000| Complete 
| 130|0x0000000749e00000, 0x0000000749f00000, 0x0000000749f00000|100%| E|CS|TAMS 0x0000000749e00000, 0x0000000749e00000| Complete 
| 131|0x0000000749f00000, 0x000000074a000000, 0x000000074a000000|100%| E|CS|TAMS 0x0000000749f00000, 0x0000000749f00000| Complete 
| 132|0x000000074a000000, 0x000000074a100000, 0x000000074a100000|100%| E|CS|TAMS 0x000000074a000000, 0x000000074a000000| Complete 
| 133|0x000000074a100000, 0x000000074a200000, 0x000000074a200000|100%| E|CS|TAMS 0x000000074a100000, 0x000000074a100000| Complete 
| 134|0x000000074a200000, 0x000000074a300000, 0x000000074a300000|100%| E|CS|TAMS 0x000000074a200000, 0x000000074a200000| Complete 
| 135|0x000000074a300000, 0x000000074a400000, 0x000000074a400000|100%| E|CS|TAMS 0x000000074a300000, 0x000000074a300000| Complete 
| 136|0x000000074a400000, 0x000000074a500000, 0x000000074a500000|100%| E|CS|TAMS 0x000000074a400000, 0x000000074a400000| Complete 
| 137|0x000000074a500000, 0x000000074a600000, 0x000000074a600000|100%| E|CS|TAMS 0x000000074a500000, 0x000000074a500000| Complete 
| 138|0x000000074a600000, 0x000000074a700000, 0x000000074a700000|100%| E|CS|TAMS 0x000000074a600000, 0x000000074a600000| Complete 
| 139|0x000000074a700000, 0x000000074a800000, 0x000000074a800000|100%| E|CS|TAMS 0x000000074a700000, 0x000000074a700000| Complete 
| 140|0x000000074a800000, 0x000000074a900000, 0x000000074a900000|100%| E|CS|TAMS 0x000000074a800000, 0x000000074a800000| Complete 
| 141|0x000000074a900000, 0x000000074aa00000, 0x000000074aa00000|100%| E|CS|TAMS 0x000000074a900000, 0x000000074a900000| Complete 
| 142|0x000000074aa00000, 0x000000074ab00000, 0x000000074ab00000|100%| E|CS|TAMS 0x000000074aa00000, 0x000000074aa00000| Complete 
| 143|0x000000074ab00000, 0x000000074ac00000, 0x000000074ac00000|100%| E|CS|TAMS 0x000000074ab00000, 0x000000074ab00000| Complete 
| 144|0x000000074ac00000, 0x000000074ad00000, 0x000000074ad00000|100%| E|CS|TAMS 0x000000074ac00000, 0x000000074ac00000| Complete 
| 145|0x000000074ad00000, 0x000000074ae00000, 0x000000074ae00000|100%| E|CS|TAMS 0x000000074ad00000, 0x000000074ad00000| Complete 
| 146|0x000000074ae00000, 0x000000074af00000, 0x000000074af00000|100%| E|CS|TAMS 0x000000074ae00000, 0x000000074ae00000| Complete 
| 147|0x000000074af00000, 0x000000074b000000, 0x000000074b000000|100%| E|CS|TAMS 0x000000074af00000, 0x000000074af00000| Complete 
| 148|0x000000074b000000, 0x000000074b100000, 0x000000074b100000|100%| E|CS|TAMS 0x000000074b000000, 0x000000074b000000| Complete 
| 149|0x000000074b100000, 0x000000074b200000, 0x000000074b200000|100%| E|CS|TAMS 0x000000074b100000, 0x000000074b100000| Complete 
| 150|0x000000074b200000, 0x000000074b300000, 0x000000074b300000|100%| E|CS|TAMS 0x000000074b200000, 0x000000074b200000| Complete 
| 151|0x000000074b300000, 0x000000074b400000, 0x000000074b400000|100%| E|CS|TAMS 0x000000074b300000, 0x000000074b300000| Complete 
| 152|0x000000074b400000, 0x000000074b500000, 0x000000074b500000|100%| E|CS|TAMS 0x000000074b400000, 0x000000074b400000| Complete 
| 153|0x000000074b500000, 0x000000074b600000, 0x000000074b600000|100%| E|CS|TAMS 0x000000074b500000, 0x000000074b500000| Complete 
| 154|0x000000074b600000, 0x000000074b700000, 0x000000074b700000|100%| E|CS|TAMS 0x000000074b600000, 0x000000074b600000| Complete 
| 155|0x000000074b700000, 0x000000074b800000, 0x000000074b800000|100%| E|CS|TAMS 0x000000074b700000, 0x000000074b700000| Complete 
| 156|0x000000074b800000, 0x000000074b900000, 0x000000074b900000|100%| E|CS|TAMS 0x000000074b800000, 0x000000074b800000| Complete 
| 157|0x000000074b900000, 0x000000074ba00000, 0x000000074ba00000|100%| E|CS|TAMS 0x000000074b900000, 0x000000074b900000| Complete 
| 158|0x000000074ba00000, 0x000000074bb00000, 0x000000074bb00000|100%| E|CS|TAMS 0x000000074ba00000, 0x000000074ba00000| Complete 
| 159|0x000000074bb00000, 0x000000074bc00000, 0x000000074bc00000|100%| E|CS|TAMS 0x000000074bb00000, 0x000000074bb00000| Complete 
| 160|0x000000074bc00000, 0x000000074bd00000, 0x000000074bd00000|100%| E|CS|TAMS 0x000000074bc00000, 0x000000074bc00000| Complete 
| 161|0x000000074bd00000, 0x000000074be00000, 0x000000074be00000|100%| E|CS|TAMS 0x000000074bd00000, 0x000000074bd00000| Complete 
| 162|0x000000074be00000, 0x000000074bf00000, 0x000000074bf00000|100%| E|CS|TAMS 0x000000074be00000, 0x000000074be00000| Complete 
| 163|0x000000074bf00000, 0x000000074c000000, 0x000000074c000000|100%| E|CS|TAMS 0x000000074bf00000, 0x000000074bf00000| Complete 
| 164|0x000000074c000000, 0x000000074c100000, 0x000000074c100000|100%| E|CS|TAMS 0x000000074c000000, 0x000000074c000000| Complete 
| 165|0x000000074c100000, 0x000000074c200000, 0x000000074c200000|100%| E|CS|TAMS 0x000000074c100000, 0x000000074c100000| Complete 
| 166|0x000000074c200000, 0x000000074c300000, 0x000000074c300000|100%| E|CS|TAMS 0x000000074c200000, 0x000000074c200000| Complete 
| 167|0x000000074c300000, 0x000000074c400000, 0x000000074c400000|100%| E|CS|TAMS 0x000000074c300000, 0x000000074c300000| Complete 
| 168|0x000000074c400000, 0x000000074c500000, 0x000000074c500000|100%| E|CS|TAMS 0x000000074c400000, 0x000000074c400000| Complete 
| 169|0x000000074c500000, 0x000000074c600000, 0x000000074c600000|100%| E|CS|TAMS 0x000000074c500000, 0x000000074c500000| Complete 
| 170|0x000000074c600000, 0x000000074c700000, 0x000000074c700000|100%| E|CS|TAMS 0x000000074c600000, 0x000000074c600000| Complete 
| 171|0x000000074c700000, 0x000000074c800000, 0x000000074c800000|100%| E|CS|TAMS 0x000000074c700000, 0x000000074c700000| Complete 
| 172|0x000000074c800000, 0x000000074c900000, 0x000000074c900000|100%| E|CS|TAMS 0x000000074c800000, 0x000000074c800000| Complete 
| 173|0x000000074c900000, 0x000000074ca00000, 0x000000074ca00000|100%| E|CS|TAMS 0x000000074c900000, 0x000000074c900000| Complete 
| 174|0x000000074ca00000, 0x000000074cb00000, 0x000000074cb00000|100%| E|CS|TAMS 0x000000074ca00000, 0x000000074ca00000| Complete 
| 175|0x000000074cb00000, 0x000000074cc00000, 0x000000074cc00000|100%| E|CS|TAMS 0x000000074cb00000, 0x000000074cb00000| Complete 
| 176|0x000000074cc00000, 0x000000074cd00000, 0x000000074cd00000|100%| E|CS|TAMS 0x000000074cc00000, 0x000000074cc00000| Complete 
| 177|0x000000074cd00000, 0x000000074ce00000, 0x000000074ce00000|100%| E|CS|TAMS 0x000000074cd00000, 0x000000074cd00000| Complete 
| 178|0x000000074ce00000, 0x000000074cf00000, 0x000000074cf00000|100%| E|CS|TAMS 0x000000074ce00000, 0x000000074ce00000| Complete 
| 179|0x000000074cf00000, 0x000000074d000000, 0x000000074d000000|100%| E|CS|TAMS 0x000000074cf00000, 0x000000074cf00000| Complete 
| 180|0x000000074d000000, 0x000000074d100000, 0x000000074d100000|100%| E|CS|TAMS 0x000000074d000000, 0x000000074d000000| Complete 
| 181|0x000000074d100000, 0x000000074d200000, 0x000000074d200000|100%| E|CS|TAMS 0x000000074d100000, 0x000000074d100000| Complete 
| 182|0x000000074d200000, 0x000000074d300000, 0x000000074d300000|100%| E|CS|TAMS 0x000000074d200000, 0x000000074d200000| Complete 
| 183|0x000000074d300000, 0x000000074d400000, 0x000000074d400000|100%| E|CS|TAMS 0x000000074d300000, 0x000000074d300000| Complete 
| 184|0x000000074d400000, 0x000000074d500000, 0x000000074d500000|100%| E|CS|TAMS 0x000000074d400000, 0x000000074d400000| Complete 
| 185|0x000000074d500000, 0x000000074d600000, 0x000000074d600000|100%| E|CS|TAMS 0x000000074d500000, 0x000000074d500000| Complete 
| 186|0x000000074d600000, 0x000000074d700000, 0x000000074d700000|100%| E|CS|TAMS 0x000000074d600000, 0x000000074d600000| Complete 
| 187|0x000000074d700000, 0x000000074d800000, 0x000000074d800000|100%| E|CS|TAMS 0x000000074d700000, 0x000000074d700000| Complete 
| 188|0x000000074d800000, 0x000000074d900000, 0x000000074d900000|100%| E|CS|TAMS 0x000000074d800000, 0x000000074d800000| Complete 
| 189|0x000000074d900000, 0x000000074da00000, 0x000000074da00000|100%| E|CS|TAMS 0x000000074d900000, 0x000000074d900000| Complete 
| 190|0x000000074da00000, 0x000000074db00000, 0x000000074db00000|100%| E|CS|TAMS 0x000000074da00000, 0x000000074da00000| Complete 
| 191|0x000000074db00000, 0x000000074dc00000, 0x000000074dc00000|100%| E|CS|TAMS 0x000000074db00000, 0x000000074db00000| Complete 
| 192|0x000000074dc00000, 0x000000074dd00000, 0x000000074dd00000|100%| E|CS|TAMS 0x000000074dc00000, 0x000000074dc00000| Complete 
| 193|0x000000074dd00000, 0x000000074de00000, 0x000000074de00000|100%| E|CS|TAMS 0x000000074dd00000, 0x000000074dd00000| Complete 
| 194|0x000000074de00000, 0x000000074df00000, 0x000000074df00000|100%| E|CS|TAMS 0x000000074de00000, 0x000000074de00000| Complete 
| 195|0x000000074df00000, 0x000000074e000000, 0x000000074e000000|100%| E|CS|TAMS 0x000000074df00000, 0x000000074df00000| Complete 
| 196|0x000000074e000000, 0x000000074e100000, 0x000000074e100000|100%| E|CS|TAMS 0x000000074e000000, 0x000000074e000000| Complete 
| 197|0x000000074e100000, 0x000000074e200000, 0x000000074e200000|100%| E|CS|TAMS 0x000000074e100000, 0x000000074e100000| Complete 
| 198|0x000000074e200000, 0x000000074e300000, 0x000000074e300000|100%| E|CS|TAMS 0x000000074e200000, 0x000000074e200000| Complete 
| 199|0x000000074e300000, 0x000000074e400000, 0x000000074e400000|100%| E|CS|TAMS 0x000000074e300000, 0x000000074e300000| Complete 
| 200|0x000000074e400000, 0x000000074e500000, 0x000000074e500000|100%| E|CS|TAMS 0x000000074e400000, 0x000000074e400000| Complete 
| 201|0x000000074e500000, 0x000000074e600000, 0x000000074e600000|100%| E|CS|TAMS 0x000000074e500000, 0x000000074e500000| Complete 
| 202|0x000000074e600000, 0x000000074e700000, 0x000000074e700000|100%| E|CS|TAMS 0x000000074e600000, 0x000000074e600000| Complete 
| 203|0x000000074e700000, 0x000000074e800000, 0x000000074e800000|100%| E|CS|TAMS 0x000000074e700000, 0x000000074e700000| Complete 
| 204|0x000000074e800000, 0x000000074e900000, 0x000000074e900000|100%| E|CS|TAMS 0x000000074e800000, 0x000000074e800000| Complete 
| 205|0x000000074e900000, 0x000000074ea00000, 0x000000074ea00000|100%| E|CS|TAMS 0x000000074e900000, 0x000000074e900000| Complete 
| 206|0x000000074ea00000, 0x000000074eb00000, 0x000000074eb00000|100%| E|CS|TAMS 0x000000074ea00000, 0x000000074ea00000| Complete 
| 207|0x000000074eb00000, 0x000000074ec00000, 0x000000074ec00000|100%| E|CS|TAMS 0x000000074eb00000, 0x000000074eb00000| Complete 
| 208|0x000000074ec00000, 0x000000074ed00000, 0x000000074ed00000|100%| E|CS|TAMS 0x000000074ec00000, 0x000000074ec00000| Complete 
| 209|0x000000074ed00000, 0x000000074ee00000, 0x000000074ee00000|100%| E|CS|TAMS 0x000000074ed00000, 0x000000074ed00000| Complete 
| 210|0x000000074ee00000, 0x000000074ef00000, 0x000000074ef00000|100%| E|CS|TAMS 0x000000074ee00000, 0x000000074ee00000| Complete 
| 211|0x000000074ef00000, 0x000000074f000000, 0x000000074f000000|100%| E|CS|TAMS 0x000000074ef00000, 0x000000074ef00000| Complete 
| 212|0x000000074f000000, 0x000000074f100000, 0x000000074f100000|100%| E|CS|TAMS 0x000000074f000000, 0x000000074f000000| Complete 
| 213|0x000000074f100000, 0x000000074f200000, 0x000000074f200000|100%| E|CS|TAMS 0x000000074f100000, 0x000000074f100000| Complete 
| 214|0x000000074f200000, 0x000000074f300000, 0x000000074f300000|100%| E|CS|TAMS 0x000000074f200000, 0x000000074f200000| Complete 
| 215|0x000000074f300000, 0x000000074f400000, 0x000000074f400000|100%| E|CS|TAMS 0x000000074f300000, 0x000000074f300000| Complete 
| 216|0x000000074f400000, 0x000000074f500000, 0x000000074f500000|100%| E|CS|TAMS 0x000000074f400000, 0x000000074f400000| Complete 
| 217|0x000000074f500000, 0x000000074f600000, 0x000000074f600000|100%| E|CS|TAMS 0x000000074f500000, 0x000000074f500000| Complete 
| 218|0x000000074f600000, 0x000000074f700000, 0x000000074f700000|100%| E|CS|TAMS 0x000000074f600000, 0x000000074f600000| Complete 
| 219|0x000000074f700000, 0x000000074f800000, 0x000000074f800000|100%| E|CS|TAMS 0x000000074f700000, 0x000000074f700000| Complete 
| 220|0x000000074f800000, 0x000000074f900000, 0x000000074f900000|100%| E|CS|TAMS 0x000000074f800000, 0x000000074f800000| Complete 
| 221|0x000000074f900000, 0x000000074fa00000, 0x000000074fa00000|100%| E|CS|TAMS 0x000000074f900000, 0x000000074f900000| Complete 
| 222|0x000000074fa00000, 0x000000074fb00000, 0x000000074fb00000|100%| E|CS|TAMS 0x000000074fa00000, 0x000000074fa00000| Complete 
| 223|0x000000074fb00000, 0x000000074fc00000, 0x000000074fc00000|100%| E|CS|TAMS 0x000000074fb00000, 0x000000074fb00000| Complete 
| 224|0x000000074fc00000, 0x000000074fd00000, 0x000000074fd00000|100%| E|CS|TAMS 0x000000074fc00000, 0x000000074fc00000| Complete 
| 225|0x000000074fd00000, 0x000000074fe00000, 0x000000074fe00000|100%| E|CS|TAMS 0x000000074fd00000, 0x000000074fd00000| Complete 
| 226|0x000000074fe00000, 0x000000074ff00000, 0x000000074ff00000|100%| E|CS|TAMS 0x000000074fe00000, 0x000000074fe00000| Complete 
| 227|0x000000074ff00000, 0x0000000750000000, 0x0000000750000000|100%| E|CS|TAMS 0x000000074ff00000, 0x000000074ff00000| Complete 
| 228|0x0000000750000000, 0x0000000750100000, 0x0000000750100000|100%| E|CS|TAMS 0x0000000750000000, 0x0000000750000000| Complete 
| 229|0x0000000750100000, 0x0000000750200000, 0x0000000750200000|100%| E|CS|TAMS 0x0000000750100000, 0x0000000750100000| Complete 
| 230|0x0000000750200000, 0x0000000750300000, 0x0000000750300000|100%| E|CS|TAMS 0x0000000750200000, 0x0000000750200000| Complete 
| 231|0x0000000750300000, 0x0000000750400000, 0x0000000750400000|100%| E|CS|TAMS 0x0000000750300000, 0x0000000750300000| Complete 
| 232|0x0000000750400000, 0x0000000750500000, 0x0000000750500000|100%| E|CS|TAMS 0x0000000750400000, 0x0000000750400000| Complete 

Card table byte_map: [0x000001b5aa3a0000,0x000001b5aa9a0000] _byte_map_base: 0x000001b5a6992000

Marking Bits (Prev, Next): (CMBitMap*) 0x000001b59293e9d8, (CMBitMap*) 0x000001b59293ea10
 Prev Bits: [0x000001b5aafa0000, 0x000001b5adf30000)
 Next Bits: [0x000001b5adf30000, 0x000001b5b0ec0000)

Polling page: 0x000001b5907f0000

Metaspace:

Usage:
  Non-class:     48.74 MB capacity,    47.62 MB ( 98%) used,   932.13 KB (  2%) free+waste,   213.19 KB ( <1%) overhead. 
      Class:      7.43 MB capacity,     6.72 MB ( 90%) used,   621.84 KB (  8%) free+waste,   103.56 KB (  1%) overhead. 
       Both:     56.17 MB capacity,    54.34 MB ( 97%) used,     1.52 MB (  3%) free+waste,   316.75 KB ( <1%) overhead. 

Virtual space:
  Non-class space:       50.00 MB reserved,      48.92 MB ( 98%) committed 
      Class space:        1.00 GB reserved,       7.48 MB ( <1%) committed 
             Both:        1.05 GB reserved,      56.40 MB (  5%) committed 

Chunk freelists:
   Non-Class:  7.50 KB
       Class:  1.25 KB
        Both:  8.75 KB

CodeHeap 'non-profiled nmethods': size=238912Kb used=11600Kb max_used=11600Kb free=227311Kb
 bounds [0x000001b59b450000, 0x000001b59bfb0000, 0x000001b5a9da0000]
CodeHeap 'non-nmethods': size=6848Kb used=1308Kb max_used=1308Kb free=5539Kb
 bounds [0x000001b59ada0000, 0x000001b59b010000, 0x000001b59b450000]
 total_blobs=7379 nmethods=6797 adapters=514
 compilation: enabled
              stopped_count=0, restarted_count=0
 full_count=0

Compilation events (10 events):
Event: 50.092 Thread 0x000001b5b3c87800 6793       1       org.apache.tomcat.util.buf.AbstractChunk::<init> (20 bytes)
Event: 50.092 Thread 0x000001b5b3c87800 nmethod 6793 0x000001b59bfa2610 code [0x000001b59bfa27a0, 0x000001b59bfa2878]
Event: 50.093 Thread 0x000001b5b3c87800 6795       1       org.apache.tomcat.util.buf.ByteChunk::equalsIgnoreCase (76 bytes)
Event: 50.094 Thread 0x000001b5b3c87800 nmethod 6795 0x000001b59bfa2910 code [0x000001b59bfa2ae0, 0x000001b59bfa2eb8]
Event: 50.094 Thread 0x000001b5b3c87800 6794       1       org.apache.tomcat.util.buf.MessageBytes::equalsIgnoreCase (78 bytes)
Event: 50.094 Thread 0x000001b5b3c87800 nmethod 6794 0x000001b59bfa3290 code [0x000001b59bfa3460, 0x000001b59bfa3648]
Event: 50.096 Thread 0x000001b5b3c87800 6796       1       org.apache.tomcat.util.http.fileupload.MultipartStream::readByte (92 bytes)
Event: 50.096 Thread 0x000001b5b3c87800 nmethod 6796 0x000001b59bfa3790 code [0x000001b59bfa3960, 0x000001b59bfa3c28]
Event: 50.096 Thread 0x000001b5b3c87800 6797       1       org.apache.tomcat.util.http.fileupload.ParameterParser::isOneOf (46 bytes)
Event: 50.096 Thread 0x000001b5b3c87800 nmethod 6797 0x000001b59bfa3e10 code [0x000001b59bfa3fa0, 0x000001b59bfa4098]

GC Heap History (10 events):
Event: 4.367 GC heap before
{Heap before GC invocations=3 (full 0):
 garbage-first heap   total 196608K, used 40876K [0x0000000741c00000, 0x0000000800000000)
  region size 1024K, 35 young (35840K), 3 survivors (3072K)
 Metaspace       used 20581K, capacity 21205K, committed 21296K, reserved 1069056K
  class space    used 2381K, capacity 2643K, committed 2688K, reserved 1048576K
}
Event: 4.373 GC heap after
{Heap after GC invocations=4 (full 0):
 garbage-first heap   total 196608K, used 10767K [0x0000000741c00000, 0x0000000800000000)
  region size 1024K, 4 young (4096K), 4 survivors (4096K)
 Metaspace       used 20581K, capacity 21205K, committed 21296K, reserved 1069056K
  class space    used 2381K, capacity 2643K, committed 2688K, reserved 1048576K
}
Event: 5.621 GC heap before
{Heap before GC invocations=5 (full 0):
 garbage-first heap   total 196608K, used 123407K [0x0000000741c00000, 0x0000000800000000)
  region size 1024K, 115 young (117760K), 4 survivors (4096K)
 Metaspace       used 29419K, capacity 30551K, committed 30768K, reserved 1077248K
  class space    used 3543K, capacity 3956K, committed 3968K, reserved 1048576K
}
Event: 5.633 GC heap after
{Heap after GC invocations=6 (full 0):
 garbage-first heap   total 196608K, used 15074K [0x0000000741c00000, 0x0000000800000000)
  region size 1024K, 8 young (8192K), 8 survivors (8192K)
 Metaspace       used 29419K, capacity 30551K, committed 30768K, reserved 1077248K
  class space    used 3543K, capacity 3956K, committed 3968K, reserved 1048576K
}
Event: 6.402 GC heap before
{Heap before GC invocations=6 (full 0):
 garbage-first heap   total 196608K, used 70370K [0x0000000741c00000, 0x0000000800000000)
  region size 1024K, 63 young (64512K), 8 survivors (8192K)
 Metaspace       used 34680K, capacity 35900K, committed 35920K, reserved 1081344K
  class space    used 4271K, capacity 4748K, committed 4768K, reserved 1048576K
}
Event: 6.418 GC heap after
{Heap after GC invocations=7 (full 0):
 garbage-first heap   total 196608K, used 17460K [0x0000000741c00000, 0x0000000800000000)
  region size 1024K, 9 young (9216K), 9 survivors (9216K)
 Metaspace       used 34680K, capacity 35900K, committed 35920K, reserved 1081344K
  class space    used 4271K, capacity 4748K, committed 4768K, reserved 1048576K
}
Event: 7.301 GC heap before
{Heap before GC invocations=8 (full 0):
 garbage-first heap   total 196608K, used 124980K [0x0000000741c00000, 0x0000000800000000)
  region size 1024K, 115 young (117760K), 9 survivors (9216K)
 Metaspace       used 41892K, capacity 43358K, committed 43676K, reserved 1087488K
  class space    used 5178K, capacity 5783K, committed 5868K, reserved 1048576K
}
Event: 7.320 GC heap after
{Heap after GC invocations=9 (full 0):
 garbage-first heap   total 196608K, used 20403K [0x0000000741c00000, 0x0000000800000000)
  region size 1024K, 10 young (10240K), 10 survivors (10240K)
 Metaspace       used 41892K, capacity 43358K, committed 43676K, reserved 1087488K
  class space    used 5178K, capacity 5783K, committed 5868K, reserved 1048576K
}
Event: 8.362 GC heap before
{Heap before GC invocations=9 (full 0):
 garbage-first heap   total 196608K, used 127923K [0x0000000741c00000, 0x0000000800000000)
  region size 1024K, 115 young (117760K), 10 survivors (10240K)
 Metaspace       used 48981K, capacity 50661K, committed 50844K, reserved 1093632K
  class space    used 6075K, capacity 6783K, committed 6892K, reserved 1048576K
}
Event: 8.385 GC heap after
{Heap after GC invocations=10 (full 0):
 garbage-first heap   total 238592K, used 24796K [0x0000000741c00000, 0x0000000800000000)
  region size 1024K, 11 young (11264K), 11 survivors (11264K)
 Metaspace       used 48981K, capacity 50661K, committed 50844K, reserved 1093632K
  class space    used 6075K, capacity 6783K, committed 6892K, reserved 1048576K
}

Deoptimization events (0 events):
No events

Classes redefined (0 events):
No events

Internal exceptions (10 events):
Event: 8.618 Thread 0x000001b5b52b3000 Exception <a 'java/lang/ClassNotFoundException'{0x000000074f27d5e0}: org/springframework/beans/factory/DisposableBeanCustomizer> (0x000000074f27d5e0) thrown at [./open/src/hotspot/share/classfile/systemDictionary.cpp, line 228]
Event: 8.836 Thread 0x000001b5b52b3000 Exception <a 'java/lang/NoSuchMethodError'{0x000000074d222210}: java.lang.invoke.DirectMethodHandle$Holder.invokeSpecial(Ljava/lang/Object;Ljava/lang/Object;ILjava/lang/Object;ILjava/lang/Object;)Ljava/lang/Object;> (0x000000074d222210) thrown at [./open/
Event: 8.836 Thread 0x000001b5b52b3000 Exception <a 'java/lang/NoSuchMethodError'{0x000000074d229998}: java.lang.invoke.DirectMethodHandle$Holder.invokeStatic(Ljava/lang/Object;Ljava/lang/Object;ILjava/lang/Object;I)Ljava/lang/Object;> (0x000000074d229998) thrown at [./open/src/hotspot/share/i
Event: 8.836 Thread 0x000001b5b52b3000 Exception <a 'java/lang/NoSuchMethodError'{0x000000074d22d170}: java.lang.invoke.DirectMethodHandle$Holder.invokeSpecial(Ljava/lang/Object;Ljava/lang/Object;Ljava/lang/Object;ILjava/lang/Object;I)Ljava/lang/Object;> (0x000000074d22d170) thrown at [./open/
Event: 8.838 Thread 0x000001b5b52b3000 Exception <a 'java/lang/NoSuchMethodError'{0x000000074d2392c8}: java.lang.invoke.DirectMethodHandle$Holder.invokeVirtual(Ljava/lang/Object;Ljava/lang/Object;)V> (0x000000074d2392c8) thrown at [./open/src/hotspot/share/interpreter/linkResolver.cpp, line 77
Event: 9.049 Thread 0x000001b5b52b3000 Exception <a 'java/lang/ClassNotFoundException'{0x000000074c037d58}: org/springframework/ui/ModelBeanInfo> (0x000000074c037d58) thrown at [./open/src/hotspot/share/classfile/systemDictionary.cpp, line 228]
Event: 9.050 Thread 0x000001b5b52b3000 Exception <a 'java/lang/ClassNotFoundException'{0x000000074c046420}: org/springframework/ui/ModelCustomizer> (0x000000074c046420) thrown at [./open/src/hotspot/share/classfile/systemDictionary.cpp, line 228]
Event: 9.223 Thread 0x000001b5b52b3000 Exception <a 'java/lang/ClassNotFoundException'{0x000000074b5a8f28}: > (0x000000074b5a8f28) thrown at [./open/src/hotspot/share/prims/jni.cpp, line 632]
Event: 9.416 Thread 0x000001b5b52b3000 Exception <a 'java/lang/ClassNotFoundException'{0x000000074a3048d8}: > (0x000000074a3048d8) thrown at [./open/src/hotspot/share/prims/jni.cpp, line 632]
Event: 37.769 Thread 0x000001b5b7af4800 Exception <a 'java/lang/NoSuchMethodError'{0x0000000749072b40}: java.lang.invoke.DirectMethodHandle$Holder.invokeSpecial(Ljava/lang/Object;Ljava/lang/Object;Ljava/lang/Object;Ljava/lang/Object;Ljava/lang/Object;Ljava/lang/Object;Ljava/lang/Object;)V> (0x0

Events (10 events):
Event: 50.091 Executing VM operation: RevokeBias
Event: 50.091 Executing VM operation: RevokeBias done
Event: 50.091 Executing VM operation: RevokeBias
Event: 50.091 Executing VM operation: RevokeBias done
Event: 50.161 Executing VM operation: RevokeBias
Event: 50.161 Executing VM operation: RevokeBias done
Event: 50.190 Executing VM operation: RevokeBias
Event: 50.190 Executing VM operation: RevokeBias done
Event: 50.190 Executing VM operation: RevokeBias
Event: 50.190 Executing VM operation: RevokeBias done


Dynamic libraries:
0x00007ff7a0e00000 - 0x00007ff7a0e0f000 	C:\Program Files\Java\jdk-11.0.12\bin\java.exe
0x00007fff4d410000 - 0x00007fff4d605000 	C:\WINDOWS\SYSTEM32\ntdll.dll
0x00007fff4cea0000 - 0x00007fff4cf5e000 	C:\WINDOWS\System32\KERNEL32.DLL
0x00007fff4af50000 - 0x00007fff4b218000 	C:\WINDOWS\System32\KERNELBASE.dll
0x00007fff4adc0000 - 0x00007fff4aec0000 	C:\WINDOWS\System32\ucrtbase.dll
0x00007fff45d00000 - 0x00007fff45d18000 	C:\Program Files\Java\jdk-11.0.12\bin\jli.dll
0x00007fff4c550000 - 0x00007fff4c5fc000 	C:\WINDOWS\System32\ADVAPI32.dll
0x00007fff4c940000 - 0x00007fff4c9de000 	C:\WINDOWS\System32\msvcrt.dll
0x00007fff4c880000 - 0x00007fff4c91b000 	C:\WINDOWS\System32\sechost.dll
0x00007fff4d290000 - 0x00007fff4d3ba000 	C:\WINDOWS\System32\RPCRT4.dll
0x00007fff4c6d0000 - 0x00007fff4c871000 	C:\WINDOWS\System32\USER32.dll
0x00007fff4abd0000 - 0x00007fff4abf2000 	C:\WINDOWS\System32\win32u.dll
0x00007fff4b8e0000 - 0x00007fff4b90b000 	C:\WINDOWS\System32\GDI32.dll
0x00007fff4b340000 - 0x00007fff4b44d000 	C:\WINDOWS\System32\gdi32full.dll
0x00007fff4b250000 - 0x00007fff4b2ed000 	C:\WINDOWS\System32\msvcp_win.dll
0x00007fff37640000 - 0x00007fff378da000 	C:\WINDOWS\WinSxS\amd64_microsoft.windows.common-controls_6595b64144ccf1df_6.0.19041.1110_none_60b5254171f9507e\COMCTL32.dll
0x00007fff3ec00000 - 0x00007fff3ec0a000 	C:\WINDOWS\SYSTEM32\VERSION.dll
0x00007fff45ce0000 - 0x00007fff45cf5000 	C:\Program Files\Java\jdk-11.0.12\bin\VCRUNTIME140.dll
0x00007fff4ce70000 - 0x00007fff4cea0000 	C:\WINDOWS\System32\IMM32.DLL
0x00007fff446b0000 - 0x00007fff4474b000 	C:\Program Files\Java\jdk-11.0.12\bin\msvcp140.dll
0x00007fff03200000 - 0x00007fff03cff000 	C:\Program Files\Java\jdk-11.0.12\bin\server\jvm.dll
0x00007fff4c9e0000 - 0x00007fff4c9e8000 	C:\WINDOWS\System32\PSAPI.DLL
0x00007fff49280000 - 0x00007fff49289000 	C:\WINDOWS\SYSTEM32\WSOCK32.dll
0x00007fff4d1c0000 - 0x00007fff4d22b000 	C:\WINDOWS\System32\WS2_32.dll
0x00007fff37a90000 - 0x00007fff37ab7000 	C:\WINDOWS\SYSTEM32\WINMM.dll
0x00007fff493a0000 - 0x00007fff493b2000 	C:\WINDOWS\SYSTEM32\kernel.appcore.dll
0x00007fff45d40000 - 0x00007fff45d50000 	C:\Program Files\Java\jdk-11.0.12\bin\verify.dll
0x00007fff488c0000 - 0x00007fff48aa4000 	C:\WINDOWS\SYSTEM32\DBGHELP.DLL
0x00007fff31790000 - 0x00007fff317bc000 	C:\WINDOWS\SYSTEM32\dbgcore.DLL
0x00007fff4aec0000 - 0x00007fff4af42000 	C:\WINDOWS\System32\bcryptPrimitives.dll
0x00007fff44630000 - 0x00007fff44658000 	C:\Program Files\Java\jdk-11.0.12\bin\java.dll
0x00007fff45cd0000 - 0x00007fff45cda000 	C:\Program Files\Java\jdk-11.0.12\bin\jimage.dll
0x00007fff368c0000 - 0x00007fff368f8000 	C:\Program Files\Java\jdk-11.0.12\bin\jdwp.dll
0x00007fff44620000 - 0x00007fff4462e000 	C:\Program Files\Java\jdk-11.0.12\bin\instrument.dll
0x00007fff445d0000 - 0x00007fff445e6000 	C:\Program Files\Java\jdk-11.0.12\bin\zip.dll
0x00007fff4b910000 - 0x00007fff4c054000 	C:\WINDOWS\System32\SHELL32.dll
0x00007fff48ab0000 - 0x00007fff49244000 	C:\WINDOWS\SYSTEM32\windows.storage.dll
0x00007fff4b450000 - 0x00007fff4b7a5000 	C:\WINDOWS\System32\combase.dll
0x00007fff4a570000 - 0x00007fff4a59e000 	C:\WINDOWS\SYSTEM32\Wldp.dll
0x00007fff4d110000 - 0x00007fff4d1bd000 	C:\WINDOWS\System32\SHCORE.dll
0x00007fff4c4e0000 - 0x00007fff4c535000 	C:\WINDOWS\System32\shlwapi.dll
0x00007fff4aa60000 - 0x00007fff4aa7f000 	C:\WINDOWS\SYSTEM32\profapi.dll
0x00007fff44610000 - 0x00007fff4461a000 	C:\Program Files\Java\jdk-11.0.12\bin\dt_socket.dll
0x00007fff4a2d0000 - 0x00007fff4a33a000 	C:\WINDOWS\system32\mswsock.dll
0x00007fff1b830000 - 0x00007fff1b849000 	C:\Program Files\Java\jdk-11.0.12\bin\net.dll
0x00007fff422f0000 - 0x00007fff423fc000 	C:\WINDOWS\SYSTEM32\WINHTTP.dll
0x00007fff192a0000 - 0x00007fff192b2000 	C:\Program Files\Java\jdk-11.0.12\bin\nio.dll
0x00007fff49fc0000 - 0x00007fff4a08b000 	C:\WINDOWS\SYSTEM32\DNSAPI.dll
0x00007fff49f70000 - 0x00007fff49fab000 	C:\WINDOWS\SYSTEM32\IPHLPAPI.DLL
0x00007fff4d3c0000 - 0x00007fff4d3c8000 	C:\WINDOWS\System32\NSI.dll
0x00007fff425e0000 - 0x00007fff425ea000 	C:\Windows\System32\rasadhlp.dll
0x00007fff3c440000 - 0x00007fff3c4bf000 	C:\WINDOWS\System32\fwpuclnt.dll
0x00007fff4b220000 - 0x00007fff4b247000 	C:\WINDOWS\System32\bcrypt.dll
0x00007fff389b0000 - 0x00007fff389b9000 	C:\Program Files\Java\jdk-11.0.12\bin\management.dll
0x00007fff368b0000 - 0x00007fff368bb000 	C:\Program Files\Java\jdk-11.0.12\bin\management_ext.dll
0x00007fff4a4d0000 - 0x00007fff4a4e8000 	C:\WINDOWS\SYSTEM32\CRYPTSP.dll
0x00007fff49be0000 - 0x00007fff49c14000 	C:\WINDOWS\system32\rsaenh.dll
0x00007fff4a9e0000 - 0x00007fff4aa0e000 	C:\WINDOWS\SYSTEM32\USERENV.dll
0x00007fff4a4c0000 - 0x00007fff4a4cc000 	C:\WINDOWS\SYSTEM32\CRYPTBASE.dll
0x00007fff42810000 - 0x00007fff42827000 	C:\WINDOWS\SYSTEM32\dhcpcsvc6.DLL
0x00007fff427d0000 - 0x00007fff427ed000 	C:\WINDOWS\SYSTEM32\dhcpcsvc.DLL
0x00007fff23770000 - 0x00007fff23787000 	C:\WINDOWS\system32\napinsp.dll
0x00007fff23750000 - 0x00007fff2376b000 	C:\WINDOWS\system32\pnrpnsp.dll
0x00007fff45150000 - 0x00007fff45165000 	C:\WINDOWS\system32\wshbth.dll
0x00007fff45ca0000 - 0x00007fff45cbd000 	C:\WINDOWS\system32\NLAapi.dll
0x00007fff23730000 - 0x00007fff23742000 	C:\WINDOWS\System32\winrnr.dll
0x00007fff49810000 - 0x00007fff49843000 	C:\WINDOWS\SYSTEM32\ntmarta.dll
0x0000000180000000 - 0x0000000180031000 	C:\Users\ASUS\AppData\Local\Temp\jna10200833307127260143.tmp
0x00007fff445f0000 - 0x00007fff44607000 	D:\code\finalDesign\sdk\faceEngine\Release\FaceEngineSDK.dll
0x00007fff15b80000 - 0x00007fff15baf000 	D:\code\finalDesign\sdk\faceEngine\Release\SeetaFaceDetector600.dll
0x00007fff143b0000 - 0x00007fff143df000 	D:\code\finalDesign\sdk\faceEngine\Release\SeetaFaceLandmarker600.dll
0x00007fff14380000 - 0x00007fff143af000 	D:\code\finalDesign\sdk\faceEngine\Release\SeetaGenderPredictor600.dll
0x00007ffedd2b0000 - 0x00007ffee0888000 	D:\code\finalDesign\sdk\faceEngine\Release\opencv_world3413.dll
0x00007fff0c1c0000 - 0x00007fff0c208000 	D:\code\finalDesign\sdk\faceEngine\Release\SeetaFaceRecognizer610.dll
0x00007fff04d70000 - 0x00007fff04da4000 	D:\code\finalDesign\sdk\faceEngine\Release\SeetaQualityAssessor300.dll
0x00007fff4b7b0000 - 0x00007fff4b8da000 	C:\WINDOWS\System32\ole32.dll
0x00007fff4c600000 - 0x00007fff4c6cd000 	C:\WINDOWS\System32\OLEAUT32.dll
0x00007fff19280000 - 0x00007fff19293000 	D:\code\finalDesign\sdk\faceEngine\Release\SeetaFaceTracking600.dll
0x00007fff4c350000 - 0x00007fff4c42a000 	C:\WINDOWS\System32\COMDLG32.dll
0x00007fff0c190000 - 0x00007fff0c1bf000 	D:\code\finalDesign\sdk\faceEngine\Release\SeetaAgePredictor600.dll
0x00007fff04d20000 - 0x00007fff04d61000 	D:\code\finalDesign\sdk\faceEngine\Release\SeetaFaceAntiSpoofingX600.dll
0x00007fff04ce0000 - 0x00007fff04d16000 	D:\code\finalDesign\sdk\faceEngine\Release\SeetaAuthorize.dll
0x00007fff04a10000 - 0x00007fff04cd4000 	D:\code\finalDesign\sdk\faceEngine\Release\tennis.dll
0x00007fff09cc0000 - 0x00007fff09ceb000 	D:\code\finalDesign\sdk\faceEngine\Release\SeetaPoseEstimation600.dll
0x00007fff02660000 - 0x00007fff026ae000 	C:\WINDOWS\SYSTEM32\CONCRT140.dll
0x00007fff0d690000 - 0x00007fff0d84c000 	C:\WINDOWS\SYSTEM32\MFPlat.DLL
0x00007fff20980000 - 0x00007fff20a04000 	C:\WINDOWS\SYSTEM32\MF.dll
0x00007fff4b2f0000 - 0x00007fff4b33e000 	C:\WINDOWS\System32\cfgmgr32.dll
0x00007fff0ee50000 - 0x00007fff0ef5a000 	C:\WINDOWS\SYSTEM32\MFReadWrite.dll
0x00007fff04630000 - 0x00007fff04661000 	C:\WINDOWS\SYSTEM32\VCOMP140.DLL
0x00007fff353b0000 - 0x00007fff353bc000 	C:\WINDOWS\SYSTEM32\VCRUNTIME140_1.dll
0x00007ffee4330000 - 0x00007ffee47c1000 	C:\WINDOWS\SYSTEM32\MFCORE.DLL
0x00007fff4ac00000 - 0x00007fff4ad56000 	C:\WINDOWS\System32\CRYPT32.dll
0x00007fff4a0e0000 - 0x00007fff4a12b000 	C:\WINDOWS\SYSTEM32\powrprof.dll
0x00007fff44470000 - 0x00007fff44479000 	C:\WINDOWS\SYSTEM32\ksuser.dll
0x00007fff39c20000 - 0x00007fff39c56000 	C:\WINDOWS\SYSTEM32\RTWorkQ.DLL
0x00007fff49f50000 - 0x00007fff49f62000 	C:\WINDOWS\SYSTEM32\UMPDC.dll
0x00007fff47f60000 - 0x00007fff47ffe000 	C:\WINDOWS\system32\uxtheme.dll
0x00007fff01700000 - 0x00007fff01853000 	E:\fences\FencesMenu64.dll
0x00007fff49260000 - 0x00007fff49274000 	C:\WINDOWS\SYSTEM32\WTSAPI32.dll
0x00007fff378e0000 - 0x00007fff37a89000 	C:\WINDOWS\WinSxS\amd64_microsoft.windows.gdiplus_6595b64144ccf1df_1.1.19041.1348_none_91a2627ccc89e3fb\gdiplus.dll
0x00007fff4c430000 - 0x00007fff4c4d9000 	C:\WINDOWS\System32\clbcatq.dll
0x00007fff43510000 - 0x00007fff43547000 	C:\WINDOWS\SYSTEM32\CompPkgSup.DLL
0x00007ffef04a0000 - 0x00007ffef0bc9000 	C:\Windows\System32\Windows.Media.dll
0x00007fff42c10000 - 0x00007fff42cf6000 	C:\Windows\System32\Windows.ApplicationModel.dll
0x00007fff429e0000 - 0x00007fff42be1000 	C:\Windows\System32\twinapi.appcore.dll
0x00007fff42830000 - 0x00007fff42929000 	C:\Windows\System32\AppXDeploymentClient.dll
0x00007fff36900000 - 0x00007fff36a46000 	C:\Windows\System32\Windows.StateRepositoryPS.dll
0x00007fff45ee0000 - 0x00007fff46034000 	C:\Windows\System32\WinTypes.dll
0x00007ffefc8a0000 - 0x00007ffefcaa6000 	C:\WINDOWS\System32\mfmp4srcsnk.dll
0x00007fff137e0000 - 0x00007fff13a5b000 	C:\Windows\System32\msmpeg2vdec.dll
0x00007fff0c210000 - 0x00007fff0c33d000 	C:\Windows\System32\mfperfhelper.dll
0x00007fff006b0000 - 0x00007fff00812000 	C:\WINDOWS\System32\msvproc.dll
0x00007ffefc670000 - 0x00007ffefc6ac000 	C:\Windows\System32\colorcnv.dll
0x00007fff36550000 - 0x00007fff3655b000 	C:\Windows\System32\msdmo.dll
0x00007fff43d80000 - 0x00007fff43d8a000 	C:\WINDOWS\SYSTEM32\avrt.dll

dbghelp: loaded successfully - version: 4.0.5 - missing functions: none
symbol engine: initialized successfully - sym options: 0x614 - pdb path: .;C:\Program Files\Java\jdk-11.0.12\bin;C:\WINDOWS\SYSTEM32;C:\WINDOWS\WinSxS\amd64_microsoft.windows.common-controls_6595b64144ccf1df_6.0.19041.1110_none_60b5254171f9507e;C:\Program Files\Java\jdk-11.0.12\bin\server;C:\Users\ASUS\AppData\Local\Temp;D:\code\finalDesign\sdk\faceEngine\Release;E:\fences;C:\WINDOWS\WinSxS\amd64_microsoft.windows.gdiplus_6595b64144ccf1df_1.1.19041.1348_none_91a2627ccc89e3fb

VM Arguments:
jvm_args: -agentlib:jdwp=transport=dt_socket,address=127.0.0.1:49201,suspend=y,server=n -XX:TieredStopAtLevel=1 -Xverify:none -Dspring.output.ansi.enabled=always -Dcom.sun.management.jmxremote -Dspring.jmx.enabled=true -Dspring.liveBeansView.mbeanDomain -Dspring.application.admin.enabled=true -javaagent:C:\Users\ASUS\.IntelliJIdea2019.3\system\captureAgent\debugger-agent.jar -Dfile.encoding=UTF-8 
java_command: com.teqgin.image_laboratory.ImageLaboratoryApplication
java_class_path (initial): D:\code\finalDesign\image_laboratory\target\classes;C:\Users\ASUS\.m2\repository\org\springframework\boot\spring-boot-starter-jdbc\2.5.4\spring-boot-starter-jdbc-2.5.4.jar;C:\Users\ASUS\.m2\repository\org\springframework\boot\spring-boot-starter\2.5.4\spring-boot-starter-2.5.4.jar;C:\Users\ASUS\.m2\repository\org\springframework\boot\spring-boot-starter-logging\2.5.4\spring-boot-starter-logging-2.5.4.jar;C:\Users\ASUS\.m2\repository\ch\qos\logback\logback-classic\1.2.5\logback-classic-1.2.5.jar;C:\Users\ASUS\.m2\repository\ch\qos\logback\logback-core\1.2.5\logback-core-1.2.5.jar;C:\Users\ASUS\.m2\repository\org\apache\logging\log4j\log4j-to-slf4j\2.14.1\log4j-to-slf4j-2.14.1.jar;C:\Users\ASUS\.m2\repository\org\apache\logging\log4j\log4j-api\2.14.1\log4j-api-2.14.1.jar;C:\Users\ASUS\.m2\repository\org\slf4j\jul-to-slf4j\1.7.32\jul-to-slf4j-1.7.32.jar;C:\Users\ASUS\.m2\repository\jakarta\annotation\jakarta.annotation-api\1.3.5\jakarta.annotation-api-1.3.5.jar;C:\Users\ASUS\.m2\repository\org\yaml\snakeyaml\1.28\snakeyaml-1.28.jar;C:\Users\ASUS\.m2\repository\com\zaxxer\HikariCP\4.0.3\HikariCP-4.0.3.jar;C:\Users\ASUS\.m2\repository\org\springframework\spring-jdbc\5.3.9\spring-jdbc-5.3.9.jar;C:\Users\ASUS\.m2\repository\org\springframework\spring-beans\5.3.9\spring-beans-5.3.9.jar;C:\Users\ASUS\.m2\repository\org\springframework\spring-tx\5.3.9\spring-tx-5.3.9.jar;C:\Users\ASUS\.m2\repository\org\springframework\boot\spring-boot-starter-data-redis\2.5.4\spring-boot-starter-data-redis-2.5.4.jar;C:\Users\ASUS\.m2\repository\org\springframework\data\spring-data-redis\2.5.4\spring-data-redis-2.5.4.jar;C:\Users\ASUS\.m2\repository\org\springframework\data\spring-data-keyvalue\2.5.4\spring-data-keyvalue-2.5.4.jar;C:\Users\ASUS\.m2\repository\org\springframework\data\spring-data-commons\2.5.4\spring-data-commons-2.5.4.jar;C:\Users\ASUS\.m2\repository\org\springframework\spring-oxm\5.3.9\spring-oxm-5.3.9.jar;C:\Users\ASUS\.m2\repository\io\lettuce\
Launcher Type: SUN_STANDARD

[Global flags]
     bool BytecodeVerificationLocal                = false                                     {product} {command line}
     bool BytecodeVerificationRemote               = false                                     {product} {command line}
     intx CICompilerCount                          = 3                                         {product} {ergonomic}
     uint ConcGCThreads                            = 1                                         {product} {ergonomic}
     uint G1ConcRefinementThreads                  = 4                                         {product} {ergonomic}
   size_t G1HeapRegionSize                         = 1048576                                   {product} {ergonomic}
    uintx GCDrainStackTargetSize                   = 64                                        {product} {ergonomic}
   size_t InitialHeapSize                          = 201326592                                 {product} {ergonomic}
     bool ManagementServer                         = true                                      {product} {command line}
   size_t MarkStackSize                            = 4194304                                   {product} {ergonomic}
   size_t MaxHeapSize                              = 3191865344                                {product} {ergonomic}
   size_t MaxNewSize                               = 1914699776                                {product} {ergonomic}
   size_t MinHeapDeltaBytes                        = 1048576                                   {product} {ergonomic}
    uintx NonNMethodCodeHeapSize                   = 6973028                                {pd product} {ergonomic}
    uintx NonProfiledCodeHeapSize                  = 244685212                              {pd product} {ergonomic}
    uintx ProfiledCodeHeapSize                     = 0                                      {pd product} {ergonomic}
    uintx ReservedCodeCacheSize                    = 251658240                              {pd product} {ergonomic}
     bool SegmentedCodeCache                       = true                                      {product} {ergonomic}
     intx TieredStopAtLevel                        = 1                                         {product} {command line}
     bool UseCompressedClassPointers               = true                                 {lp64_product} {ergonomic}
     bool UseCompressedOops                        = true                                 {lp64_product} {ergonomic}
     bool UseG1GC                                  = true                                      {product} {ergonomic}
     bool UseLargePagesIndividualAllocation        = false                                  {pd product} {ergonomic}

Logging:
Log output configuration:
 #0: stdout all=warning uptime,level,tags
 #1: stderr all=off uptime,level,tags

Environment Variables:
JAVA_HOME=C:\Program Files\Java\jdk1.8.0_191
CLASSPATH=.;C:\Program Files\Java\jdk1.8.0_191\lib\dt.jar;C:\Program Files\Java\jdk1.8.0_191\lib\tools.jar;.;C:\Program Files\Java\jdk1.8.0_191\lib\dt.jar;C:\Program Files\Java\jdk1.8.0_191\lib\tools.jar;%TOMCAT_HOME%\lib\servlet-api.jar;%JAVA-HOME%\lib\mysql-connector-java-3.1.8-bin.jar;C:\Program Files \Java\mysqlforjdbc\mysql-connector-java-3.1.8-bin.jar;.;C:\Program Files\Java\jdk1.8.0_191\lib\dt.jar;C:\Program Files\Java\jdk1.8.0_191\lib\tools.jar;
PATH=C:\Program Files\Java\jdk1.8.0_191\bin;C:\Program Files\Java\jdk1.8.0_191\jre\bin;C:\Program Files\Common Files\Oracle\Java\javapath;C:\WINDOWS\system32;C:\WINDOWS;C:\Strawberry\c\bin;C:\Strawberry\perl\site\bin;C:\Strawberry\perl\bin;C:\Program Files\dotnet\;C:\Program Files\Microsoft SQL Server\130\Tools\Binn\;C:\Program Files\Microsoft SQL Server\Client SDK\ODBC\170\Tools\Binn\;";E:\vmware16pro\bin\;D:\code\java\maven\apache-maven-3.6.2\bin;E:\QT\qtdeteal\5.12.3\mingw73_64\bin;E:\QT\qtdeteal\5.12.3\msvc2015_64\bin;E:\QT\qtdeteal\5.12.3\msvc2017_64\bin;C:\Users\ASUS\IDE\Microsoft VS Code\Mingw-w64\mingw64\bin;";E:\MYSQL\mysql-8.0.11-winx64\bin;C:\WINDOWS\System32\Wbem;C:\WINDOWS\System32\WindowsPowerShell\v1.0\;C:\WINDOWS\System32\OpenSSH\;";E:\tools\chromedriver.exe;E:\matlab\2019a\runtime\win64;E:\matlab\2019a\bin;E:\matlab\2019a\polyspace\bin;C:\Program Files (x86)\Microsoft SQL Server\150\Tools\Binn\;C:\Program Files\Microsoft SQL Server\150\Tools\Binn\;C:\Program Files\Microsoft SQL Server\150\DTS\Binn\;C:\Program Files (x86)\Microsoft SQL Server\150\DTS\Binn\;E:\gradle-6.5.1\bin;E:\tesseract\Tesseract-OCR;E:\nvm\nvm;C:\Program Files\nodejs;C:\Git\bin;E:\WINSCP\WinSCP\;C:\Windows\System32\wbem;";E:\nvm\nvm;E:\ffmpeg\ffmpeg-4.4-essentials_build\bin;E:\tortoiseSVN\bin;E:\XShell\;C:\Program Files\Go\bin;E:\anaconda3;E:\anaconda3\Library\mingw-w64\bin;E:\anaconda3\Library\usr\bin;E:\anaconda3\Library\bin;E:\anaconda3\Scripts;C:\Users\ASUS\AppData\Local\Microsoft\WindowsApps;C:\vs\Microsoft VS Code\bin;C:\Users\ASUS\IDE\Microsoft VS Code\bin;C:\Users\ASUS\IDE\Microsoft VS Code\Mingw-w64\mingw64\bin;C:\Users\ASUS\AppData\Local\Programs\Microsoft VS Code\bin;E:\IDEA\IntelliJ IDEA 2019.1.3\bin;E:\MYSQL\mysql-8.0.17-winx64\bin;E:\MYSQL\mysql-8.0.11-winx64\bin;E:\CLion 2019.3.1\bin;E:\PyCharm 2019.3\bin;C:\Program Files\Java\jdk1.8.0_191\bin;C:\Users\ASUS\AppData\Local\atom\bin;E:\Fiddler;E:\python_for_anaconda3\PyCharm Professional Edition with Anaconda plugin 2019.
USERNAME=ASUS
OS=Windows_NT
PROCESSOR_IDENTIFIER=Intel64 Family 6 Model 142 Stepping 9, GenuineIntel



---------------  S Y S T E M  ---------------

OS: Windows 10 , 64 bit Build 19041 (10.0.19041.1348)

CPU:total 4 (initial active 4) (2 cores per cpu, 2 threads per core) family 6 model 142 stepping 9 microcode 0xb4, cmov, cx8, fxsr, mmx, sse, sse2, sse3, ssse3, sse4.1, sse4.2, popcnt, avx, avx2, aes, clmul, erms, 3dnowpref, lzcnt, ht, tsc, tscinvbit, bmi1, bmi2, adx, fma

Memory: 4k page, system-wide physical 12172M (3022M free)
TotalPageFile size 18316M (AvailPageFile size 6566M)
current process WorkingSet (physical memory assigned to process): 542M, peak: 542M
current process commit charge ("private bytes"): 631M, peak: 631M

vm_info: Java HotSpot(TM) 64-Bit Server VM (11.0.12+8-LTS-237) for windows-amd64 JRE (11.0.12+8-LTS-237), built on Jun  8 2021 11:25:59 by "mach5one" with MS VC++ 15.9 (VS2017)

END.
