#
# A fatal error has been detected by the Java Runtime Environment:
#
#  EXCEPTION_UNCAUGHT_CXX_EXCEPTION (0xe06d7363) at pc=0x00007fff4af84f69, pid=13540, tid=13716
#
# JRE version: Java(TM) SE Runtime Environment 18.9 (11.0.12+8) (build 11.0.12+8-LTS-237)
# Java VM: Java HotSpot(TM) 64-Bit Server VM 18.9 (11.0.12+8-LTS-237, mixed mode, tiered, compressed oops, g1 gc, windows-amd64)
# Problematic frame:
# C  [KERNELBASE.dll+0x34f69]
#
# No core dump will be written. Minidumps are not enabled by default on client versions of Windows
#
# If you would like to submit a bug report, please visit:
#   https://bugreport.java.com/bugreport/crash.jsp
# The crash happened outside the Java Virtual Machine in native code.
# See problematic frame for where to report the bug.
#

---------------  S U M M A R Y ------------

Command Line: -agentlib:jdwp=transport=dt_socket,address=127.0.0.1:64697,suspend=y,server=n -XX:TieredStopAtLevel=1 -Xverify:none -Dspring.output.ansi.enabled=always -Dcom.sun.management.jmxremote -Dspring.jmx.enabled=true -Dspring.liveBeansView.mbeanDomain -Dspring.application.admin.enabled=true -javaagent:C:\Users\ASUS\.IntelliJIdea2019.3\system\captureAgent\debugger-agent.jar -Dfile.encoding=UTF-8 com.teqgin.image_laboratory.ImageLaboratoryApplication

Host: Intel(R) Core(TM) i5-7200U CPU @ 2.50GHz, 4 cores, 11G,  Windows 10 , 64 bit Build 19041 (10.0.19041.1348)
Time: Tue Dec 21 19:33:17 2021 中国标准时间 elapsed time: 1972.613845 seconds (0d 0h 32m 52s)

---------------  T H R E A D  ---------------

Current thread (0x0000021f2a895000):  JavaThread "http-nio-8080-exec-1" daemon [_thread_in_native, id=13716, stack(0x0000003142b00000,0x0000003142c00000)]

Stack: [0x0000003142b00000,0x0000003142c00000],  sp=0x0000003142bfaad0,  free space=1002k
Native frames: (J=compiled Java code, j=interpreted, Vv=VM code, C=native code)
C  [KERNELBASE.dll+0x34f69]
C  [VCRUNTIME140.dll+0x485d]
C  [SeetaFaceTracking600.dll+0x486a]

Java frames: (J=compiled Java code, j=interpreted, Vv=VM code)
j  com.sun.jna.Function.invokePointer(I[Ljava/lang/Object;)Lcom/sun/jna/Pointer;+0
j  com.sun.jna.Function.invoke([Ljava/lang/Object;Ljava/lang/Class;)Ljava/lang/Object;+706
j  com.sun.jna.Function.invoke(Ljava/lang/Class;[Ljava/lang/Object;Ljava/util/Map;)Ljava/lang/Object;+194
j  com.sun.jna.Library$Handler.invoke(Ljava/lang/Object;Ljava/lang/reflect/Method;[Ljava/lang/Object;)Ljava/lang/Object;+344
j  com.sun.proxy.$Proxy121.faceTracker(Lcom/teqgin/image_laboratory/domain/FaceData;Ljava/lang/String;Ljava/lang/String;)Lcom/teqgin/image_laboratory/domain/FaceData;+24
j  com.teqgin.image_laboratory.service.impl.VideoServiceImpl.getFaces(Ljava/lang/String;)[Ljava/lang/String;+14
j  com.teqgin.image_laboratory.controller.VideoController.catchFace(Lorg/springframework/web/multipart/MultipartFile;)Lorg/springframework/http/ResponseEntity;+52
v  ~StubRoutines::call_stub
J 2904  jdk.internal.reflect.NativeMethodAccessorImpl.invoke0(Ljava/lang/reflect/Method;Ljava/lang/Object;[Ljava/lang/Object;)Ljava/lang/Object; java.base@11.0.12 (0 bytes) @ 0x0000021f0e101ecf [0x0000021f0e101e40+0x000000000000008f]
J 2903 c1 jdk.internal.reflect.NativeMethodAccessorImpl.invoke(Ljava/lang/Object;[Ljava/lang/Object;)Ljava/lang/Object; java.base@11.0.12 (104 bytes) @ 0x0000021f0e10429c [0x0000021f0e103ea0+0x00000000000003fc]
J 2863 c1 jdk.internal.reflect.DelegatingMethodAccessorImpl.invoke(Ljava/lang/Object;[Ljava/lang/Object;)Ljava/lang/Object; java.base@11.0.12 (10 bytes) @ 0x0000021f0e0eeb24 [0x0000021f0e0eeac0+0x0000000000000064]
J 10845 c1 org.springframework.web.method.support.InvocableHandlerMethod.doInvoke([Ljava/lang/Object;)Ljava/lang/Object; (147 bytes) @ 0x0000021f0efc6644 [0x0000021f0efc64c0+0x0000000000000184]
j  org.springframework.web.method.support.InvocableHandlerMethod.invokeForRequest(Lorg/springframework/web/context/request/NativeWebRequest;Lorg/springframework/web/method/support/ModelAndViewContainer;[Ljava/lang/Object;)Ljava/lang/Object;+54
j  org.springframework.web.servlet.mvc.method.annotation.ServletInvocableHandlerMethod.invokeAndHandle(Lorg/springframework/web/context/request/ServletWebRequest;Lorg/springframework/web/method/support/ModelAndViewContainer;[Ljava/lang/Object;)V+4
J 11397 c1 org.springframework.web.servlet.mvc.method.annotation.RequestMappingHandlerAdapter.invokeHandlerMethod(Ljavax/servlet/http/HttpServletRequest;Ljavax/servlet/http/HttpServletResponse;Lorg/springframework/web/method/HandlerMethod;)Lorg/springframework/web/servlet/ModelAndView; (296 bytes) @ 0x0000021f0f0ccf2c [0x0000021f0f0cc440+0x0000000000000aec]
J 11396 c1 org.springframework.web.servlet.mvc.method.annotation.RequestMappingHandlerAdapter.handleInternal(Ljavax/servlet/http/HttpServletRequest;Ljavax/servlet/http/HttpServletResponse;Lorg/springframework/web/method/HandlerMethod;)Lorg/springframework/web/servlet/ModelAndView; (128 bytes) @ 0x0000021f0f0cb6ac [0x0000021f0f0cb400+0x00000000000002ac]
J 11395 c1 org.springframework.web.servlet.mvc.method.AbstractHandlerMethodAdapter.handle(Ljavax/servlet/http/HttpServletRequest;Ljavax/servlet/http/HttpServletResponse;Ljava/lang/Object;)Lorg/springframework/web/servlet/ModelAndView; (11 bytes) @ 0x0000021f0f0cafe4 [0x0000021f0f0caf40+0x00000000000000a4]
J 9035 c1 org.springframework.web.servlet.DispatcherServlet.doDispatch(Ljavax/servlet/http/HttpServletRequest;Ljavax/servlet/http/HttpServletResponse;)V (543 bytes) @ 0x0000021f0ebe3e24 [0x0000021f0ebe3760+0x00000000000006c4]
J 9122 c1 org.springframework.web.servlet.DispatcherServlet.doService(Ljavax/servlet/http/HttpServletRequest;Ljavax/servlet/http/HttpServletResponse;)V (319 bytes) @ 0x0000021f0ec123ac [0x0000021f0ec119c0+0x00000000000009ec]
J 9979 c1 org.springframework.web.servlet.FrameworkServlet.processRequest(Ljavax/servlet/http/HttpServletRequest;Ljavax/servlet/http/HttpServletResponse;)V (186 bytes) @ 0x0000021f0edd10ac [0x0000021f0edd0b60+0x000000000000054c]
j  org.springframework.web.servlet.FrameworkServlet.doPost(Ljavax/servlet/http/HttpServletRequest;Ljavax/servlet/http/HttpServletResponse;)V+3
J 9380 c1 javax.servlet.http.HttpServlet.service(Ljavax/servlet/http/HttpServletRequest;Ljavax/servlet/http/HttpServletResponse;)V (269 bytes) @ 0x0000021f0eca6404 [0x0000021f0eca5e00+0x0000000000000604]
J 9048 c1 org.springframework.web.servlet.FrameworkServlet.service(Ljavax/servlet/http/HttpServletRequest;Ljavax/servlet/http/HttpServletResponse;)V (37 bytes) @ 0x0000021f0ebf9c3c [0x0000021f0ebf9a80+0x00000000000001bc]
J 9047 c1 javax.servlet.http.HttpServlet.service(Ljavax/servlet/ServletRequest;Ljavax/servlet/ServletResponse;)V (40 bytes) @ 0x0000021f0ebf9474 [0x0000021f0ebf9360+0x0000000000000114]
J 7544 c1 org.apache.catalina.core.ApplicationFilterChain.internalDoFilter(Ljavax/servlet/ServletRequest;Ljavax/servlet/ServletResponse;)V (388 bytes) @ 0x0000021f0e915ff4 [0x0000021f0e915da0+0x0000000000000254]
J 7543 c1 org.apache.catalina.core.ApplicationFilterChain.doFilter(Ljavax/servlet/ServletRequest;Ljavax/servlet/ServletResponse;)V (103 bytes) @ 0x0000021f0e915014 [0x0000021f0e914fc0+0x0000000000000054]
J 9389 c1 org.apache.tomcat.websocket.server.WsFilter.doFilter(Ljavax/servlet/ServletRequest;Ljavax/servlet/ServletResponse;Ljavax/servlet/FilterChain;)V (139 bytes) @ 0x0000021f0ec9f5d4 [0x0000021f0ec9f200+0x00000000000003d4]
J 7544 c1 org.apache.catalina.core.ApplicationFilterChain.internalDoFilter(Ljavax/servlet/ServletRequest;Ljavax/servlet/ServletResponse;)V (388 bytes) @ 0x0000021f0e91622c [0x0000021f0e915da0+0x000000000000048c]
J 7543 c1 org.apache.catalina.core.ApplicationFilterChain.doFilter(Ljavax/servlet/ServletRequest;Ljavax/servlet/ServletResponse;)V (103 bytes) @ 0x0000021f0e915014 [0x0000021f0e914fc0+0x0000000000000054]
J 9378 c1 org.springframework.web.filter.RequestContextFilter.doFilterInternal(Ljavax/servlet/http/HttpServletRequest;Ljavax/servlet/http/HttpServletResponse;Ljavax/servlet/FilterChain;)V (133 bytes) @ 0x0000021f0eca1444 [0x0000021f0eca1100+0x0000000000000344]
J 7747 c1 org.springframework.web.filter.OncePerRequestFilter.doFilter(Ljavax/servlet/ServletRequest;Ljavax/servlet/ServletResponse;Ljavax/servlet/FilterChain;)V (175 bytes) @ 0x0000021f0e96dc34 [0x0000021f0e96d8a0+0x0000000000000394]
J 7544 c1 org.apache.catalina.core.ApplicationFilterChain.internalDoFilter(Ljavax/servlet/ServletRequest;Ljavax/servlet/ServletResponse;)V (388 bytes) @ 0x0000021f0e91622c [0x0000021f0e915da0+0x000000000000048c]
J 7543 c1 org.apache.catalina.core.ApplicationFilterChain.doFilter(Ljavax/servlet/ServletRequest;Ljavax/servlet/ServletResponse;)V (103 bytes) @ 0x0000021f0e915014 [0x0000021f0e914fc0+0x0000000000000054]
J 9381 c1 org.springframework.web.filter.FormContentFilter.doFilterInternal(Ljavax/servlet/http/HttpServletRequest;Ljavax/servlet/http/HttpServletResponse;Ljavax/servlet/FilterChain;)V (44 bytes) @ 0x0000021f0eca9fcc [0x0000021f0eca9da0+0x000000000000022c]
J 7747 c1 org.springframework.web.filter.OncePerRequestFilter.doFilter(Ljavax/servlet/ServletRequest;Ljavax/servlet/ServletResponse;Ljavax/servlet/FilterChain;)V (175 bytes) @ 0x0000021f0e96dc34 [0x0000021f0e96d8a0+0x0000000000000394]
J 7544 c1 org.apache.catalina.core.ApplicationFilterChain.internalDoFilter(Ljavax/servlet/ServletRequest;Ljavax/servlet/ServletResponse;)V (388 bytes) @ 0x0000021f0e91622c [0x0000021f0e915da0+0x000000000000048c]
J 7543 c1 org.apache.catalina.core.ApplicationFilterChain.doFilter(Ljavax/servlet/ServletRequest;Ljavax/servlet/ServletResponse;)V (103 bytes) @ 0x0000021f0e915014 [0x0000021f0e914fc0+0x0000000000000054]
J 9392 c1 org.springframework.web.filter.CharacterEncodingFilter.doFilterInternal(Ljavax/servlet/http/HttpServletRequest;Ljavax/servlet/http/HttpServletResponse;Ljavax/servlet/FilterChain;)V (59 bytes) @ 0x0000021f0eca4e2c [0x0000021f0eca4ce0+0x000000000000014c]
J 7747 c1 org.springframework.web.filter.OncePerRequestFilter.doFilter(Ljavax/servlet/ServletRequest;Ljavax/servlet/ServletResponse;Ljavax/servlet/FilterChain;)V (175 bytes) @ 0x0000021f0e96dc34 [0x0000021f0e96d8a0+0x0000000000000394]
J 7544 c1 org.apache.catalina.core.ApplicationFilterChain.internalDoFilter(Ljavax/servlet/ServletRequest;Ljavax/servlet/ServletResponse;)V (388 bytes) @ 0x0000021f0e91622c [0x0000021f0e915da0+0x000000000000048c]
J 7543 c1 org.apache.catalina.core.ApplicationFilterChain.doFilter(Ljavax/servlet/ServletRequest;Ljavax/servlet/ServletResponse;)V (103 bytes) @ 0x0000021f0e915014 [0x0000021f0e914fc0+0x0000000000000054]
J 8741 c1 org.apache.catalina.core.StandardWrapperValve.invoke(Lorg/apache/catalina/connector/Request;Lorg/apache/catalina/connector/Response;)V (2665 bytes) @ 0x0000021f0eb2cccc [0x0000021f0eb2afe0+0x0000000000001cec]
J 9365 c1 org.apache.catalina.core.StandardContextValve.invoke(Lorg/apache/catalina/connector/Request;Lorg/apache/catalina/connector/Response;)V (175 bytes) @ 0x0000021f0ec9dcfc [0x0000021f0ec9d760+0x000000000000059c]
J 9038 c1 org.apache.catalina.authenticator.AuthenticatorBase.invoke(Lorg/apache/catalina/connector/Request;Lorg/apache/catalina/connector/Response;)V (873 bytes) @ 0x0000021f0ebed5b4 [0x0000021f0ebebca0+0x0000000000001914]
J 9959 c1 org.apache.catalina.core.StandardHostValve.invoke(Lorg/apache/catalina/connector/Request;Lorg/apache/catalina/connector/Response;)V (396 bytes) @ 0x0000021f0edcd95c [0x0000021f0edcd5a0+0x00000000000003bc]
J 9958 c1 org.apache.catalina.valves.ErrorReportValve.invoke(Lorg/apache/catalina/connector/Request;Lorg/apache/catalina/connector/Response;)V (153 bytes) @ 0x0000021f0edcbeac [0x0000021f0edcbe40+0x000000000000006c]
J 9957 c1 org.apache.catalina.core.StandardEngineValve.invoke(Lorg/apache/catalina/connector/Request;Lorg/apache/catalina/connector/Response;)V (65 bytes) @ 0x0000021f0edc856c [0x0000021f0edc8300+0x000000000000026c]
J 8738 c1 org.apache.catalina.connector.CoyoteAdapter.service(Lorg/apache/coyote/Request;Lorg/apache/coyote/Response;)V (892 bytes) @ 0x0000021f0eb22d3c [0x0000021f0eb223a0+0x000000000000099c]
J 9017 c1 org.apache.coyote.http11.Http11Processor.service(Lorg/apache/tomcat/util/net/SocketWrapperBase;)Lorg/apache/tomcat/util/net/AbstractEndpoint$Handler$SocketState; (1189 bytes) @ 0x0000021f0ebd7ad4 [0x0000021f0ebd6ca0+0x0000000000000e34]
J 9016 c1 org.apache.coyote.AbstractProcessorLight.process(Lorg/apache/tomcat/util/net/SocketWrapperBase;Lorg/apache/tomcat/util/net/SocketEvent;)Lorg/apache/tomcat/util/net/AbstractEndpoint$Handler$SocketState; (367 bytes) @ 0x0000021f0ebd3ec4 [0x0000021f0ebd3840+0x0000000000000684]
J 8996 c1 org.apache.coyote.AbstractProtocol$ConnectionHandler.process(Lorg/apache/tomcat/util/net/SocketWrapperBase;Lorg/apache/tomcat/util/net/SocketEvent;)Lorg/apache/tomcat/util/net/AbstractEndpoint$Handler$SocketState; (1315 bytes) @ 0x0000021f0ebbacb4 [0x0000021f0ebb9860+0x0000000000001454]
J 8995 c1 org.apache.tomcat.util.net.NioEndpoint$SocketProcessor.doRun()V (637 bytes) @ 0x0000021f0ebb6c7c [0x0000021f0ebb68a0+0x00000000000003dc]
J 8993 c1 org.apache.tomcat.util.net.SocketProcessorBase.run()V (35 bytes) @ 0x0000021f0ebb5e74 [0x0000021f0ebb5cc0+0x00000000000001b4]
j  org.apache.tomcat.util.threads.ThreadPoolExecutor.runWorker(Lorg/apache/tomcat/util/threads/ThreadPoolExecutor$Worker;)V+92
j  org.apache.tomcat.util.threads.ThreadPoolExecutor$Worker.run()V+5
j  org.apache.tomcat.util.threads.TaskThread$WrappingRunnable.run()V+4
j  java.lang.Thread.run()V+11 java.base@11.0.12
v  ~StubRoutines::call_stub

siginfo: EXCEPTION_UNCAUGHT_CXX_EXCEPTION (0xe06d7363), ExceptionInformation=0x0000000019930520 0x0000003142bfac68 0x00007fff1549bc50 0x00007fff15490000 


Register to memory mapping:

RIP=0x00007fff4af84f69 KERNELBASE.dll
RAX=0x0000021f2cf1fd88 points into unknown readable memory: 0x000000000b100416 | 16 04 10 0b 00 00 00 00
RBX=0x00007fff1549bc50 SeetaFaceTracking600.dll
RCX=0x0000021f2cf1fd80 points into unknown readable memory: 0x0000021f3096a7d0 | d0 a7 96 30 1f 02 00 00
RDX=0x0000000000003002 is an unknown value
RSP=0x0000003142bfaad0 is pointing into the stack for thread: 0x0000021f2a895000
RBP=0x0000003142bfac10 is pointing into the stack for thread: 0x0000021f2a895000
RSI=0x0000003142bfb1e8 is pointing into the stack for thread: 0x0000021f2a895000
RDI=0x0000003142bfac68 is pointing into the stack for thread: 0x0000021f2a895000
R8 =0x0 is NULL
R9 =0xfffffffffffffffe is an unknown value
R10=0x00000000000003ff is an unknown value
R11=0x0000000000003002 is an unknown value
R12=0x0000003142bfafb8 is pointing into the stack for thread: 0x0000021f2a895000
R13=0x0 is NULL
R14=0x0000021f2abc7f00 points into unknown readable memory: 0x00007ffeeab62701 | 01 27 b6 ea fe 7f 00 00
R15=0x00000000ffffffff is an unknown value


Registers:
RAX=0x0000021f2cf1fd88, RBX=0x00007fff1549bc50, RCX=0x0000021f2cf1fd80, RDX=0x0000000000003002
RSP=0x0000003142bfaad0, RBP=0x0000003142bfac10, RSI=0x0000003142bfb1e8, RDI=0x0000003142bfac68
R8 =0x0000000000000000, R9 =0xfffffffffffffffe, R10=0x00000000000003ff, R11=0x0000000000003002
R12=0x0000003142bfafb8, R13=0x0000000000000000, R14=0x0000021f2abc7f00, R15=0x00000000ffffffff
RIP=0x00007fff4af84f69, EFLAGS=0x0000000000000202

Top of Stack: (sp=0x0000003142bfaad0)
0x0000003142bfaad0:   000000000000004f 00007fff1549bc50
0x0000003142bfaae0:   0000003142bfb1e8 00007fff4adcfde6
0x0000003142bfaaf0:   00000001e06d7363 0000000000000000
0x0000003142bfab00:   00007fff4af84f69 00007fff00000004
0x0000003142bfab10:   0000000019930520 0000003142bfac68
0x0000003142bfab20:   00007fff1549bc50 00007fff15490000
0x0000003142bfab30:   0000000000000000 0000003142bfafb8
0x0000003142bfab40:   0000003142bfb1e8 0000003142bfac10
0x0000003142bfab50:   0000003142bfac20 00007fff4d444a5f
0x0000003142bfab60:   0000003142bfac68 00007fff00000000
0x0000003142bfab70:   fffffffffffffffe 0000003142bfadf0
0x0000003142bfab80:   00007fff1549f000 00007fff15490000
0x0000003142bfab90:   00008aff09ad786b 0000003142bfac48
0x0000003142bfaba0:   00007fff1549bc50 00007fff45ce485d
0x0000003142bfabb0:   0000003142bfac80 0000000000000047
0x0000003142bfabc0:   0000000000000000 0000000000000005 

Instructions: (pc=0x00007fff4af84f69)
0x00007fff4af84f49:   8b d1 44 0f 47 c0 44 89 44 24 38 49 c1 e0 03 e8
0x00007fff4af84f59:   1a d5 05 00 48 8d 4c 24 20 48 ff 15 9f 9d 18 00
0x00007fff4af84f69:   0f 1f 44 00 00 48 8b 8c 24 c0 00 00 00 48 33 cc
0x00007fff4af84f79:   e8 52 97 05 00 48 81 c4 d8 00 00 00 c3 cc 83 64 


Stack slot to memory mapping:
stack at sp + 0 slots: 0x000000000000004f is an unknown value
stack at sp + 1 slots: 0x00007fff1549bc50 SeetaFaceTracking600.dll
stack at sp + 2 slots: 0x0000003142bfb1e8 is pointing into the stack for thread: 0x0000021f2a895000
stack at sp + 3 slots: 0x00007fff4adcfde6 ucrtbase.dll
stack at sp + 4 slots: 0x00000001e06d7363 is an unknown value
stack at sp + 5 slots: 0x0 is NULL
stack at sp + 6 slots: 0x00007fff4af84f69 KERNELBASE.dll
stack at sp + 7 slots: 0x00007fff00000004 is an unknown value


---------------  P R O C E S S  ---------------

Threads class SMR info:
_java_thread_list=0x0000021f2cd80810, length=35, elements={
0x0000021f26bd1800, 0x0000021f26bd2000, 0x0000021f26c3c800, 0x0000021f26c3e800,
0x0000021f26c3f800, 0x0000021f26c42800, 0x0000021f26c45800, 0x0000021f2635d800,
0x0000021f26e0b000, 0x0000021f26e2e800, 0x0000021f26e2f000, 0x0000021f275d2800,
0x0000021f28547000, 0x0000021f2a3e0800, 0x0000021f29ea7800, 0x0000021f29ea8000,
0x0000021f28c97800, 0x0000021f28caf800, 0x0000021f29f96000, 0x0000021f2a88f800,
0x0000021f2a891000, 0x0000021f2a894000, 0x0000021f2a896000, 0x0000021f2a893800,
0x0000021f2a895000, 0x0000021f2a890000, 0x0000021f2a061000, 0x0000021f2a05e800,
0x0000021f2a061800, 0x0000021f2a060000, 0x0000021f2a062800, 0x0000021f2a05f000,
0x0000021f2a063000, 0x0000021f2a05d800, 0x0000021f2a065000
}

Java Threads: ( => current thread )
  0x0000021f26bd1800 JavaThread "Reference Handler" daemon [_thread_blocked, id=6952, stack(0x0000003140b00000,0x0000003140c00000)]
  0x0000021f26bd2000 JavaThread "Finalizer" daemon [_thread_blocked, id=10148, stack(0x0000003140c00000,0x0000003140d00000)]
  0x0000021f26c3c800 JavaThread "Signal Dispatcher" daemon [_thread_blocked, id=10384, stack(0x0000003140d00000,0x0000003140e00000)]
  0x0000021f26c3e800 JavaThread "Attach Listener" daemon [_thread_blocked, id=2812, stack(0x0000003140e00000,0x0000003140f00000)]
  0x0000021f26c3f800 JavaThread "Service Thread" daemon [_thread_blocked, id=9540, stack(0x0000003140f00000,0x0000003141000000)]
  0x0000021f26c42800 JavaThread "C1 CompilerThread0" daemon [_thread_blocked, id=4792, stack(0x0000003141000000,0x0000003141100000)]
  0x0000021f26c45800 JavaThread "Sweeper thread" daemon [_thread_blocked, id=14120, stack(0x0000003141100000,0x0000003141200000)]
  0x0000021f2635d800 JavaThread "Common-Cleaner" daemon [_thread_blocked, id=8164, stack(0x0000003141200000,0x0000003141300000)]
  0x0000021f26e0b000 JavaThread "JDWP Transport Listener: dt_socket" daemon [_thread_blocked, id=10640, stack(0x0000003141300000,0x0000003141400000)]
  0x0000021f26e2e800 JavaThread "JDWP Event Helper Thread" daemon [_thread_blocked, id=12644, stack(0x0000003141400000,0x0000003141500000)]
  0x0000021f26e2f000 JavaThread "JDWP Command Reader" daemon [_thread_in_native, id=9136, stack(0x0000003141500000,0x0000003141600000)]
  0x0000021f275d2800 JavaThread "RMI TCP Accept-0" daemon [_thread_in_native, id=4608, stack(0x0000003141900000,0x0000003141a00000)]
  0x0000021f28547000 JavaThread "RMI Scheduler(0)" daemon [_thread_blocked, id=8464, stack(0x0000003141f00000,0x0000003142000000)]
  0x0000021f2a3e0800 JavaThread "Catalina-utility-1" [_thread_blocked, id=10368, stack(0x0000003141d00000,0x0000003141e00000)]
  0x0000021f29ea7800 JavaThread "Catalina-utility-2" [_thread_blocked, id=11180, stack(0x0000003142000000,0x0000003142100000)]
  0x0000021f29ea8000 JavaThread "container-0" [_thread_blocked, id=7708, stack(0x0000003142100000,0x0000003142200000)]
  0x0000021f28c97800 JavaThread "mysql-cj-abandoned-connection-cleanup" daemon [_thread_blocked, id=15196, stack(0x0000003142200000,0x0000003142300000)]
  0x0000021f28caf800 JavaThread "ForkJoinPool.commonPool-worker-3" daemon [_thread_blocked, id=4104, stack(0x0000003142300000,0x0000003142400000)]
  0x0000021f29f96000 JavaThread "lettuce-timer-3-1" daemon [_thread_blocked, id=5640, stack(0x0000003142600000,0x0000003142700000)]
  0x0000021f2a88f800 JavaThread "Live Reload Server" daemon [_thread_in_native, id=1512, stack(0x0000003142800000,0x0000003142900000)]
  0x0000021f2a891000 JavaThread "File Watcher" daemon [_thread_blocked, id=5372, stack(0x0000003142700000,0x0000003142800000)]
  0x0000021f2a894000 JavaThread "http-nio-8080-Poller" daemon [_thread_in_native, id=4188, stack(0x0000003142900000,0x0000003142a00000)]
  0x0000021f2a896000 JavaThread "http-nio-8080-Acceptor" daemon [_thread_in_native, id=11444, stack(0x0000003142a00000,0x0000003142b00000)]
  0x0000021f2a893800 JavaThread "DestroyJavaVM" [_thread_blocked, id=10084, stack(0x0000003140400000,0x0000003140500000)]
=>0x0000021f2a895000 JavaThread "http-nio-8080-exec-1" daemon [_thread_in_native, id=13716, stack(0x0000003142b00000,0x0000003142c00000)]
  0x0000021f2a890000 JavaThread "HikariPool-1 housekeeper" daemon [_thread_blocked, id=4856, stack(0x0000003142d00000,0x0000003142e00000)]
  0x0000021f2a061000 JavaThread "http-nio-8080-exec-2" daemon [_thread_in_native, id=2464, stack(0x0000003142f00000,0x0000003143000000)]
  0x0000021f2a05e800 JavaThread "http-nio-8080-exec-3" daemon [_thread_blocked, id=12880, stack(0x0000003143000000,0x0000003143100000)]
  0x0000021f2a061800 JavaThread "http-nio-8080-exec-4" daemon [_thread_blocked, id=13424, stack(0x0000003143100000,0x0000003143200000)]
  0x0000021f2a060000 JavaThread "http-nio-8080-exec-5" daemon [_thread_blocked, id=2700, stack(0x0000003143200000,0x0000003143300000)]
  0x0000021f2a062800 JavaThread "http-nio-8080-exec-6" daemon [_thread_blocked, id=12968, stack(0x0000003143300000,0x0000003143400000)]
  0x0000021f2a05f000 JavaThread "http-nio-8080-exec-7" daemon [_thread_blocked, id=1300, stack(0x0000003143400000,0x0000003143500000)]
  0x0000021f2a063000 JavaThread "http-nio-8080-exec-8" daemon [_thread_blocked, id=15304, stack(0x0000003143500000,0x0000003143600000)]
  0x0000021f2a05d800 JavaThread "http-nio-8080-exec-9" daemon [_thread_blocked, id=13780, stack(0x0000003143600000,0x0000003143700000)]
  0x0000021f2a065000 JavaThread "http-nio-8080-exec-10" daemon [_thread_blocked, id=14076, stack(0x0000003143700000,0x0000003143800000)]

Other Threads:
  0x0000021f263a2800 VMThread "VM Thread" [stack: 0x0000003140a00000,0x0000003140b00000] [id=13528]
  0x0000021f275ca000 WatcherThread [stack: 0x0000003141a00000,0x0000003141b00000] [id=13896]
  0x0000021f03904800 GCTaskThread "GC Thread#0" [stack: 0x0000003140500000,0x0000003140600000] [id=14868]
  0x0000021f27581800 GCTaskThread "GC Thread#1" [stack: 0x0000003141600000,0x0000003141700000] [id=4788]
  0x0000021f2757b000 GCTaskThread "GC Thread#2" [stack: 0x0000003141700000,0x0000003141800000] [id=5276]
  0x0000021f2757f000 GCTaskThread "GC Thread#3" [stack: 0x0000003141800000,0x0000003141900000] [id=8788]
  0x0000021f0394c000 ConcurrentGCThread "G1 Main Marker" [stack: 0x0000003140600000,0x0000003140700000] [id=6496]
  0x0000021f0394e800 ConcurrentGCThread "G1 Conc#0" [stack: 0x0000003140700000,0x0000003140800000] [id=9240]
  0x0000021f039bd800 ConcurrentGCThread "G1 Refine#0" [stack: 0x0000003140800000,0x0000003140900000] [id=13196]
  0x0000021f26212800 ConcurrentGCThread "G1 Young RemSet Sampling" [stack: 0x0000003140900000,0x0000003140a00000] [id=13584]

Threads with active compile tasks:

VM state:not at safepoint (normal execution)

VM Mutex/Monitor currently owned by a thread: None

Heap address: 0x0000000741c00000, size: 3044 MB, Compressed Oops mode: Zero based, Oop shift amount: 3
Narrow klass base: 0x0000000800000000, Narrow klass shift: 0
Compressed class space size: 1073741824 Address: 0x0000000800000000

Heap:
 garbage-first heap   total 236544K, used 92657K [0x0000000741c00000, 0x0000000800000000)
  region size 1024K, 60 young (61440K), 8 survivors (8192K)
 Metaspace       used 70271K, capacity 72513K, committed 72796K, reserved 1112064K
  class space    used 8546K, capacity 9417K, committed 9496K, reserved 1048576K
Heap Regions: E=young(eden), S=young(survivor), O=old, HS=humongous(starts), HC=humongous(continues), CS=collection set, F=free, A=archive, TAMS=top-at-mark-start (previous, next)
|   0|0x0000000741c00000, 0x0000000741d00000, 0x0000000741d00000|100%| O|  |TAMS 0x0000000741d00000, 0x0000000741c00000| Untracked 
|   1|0x0000000741d00000, 0x0000000741e00000, 0x0000000741e00000|100%| O|  |TAMS 0x0000000741e00000, 0x0000000741d00000| Untracked 
|   2|0x0000000741e00000, 0x0000000741f00000, 0x0000000741f00000|100%| O|  |TAMS 0x0000000741f00000, 0x0000000741e00000| Untracked 
|   3|0x0000000741f00000, 0x0000000742000000, 0x0000000742000000|100%| O|  |TAMS 0x0000000742000000, 0x0000000741f00000| Untracked 
|   4|0x0000000742000000, 0x0000000742100000, 0x0000000742100000|100%| O|  |TAMS 0x0000000742100000, 0x0000000742000000| Untracked 
|   5|0x0000000742100000, 0x0000000742200000, 0x0000000742200000|100%| O|  |TAMS 0x0000000742200000, 0x0000000742100000| Untracked 
|   6|0x0000000742200000, 0x0000000742300000, 0x0000000742300000|100%| O|  |TAMS 0x0000000742300000, 0x0000000742200000| Untracked 
|   7|0x0000000742300000, 0x0000000742400000, 0x0000000742400000|100%| O|  |TAMS 0x0000000742400000, 0x0000000742300000| Untracked 
|   8|0x0000000742400000, 0x0000000742500000, 0x0000000742500000|100%| O|  |TAMS 0x0000000742500000, 0x0000000742400000| Untracked 
|   9|0x0000000742500000, 0x0000000742600000, 0x0000000742600000|100%| O|  |TAMS 0x0000000742600000, 0x0000000742500000| Untracked 
|  10|0x0000000742600000, 0x0000000742700000, 0x0000000742700000|100%| O|  |TAMS 0x0000000742700000, 0x0000000742600000| Untracked 
|  11|0x0000000742700000, 0x0000000742800000, 0x0000000742800000|100%| O|  |TAMS 0x0000000742800000, 0x0000000742700000| Untracked 
|  12|0x0000000742800000, 0x0000000742900000, 0x0000000742900000|100%| O|  |TAMS 0x0000000742900000, 0x0000000742800000| Untracked 
|  13|0x0000000742900000, 0x0000000742a00000, 0x0000000742a00000|100%| O|  |TAMS 0x0000000742a00000, 0x0000000742900000| Untracked 
|  14|0x0000000742a00000, 0x0000000742b00000, 0x0000000742b00000|100%| O|  |TAMS 0x0000000742b00000, 0x0000000742a00000| Untracked 
|  15|0x0000000742b00000, 0x0000000742c00000, 0x0000000742c00000|100%| O|  |TAMS 0x0000000742c00000, 0x0000000742b00000| Untracked 
|  16|0x0000000742c00000, 0x0000000742d00000, 0x0000000742d00000|100%| O|  |TAMS 0x0000000742d00000, 0x0000000742c00000| Untracked 
|  17|0x0000000742d00000, 0x0000000742e00000, 0x0000000742e00000|100%| O|  |TAMS 0x0000000742e00000, 0x0000000742d00000| Untracked 
|  18|0x0000000742e00000, 0x0000000742f00000, 0x0000000742f00000|100%| O|  |TAMS 0x0000000742f00000, 0x0000000742e00000| Untracked 
|  19|0x0000000742f00000, 0x0000000743000000, 0x0000000743000000|100%| O|  |TAMS 0x0000000743000000, 0x0000000742f00000| Untracked 
|  20|0x0000000743000000, 0x0000000743100000, 0x0000000743100000|100%| O|  |TAMS 0x0000000743100000, 0x0000000743000000| Untracked 
|  21|0x0000000743100000, 0x0000000743200000, 0x0000000743200000|100%| O|  |TAMS 0x0000000743200000, 0x0000000743100000| Untracked 
|  22|0x0000000743200000, 0x0000000743300000, 0x0000000743300000|100%| O|  |TAMS 0x0000000743300000, 0x0000000743200000| Untracked 
|  23|0x0000000743300000, 0x0000000743400000, 0x0000000743400000|100%| O|  |TAMS 0x00000007433aac00, 0x0000000743300000| Untracked 
|  24|0x0000000743400000, 0x0000000743500000, 0x0000000743500000|100%|HS|  |TAMS 0x0000000743400000, 0x0000000743400000| Complete 
|  25|0x0000000743500000, 0x0000000743600000, 0x0000000743600000|100%|HS|  |TAMS 0x0000000743500000, 0x0000000743500000| Complete 
|  26|0x0000000743600000, 0x0000000743600000, 0x0000000743700000|  0%| F|  |TAMS 0x0000000743600000, 0x0000000743600000| Untracked 
|  27|0x0000000743700000, 0x0000000743700000, 0x0000000743800000|  0%| F|  |TAMS 0x0000000743700000, 0x0000000743700000| Untracked 
|  28|0x0000000743800000, 0x0000000743800000, 0x0000000743900000|  0%| F|  |TAMS 0x0000000743800000, 0x0000000743800000| Untracked 
|  29|0x0000000743900000, 0x0000000743900000, 0x0000000743a00000|  0%| F|  |TAMS 0x0000000743900000, 0x0000000743900000| Untracked 
|  30|0x0000000743a00000, 0x0000000743a00000, 0x0000000743b00000|  0%| F|  |TAMS 0x0000000743a00000, 0x0000000743a00000| Untracked 
|  31|0x0000000743b00000, 0x0000000743b00000, 0x0000000743c00000|  0%| F|  |TAMS 0x0000000743b00000, 0x0000000743b00000| Untracked 
|  32|0x0000000743c00000, 0x0000000743c00000, 0x0000000743d00000|  0%| F|  |TAMS 0x0000000743c00000, 0x0000000743c00000| Untracked 
|  33|0x0000000743d00000, 0x0000000743d00000, 0x0000000743e00000|  0%| F|  |TAMS 0x0000000743d00000, 0x0000000743d00000| Untracked 
|  34|0x0000000743e00000, 0x0000000743e00000, 0x0000000743f00000|  0%| F|  |TAMS 0x0000000743e00000, 0x0000000743e00000| Untracked 
|  35|0x0000000743f00000, 0x0000000743f00000, 0x0000000744000000|  0%| F|  |TAMS 0x0000000743f00000, 0x0000000743f00000| Untracked 
|  36|0x0000000744000000, 0x0000000744000000, 0x0000000744100000|  0%| F|  |TAMS 0x0000000744000000, 0x0000000744000000| Untracked 
|  37|0x0000000744100000, 0x0000000744100000, 0x0000000744200000|  0%| F|  |TAMS 0x0000000744100000, 0x0000000744100000| Untracked 
|  38|0x0000000744200000, 0x0000000744200000, 0x0000000744300000|  0%| F|  |TAMS 0x0000000744200000, 0x0000000744200000| Untracked 
|  39|0x0000000744300000, 0x0000000744300000, 0x0000000744400000|  0%| F|  |TAMS 0x0000000744300000, 0x0000000744300000| Untracked 
|  40|0x0000000744400000, 0x0000000744400000, 0x0000000744500000|  0%| F|  |TAMS 0x0000000744400000, 0x0000000744400000| Untracked 
|  41|0x0000000744500000, 0x0000000744500000, 0x0000000744600000|  0%| F|  |TAMS 0x0000000744500000, 0x0000000744500000| Untracked 
|  42|0x0000000744600000, 0x0000000744600000, 0x0000000744700000|  0%| F|  |TAMS 0x0000000744600000, 0x0000000744600000| Untracked 
|  43|0x0000000744700000, 0x0000000744700000, 0x0000000744800000|  0%| F|  |TAMS 0x0000000744700000, 0x0000000744700000| Untracked 
|  44|0x0000000744800000, 0x0000000744800000, 0x0000000744900000|  0%| F|  |TAMS 0x0000000744800000, 0x0000000744800000| Untracked 
|  45|0x0000000744900000, 0x0000000744a00000, 0x0000000744a00000|100%| O|  |TAMS 0x0000000744900000, 0x0000000744900000| Untracked 
|  46|0x0000000744a00000, 0x0000000744b00000, 0x0000000744b00000|100%| O|  |TAMS 0x0000000744a00000, 0x0000000744a00000| Untracked 
|  47|0x0000000744b00000, 0x0000000744c00000, 0x0000000744c00000|100%| O|  |TAMS 0x0000000744b00000, 0x0000000744b00000| Untracked 
|  48|0x0000000744c00000, 0x0000000744d00000, 0x0000000744d00000|100%| O|  |TAMS 0x0000000744c00000, 0x0000000744c00000| Untracked 
|  49|0x0000000744d00000, 0x0000000744e00000, 0x0000000744e00000|100%| O|  |TAMS 0x0000000744d00000, 0x0000000744d00000| Untracked 
|  50|0x0000000744e00000, 0x0000000744e7f000, 0x0000000744f00000| 49%| O|  |TAMS 0x0000000744e00000, 0x0000000744e00000| Untracked 
|  51|0x0000000744f00000, 0x0000000744f00000, 0x0000000745000000|  0%| F|  |TAMS 0x0000000744f00000, 0x0000000744f00000| Untracked 
|  52|0x0000000745000000, 0x0000000745000000, 0x0000000745100000|  0%| F|  |TAMS 0x0000000745000000, 0x0000000745000000| Untracked 
|  53|0x0000000745100000, 0x0000000745100000, 0x0000000745200000|  0%| F|  |TAMS 0x0000000745100000, 0x0000000745100000| Untracked 
|  54|0x0000000745200000, 0x0000000745200000, 0x0000000745300000|  0%| F|  |TAMS 0x0000000745200000, 0x0000000745200000| Untracked 
|  55|0x0000000745300000, 0x0000000745300000, 0x0000000745400000|  0%| F|  |TAMS 0x0000000745300000, 0x0000000745300000| Untracked 
|  56|0x0000000745400000, 0x0000000745400000, 0x0000000745500000|  0%| F|  |TAMS 0x0000000745400000, 0x0000000745400000| Untracked 
|  57|0x0000000745500000, 0x0000000745500000, 0x0000000745600000|  0%| F|  |TAMS 0x0000000745500000, 0x0000000745500000| Untracked 
|  58|0x0000000745600000, 0x0000000745600000, 0x0000000745700000|  0%| F|  |TAMS 0x0000000745600000, 0x0000000745600000| Untracked 
|  59|0x0000000745700000, 0x0000000745700000, 0x0000000745800000|  0%| F|  |TAMS 0x0000000745700000, 0x0000000745700000| Untracked 
|  60|0x0000000745800000, 0x0000000745800000, 0x0000000745900000|  0%| F|  |TAMS 0x0000000745800000, 0x0000000745800000| Untracked 
|  61|0x0000000745900000, 0x0000000745900000, 0x0000000745a00000|  0%| F|  |TAMS 0x0000000745900000, 0x0000000745900000| Untracked 
|  62|0x0000000745a00000, 0x0000000745a00000, 0x0000000745b00000|  0%| F|  |TAMS 0x0000000745a00000, 0x0000000745a00000| Untracked 
|  63|0x0000000745b00000, 0x0000000745b00000, 0x0000000745c00000|  0%| F|  |TAMS 0x0000000745b00000, 0x0000000745b00000| Untracked 
|  64|0x0000000745c00000, 0x0000000745c00000, 0x0000000745d00000|  0%| F|  |TAMS 0x0000000745c00000, 0x0000000745c00000| Untracked 
|  65|0x0000000745d00000, 0x0000000745d00000, 0x0000000745e00000|  0%| F|  |TAMS 0x0000000745d00000, 0x0000000745d00000| Untracked 
|  66|0x0000000745e00000, 0x0000000745e00000, 0x0000000745f00000|  0%| F|  |TAMS 0x0000000745e00000, 0x0000000745e00000| Untracked 
|  67|0x0000000745f00000, 0x0000000745f00000, 0x0000000746000000|  0%| F|  |TAMS 0x0000000745f00000, 0x0000000745f00000| Untracked 
|  68|0x0000000746000000, 0x0000000746000000, 0x0000000746100000|  0%| F|  |TAMS 0x0000000746000000, 0x0000000746000000| Untracked 
|  69|0x0000000746100000, 0x0000000746100000, 0x0000000746200000|  0%| F|  |TAMS 0x0000000746100000, 0x0000000746100000| Untracked 
|  70|0x0000000746200000, 0x0000000746200000, 0x0000000746300000|  0%| F|  |TAMS 0x0000000746200000, 0x0000000746200000| Untracked 
|  71|0x0000000746300000, 0x0000000746300000, 0x0000000746400000|  0%| F|  |TAMS 0x0000000746300000, 0x0000000746300000| Untracked 
|  72|0x0000000746400000, 0x0000000746400000, 0x0000000746500000|  0%| F|  |TAMS 0x0000000746400000, 0x0000000746400000| Untracked 
|  73|0x0000000746500000, 0x0000000746500000, 0x0000000746600000|  0%| F|  |TAMS 0x0000000746500000, 0x0000000746500000| Untracked 
|  74|0x0000000746600000, 0x0000000746600000, 0x0000000746700000|  0%| F|  |TAMS 0x0000000746600000, 0x0000000746600000| Untracked 
|  75|0x0000000746700000, 0x0000000746700000, 0x0000000746800000|  0%| F|  |TAMS 0x0000000746700000, 0x0000000746700000| Untracked 
|  76|0x0000000746800000, 0x0000000746800000, 0x0000000746900000|  0%| F|  |TAMS 0x0000000746800000, 0x0000000746800000| Untracked 
|  77|0x0000000746900000, 0x0000000746900000, 0x0000000746a00000|  0%| F|  |TAMS 0x0000000746900000, 0x0000000746900000| Untracked 
|  78|0x0000000746a00000, 0x0000000746a00000, 0x0000000746b00000|  0%| F|  |TAMS 0x0000000746a00000, 0x0000000746a00000| Untracked 
|  79|0x0000000746b00000, 0x0000000746b00000, 0x0000000746c00000|  0%| F|  |TAMS 0x0000000746b00000, 0x0000000746b00000| Untracked 
|  80|0x0000000746c00000, 0x0000000746c00000, 0x0000000746d00000|  0%| F|  |TAMS 0x0000000746c00000, 0x0000000746c00000| Untracked 
|  81|0x0000000746d00000, 0x0000000746d00000, 0x0000000746e00000|  0%| F|  |TAMS 0x0000000746d00000, 0x0000000746d00000| Untracked 
|  82|0x0000000746e00000, 0x0000000746e00000, 0x0000000746f00000|  0%| F|  |TAMS 0x0000000746e00000, 0x0000000746e00000| Untracked 
|  83|0x0000000746f00000, 0x0000000746f00000, 0x0000000747000000|  0%| F|  |TAMS 0x0000000746f00000, 0x0000000746f00000| Untracked 
|  84|0x0000000747000000, 0x0000000747000000, 0x0000000747100000|  0%| F|  |TAMS 0x0000000747000000, 0x0000000747000000| Untracked 
|  85|0x0000000747100000, 0x00000007471fd4a0, 0x0000000747200000| 98%| S|CS|TAMS 0x0000000747100000, 0x0000000747100000| Complete 
|  86|0x0000000747200000, 0x0000000747200000, 0x0000000747300000|  0%| F|  |TAMS 0x0000000747200000, 0x0000000747200000| Untracked 
|  87|0x0000000747300000, 0x0000000747300000, 0x0000000747400000|  0%| F|  |TAMS 0x0000000747300000, 0x0000000747300000| Untracked 
|  88|0x0000000747400000, 0x0000000747400000, 0x0000000747500000|  0%| F|  |TAMS 0x0000000747400000, 0x0000000747400000| Untracked 
|  89|0x0000000747500000, 0x0000000747600000, 0x0000000747600000|100%| S|CS|TAMS 0x0000000747500000, 0x0000000747500000| Complete 
|  90|0x0000000747600000, 0x0000000747700000, 0x0000000747700000|100%| S|CS|TAMS 0x0000000747600000, 0x0000000747600000| Complete 
|  91|0x0000000747700000, 0x0000000747800000, 0x0000000747800000|100%| S|CS|TAMS 0x0000000747700000, 0x0000000747700000| Complete 
|  92|0x0000000747800000, 0x0000000747900000, 0x0000000747900000|100%| S|CS|TAMS 0x0000000747800000, 0x0000000747800000| Complete 
|  93|0x0000000747900000, 0x0000000747900000, 0x0000000747a00000|  0%| F|  |TAMS 0x0000000747900000, 0x0000000747900000| Untracked 
|  94|0x0000000747a00000, 0x0000000747a00000, 0x0000000747b00000|  0%| F|  |TAMS 0x0000000747a00000, 0x0000000747a00000| Untracked 
|  95|0x0000000747b00000, 0x0000000747b00000, 0x0000000747c00000|  0%| F|  |TAMS 0x0000000747b00000, 0x0000000747b00000| Untracked 
|  96|0x0000000747c00000, 0x0000000747c00000, 0x0000000747d00000|  0%| F|  |TAMS 0x0000000747c00000, 0x0000000747c00000| Untracked 
|  97|0x0000000747d00000, 0x0000000747e00000, 0x0000000747e00000|100%| S|CS|TAMS 0x0000000747d00000, 0x0000000747d00000| Complete 
|  98|0x0000000747e00000, 0x0000000747f00000, 0x0000000747f00000|100%| S|CS|TAMS 0x0000000747e00000, 0x0000000747e00000| Complete 
|  99|0x0000000747f00000, 0x0000000748000000, 0x0000000748000000|100%| S|CS|TAMS 0x0000000747f00000, 0x0000000747f00000| Complete 
| 100|0x0000000748000000, 0x0000000748000000, 0x0000000748100000|  0%| F|  |TAMS 0x0000000748000000, 0x0000000748000000| Untracked 
| 101|0x0000000748100000, 0x0000000748100000, 0x0000000748200000|  0%| F|  |TAMS 0x0000000748100000, 0x0000000748100000| Untracked 
| 102|0x0000000748200000, 0x0000000748200000, 0x0000000748300000|  0%| F|  |TAMS 0x0000000748200000, 0x0000000748200000| Untracked 
| 103|0x0000000748300000, 0x0000000748300000, 0x0000000748400000|  0%| F|  |TAMS 0x0000000748300000, 0x0000000748300000| Untracked 
| 104|0x0000000748400000, 0x0000000748400000, 0x0000000748500000|  0%| F|  |TAMS 0x0000000748400000, 0x0000000748400000| Untracked 
| 105|0x0000000748500000, 0x0000000748500000, 0x0000000748600000|  0%| F|  |TAMS 0x0000000748500000, 0x0000000748500000| Untracked 
| 106|0x0000000748600000, 0x0000000748600000, 0x0000000748700000|  0%| F|  |TAMS 0x0000000748600000, 0x0000000748600000| Untracked 
| 107|0x0000000748700000, 0x0000000748700000, 0x0000000748800000|  0%| F|  |TAMS 0x0000000748700000, 0x0000000748700000| Untracked 
| 108|0x0000000748800000, 0x0000000748800000, 0x0000000748900000|  0%| F|  |TAMS 0x0000000748800000, 0x0000000748800000| Untracked 
| 109|0x0000000748900000, 0x0000000748900000, 0x0000000748a00000|  0%| F|  |TAMS 0x0000000748900000, 0x0000000748900000| Untracked 
| 110|0x0000000748a00000, 0x0000000748a00000, 0x0000000748b00000|  0%| F|  |TAMS 0x0000000748a00000, 0x0000000748a00000| Untracked 
| 111|0x0000000748b00000, 0x0000000748b00000, 0x0000000748c00000|  0%| F|  |TAMS 0x0000000748b00000, 0x0000000748b00000| Untracked 
| 112|0x0000000748c00000, 0x0000000748c00000, 0x0000000748d00000|  0%| F|  |TAMS 0x0000000748c00000, 0x0000000748c00000| Untracked 
| 113|0x0000000748d00000, 0x0000000748d00000, 0x0000000748e00000|  0%| F|  |TAMS 0x0000000748d00000, 0x0000000748d00000| Untracked 
| 114|0x0000000748e00000, 0x0000000748e00000, 0x0000000748f00000|  0%| F|  |TAMS 0x0000000748e00000, 0x0000000748e00000| Untracked 
| 115|0x0000000748f00000, 0x0000000748f00000, 0x0000000749000000|  0%| F|  |TAMS 0x0000000748f00000, 0x0000000748f00000| Untracked 
| 116|0x0000000749000000, 0x0000000749000000, 0x0000000749100000|  0%| F|  |TAMS 0x0000000749000000, 0x0000000749000000| Untracked 
| 117|0x0000000749100000, 0x0000000749100000, 0x0000000749200000|  0%| F|  |TAMS 0x0000000749100000, 0x0000000749100000| Untracked 
| 118|0x0000000749200000, 0x0000000749200000, 0x0000000749300000|  0%| F|  |TAMS 0x0000000749200000, 0x0000000749200000| Untracked 
| 119|0x0000000749300000, 0x0000000749300000, 0x0000000749400000|  0%| F|  |TAMS 0x0000000749300000, 0x0000000749300000| Untracked 
| 120|0x0000000749400000, 0x0000000749400000, 0x0000000749500000|  0%| F|  |TAMS 0x0000000749400000, 0x0000000749400000| Untracked 
| 121|0x0000000749500000, 0x0000000749500000, 0x0000000749600000|  0%| F|  |TAMS 0x0000000749500000, 0x0000000749500000| Untracked 
| 122|0x0000000749600000, 0x0000000749600000, 0x0000000749700000|  0%| F|  |TAMS 0x0000000749600000, 0x0000000749600000| Untracked 
| 123|0x0000000749700000, 0x0000000749700000, 0x0000000749800000|  0%| F|  |TAMS 0x0000000749700000, 0x0000000749700000| Untracked 
| 124|0x0000000749800000, 0x0000000749800000, 0x0000000749900000|  0%| F|  |TAMS 0x0000000749800000, 0x0000000749800000| Untracked 
| 125|0x0000000749900000, 0x0000000749900000, 0x0000000749a00000|  0%| F|  |TAMS 0x0000000749900000, 0x0000000749900000| Untracked 
| 126|0x0000000749a00000, 0x0000000749a00000, 0x0000000749b00000|  0%| F|  |TAMS 0x0000000749a00000, 0x0000000749a00000| Untracked 
| 127|0x0000000749b00000, 0x0000000749b00000, 0x0000000749c00000|  0%| F|  |TAMS 0x0000000749b00000, 0x0000000749b00000| Untracked 
| 128|0x0000000749c00000, 0x0000000749c00000, 0x0000000749d00000|  0%| F|  |TAMS 0x0000000749c00000, 0x0000000749c00000| Untracked 
| 129|0x0000000749d00000, 0x0000000749d00000, 0x0000000749e00000|  0%| F|  |TAMS 0x0000000749d00000, 0x0000000749d00000| Untracked 
| 130|0x0000000749e00000, 0x0000000749e00000, 0x0000000749f00000|  0%| F|  |TAMS 0x0000000749e00000, 0x0000000749e00000| Untracked 
| 131|0x0000000749f00000, 0x0000000749f00000, 0x000000074a000000|  0%| F|  |TAMS 0x0000000749f00000, 0x0000000749f00000| Untracked 
| 132|0x000000074a000000, 0x000000074a000000, 0x000000074a100000|  0%| F|  |TAMS 0x000000074a000000, 0x000000074a000000| Untracked 
| 133|0x000000074a100000, 0x000000074a100000, 0x000000074a200000|  0%| F|  |TAMS 0x000000074a100000, 0x000000074a100000| Untracked 
| 134|0x000000074a200000, 0x000000074a200000, 0x000000074a300000|  0%| F|  |TAMS 0x000000074a200000, 0x000000074a200000| Untracked 
| 135|0x000000074a300000, 0x000000074a300000, 0x000000074a400000|  0%| F|  |TAMS 0x000000074a300000, 0x000000074a300000| Untracked 
| 136|0x000000074a400000, 0x000000074a400000, 0x000000074a500000|  0%| F|  |TAMS 0x000000074a400000, 0x000000074a400000| Untracked 
| 137|0x000000074a500000, 0x000000074a500000, 0x000000074a600000|  0%| F|  |TAMS 0x000000074a500000, 0x000000074a500000| Untracked 
| 138|0x000000074a600000, 0x000000074a600000, 0x000000074a700000|  0%| F|  |TAMS 0x000000074a600000, 0x000000074a600000| Untracked 
| 139|0x000000074a700000, 0x000000074a700000, 0x000000074a800000|  0%| F|  |TAMS 0x000000074a700000, 0x000000074a700000| Untracked 
| 140|0x000000074a800000, 0x000000074a800000, 0x000000074a900000|  0%| F|  |TAMS 0x000000074a800000, 0x000000074a800000| Untracked 
| 141|0x000000074a900000, 0x000000074a900000, 0x000000074aa00000|  0%| F|  |TAMS 0x000000074a900000, 0x000000074a900000| Untracked 
| 142|0x000000074aa00000, 0x000000074aa00000, 0x000000074ab00000|  0%| F|  |TAMS 0x000000074aa00000, 0x000000074aa00000| Untracked 
| 143|0x000000074ab00000, 0x000000074ab00000, 0x000000074ac00000|  0%| F|  |TAMS 0x000000074ab00000, 0x000000074ab00000| Untracked 
| 144|0x000000074ac00000, 0x000000074ac00000, 0x000000074ad00000|  0%| F|  |TAMS 0x000000074ac00000, 0x000000074ac00000| Untracked 
| 145|0x000000074ad00000, 0x000000074ad00000, 0x000000074ae00000|  0%| F|  |TAMS 0x000000074ad00000, 0x000000074ad00000| Untracked 
| 146|0x000000074ae00000, 0x000000074ae00000, 0x000000074af00000|  0%| F|  |TAMS 0x000000074ae00000, 0x000000074ae00000| Untracked 
| 147|0x000000074af00000, 0x000000074af00000, 0x000000074b000000|  0%| F|  |TAMS 0x000000074af00000, 0x000000074af00000| Untracked 
| 148|0x000000074b000000, 0x000000074b000000, 0x000000074b100000|  0%| F|  |TAMS 0x000000074b000000, 0x000000074b000000| Untracked 
| 149|0x000000074b100000, 0x000000074b100000, 0x000000074b200000|  0%| F|  |TAMS 0x000000074b100000, 0x000000074b100000| Untracked 
| 150|0x000000074b200000, 0x000000074b200000, 0x000000074b300000|  0%| F|  |TAMS 0x000000074b200000, 0x000000074b200000| Untracked 
| 151|0x000000074b300000, 0x000000074b300000, 0x000000074b400000|  0%| F|  |TAMS 0x000000074b300000, 0x000000074b300000| Untracked 
| 152|0x000000074b400000, 0x000000074b400000, 0x000000074b500000|  0%| F|  |TAMS 0x000000074b400000, 0x000000074b400000| Untracked 
| 153|0x000000074b500000, 0x000000074b500000, 0x000000074b600000|  0%| F|  |TAMS 0x000000074b500000, 0x000000074b500000| Untracked 
| 154|0x000000074b600000, 0x000000074b600000, 0x000000074b700000|  0%| F|  |TAMS 0x000000074b600000, 0x000000074b600000| Untracked 
| 155|0x000000074b700000, 0x000000074b700000, 0x000000074b800000|  0%| F|  |TAMS 0x000000074b700000, 0x000000074b700000| Untracked 
| 156|0x000000074b800000, 0x000000074b800000, 0x000000074b900000|  0%| F|  |TAMS 0x000000074b800000, 0x000000074b800000| Untracked 
| 157|0x000000074b900000, 0x000000074b900000, 0x000000074ba00000|  0%| F|  |TAMS 0x000000074b900000, 0x000000074b900000| Untracked 
| 158|0x000000074ba00000, 0x000000074ba00000, 0x000000074bb00000|  0%| F|  |TAMS 0x000000074ba00000, 0x000000074ba00000| Untracked 
| 159|0x000000074bb00000, 0x000000074bb00000, 0x000000074bc00000|  0%| F|  |TAMS 0x000000074bb00000, 0x000000074bb00000| Untracked 
| 160|0x000000074bc00000, 0x000000074bc00000, 0x000000074bd00000|  0%| F|  |TAMS 0x000000074bc00000, 0x000000074bc00000| Untracked 
| 161|0x000000074bd00000, 0x000000074bd00000, 0x000000074be00000|  0%| F|  |TAMS 0x000000074bd00000, 0x000000074bd00000| Untracked 
| 162|0x000000074be00000, 0x000000074be00000, 0x000000074bf00000|  0%| F|  |TAMS 0x000000074be00000, 0x000000074be00000| Untracked 
| 163|0x000000074bf00000, 0x000000074bf00000, 0x000000074c000000|  0%| F|  |TAMS 0x000000074bf00000, 0x000000074bf00000| Untracked 
| 164|0x000000074c000000, 0x000000074c000000, 0x000000074c100000|  0%| F|  |TAMS 0x000000074c000000, 0x000000074c000000| Untracked 
| 165|0x000000074c100000, 0x000000074c100000, 0x000000074c200000|  0%| F|  |TAMS 0x000000074c100000, 0x000000074c100000| Untracked 
| 166|0x000000074c200000, 0x000000074c200000, 0x000000074c300000|  0%| F|  |TAMS 0x000000074c200000, 0x000000074c200000| Untracked 
| 167|0x000000074c300000, 0x000000074c300000, 0x000000074c400000|  0%| F|  |TAMS 0x000000074c300000, 0x000000074c300000| Untracked 
| 168|0x000000074c400000, 0x000000074c400000, 0x000000074c500000|  0%| F|  |TAMS 0x000000074c400000, 0x000000074c400000| Untracked 
| 169|0x000000074c500000, 0x000000074c500000, 0x000000074c600000|  0%| F|  |TAMS 0x000000074c500000, 0x000000074c500000| Untracked 
| 170|0x000000074c600000, 0x000000074c600000, 0x000000074c700000|  0%| F|  |TAMS 0x000000074c600000, 0x000000074c600000| Untracked 
| 171|0x000000074c700000, 0x000000074c700000, 0x000000074c800000|  0%| F|  |TAMS 0x000000074c700000, 0x000000074c700000| Untracked 
| 172|0x000000074c800000, 0x000000074c800000, 0x000000074c900000|  0%| F|  |TAMS 0x000000074c800000, 0x000000074c800000| Untracked 
| 173|0x000000074c900000, 0x000000074c900000, 0x000000074ca00000|  0%| F|  |TAMS 0x000000074c900000, 0x000000074c900000| Untracked 
| 174|0x000000074ca00000, 0x000000074ca00000, 0x000000074cb00000|  0%| F|  |TAMS 0x000000074ca00000, 0x000000074ca00000| Untracked 
| 175|0x000000074cb00000, 0x000000074cb00000, 0x000000074cc00000|  0%| F|  |TAMS 0x000000074cb00000, 0x000000074cb00000| Untracked 
| 176|0x000000074cc00000, 0x000000074cc00000, 0x000000074cd00000|  0%| F|  |TAMS 0x000000074cc00000, 0x000000074cc00000| Untracked 
| 177|0x000000074cd00000, 0x000000074cd00000, 0x000000074ce00000|  0%| F|  |TAMS 0x000000074cd00000, 0x000000074cd00000| Untracked 
| 178|0x000000074ce00000, 0x000000074ce00000, 0x000000074cf00000|  0%| F|  |TAMS 0x000000074ce00000, 0x000000074ce00000| Untracked 
| 179|0x000000074cf00000, 0x000000074d000000, 0x000000074d000000|100%| E|  |TAMS 0x000000074cf00000, 0x000000074cf00000| Complete 
| 180|0x000000074d000000, 0x000000074d100000, 0x000000074d100000|100%| E|CS|TAMS 0x000000074d000000, 0x000000074d000000| Complete 
| 181|0x000000074d100000, 0x000000074d200000, 0x000000074d200000|100%| E|CS|TAMS 0x000000074d100000, 0x000000074d100000| Complete 
| 182|0x000000074d200000, 0x000000074d300000, 0x000000074d300000|100%| E|CS|TAMS 0x000000074d200000, 0x000000074d200000| Complete 
| 183|0x000000074d300000, 0x000000074d400000, 0x000000074d400000|100%| E|CS|TAMS 0x000000074d300000, 0x000000074d300000| Complete 
| 184|0x000000074d400000, 0x000000074d500000, 0x000000074d500000|100%| E|CS|TAMS 0x000000074d400000, 0x000000074d400000| Complete 
| 185|0x000000074d500000, 0x000000074d600000, 0x000000074d600000|100%| E|CS|TAMS 0x000000074d500000, 0x000000074d500000| Complete 
| 186|0x000000074d600000, 0x000000074d700000, 0x000000074d700000|100%| E|CS|TAMS 0x000000074d600000, 0x000000074d600000| Complete 
| 187|0x000000074d700000, 0x000000074d800000, 0x000000074d800000|100%| E|CS|TAMS 0x000000074d700000, 0x000000074d700000| Complete 
| 188|0x000000074d800000, 0x000000074d900000, 0x000000074d900000|100%| E|CS|TAMS 0x000000074d800000, 0x000000074d800000| Complete 
| 189|0x000000074d900000, 0x000000074da00000, 0x000000074da00000|100%| E|CS|TAMS 0x000000074d900000, 0x000000074d900000| Complete 
| 190|0x000000074da00000, 0x000000074db00000, 0x000000074db00000|100%| E|CS|TAMS 0x000000074da00000, 0x000000074da00000| Complete 
| 191|0x000000074db00000, 0x000000074dc00000, 0x000000074dc00000|100%| E|CS|TAMS 0x000000074db00000, 0x000000074db00000| Complete 
| 192|0x000000074dc00000, 0x000000074dd00000, 0x000000074dd00000|100%| E|CS|TAMS 0x000000074dc00000, 0x000000074dc00000| Complete 
| 193|0x000000074dd00000, 0x000000074de00000, 0x000000074de00000|100%| E|CS|TAMS 0x000000074dd00000, 0x000000074dd00000| Complete 
| 194|0x000000074de00000, 0x000000074df00000, 0x000000074df00000|100%| E|CS|TAMS 0x000000074de00000, 0x000000074de00000| Complete 
| 195|0x000000074df00000, 0x000000074e000000, 0x000000074e000000|100%| E|CS|TAMS 0x000000074df00000, 0x000000074df00000| Complete 
| 196|0x000000074e000000, 0x000000074e100000, 0x000000074e100000|100%| E|CS|TAMS 0x000000074e000000, 0x000000074e000000| Complete 
| 197|0x000000074e100000, 0x000000074e200000, 0x000000074e200000|100%| E|CS|TAMS 0x000000074e100000, 0x000000074e100000| Complete 
| 198|0x000000074e200000, 0x000000074e300000, 0x000000074e300000|100%| E|CS|TAMS 0x000000074e200000, 0x000000074e200000| Complete 
| 199|0x000000074e300000, 0x000000074e400000, 0x000000074e400000|100%| E|CS|TAMS 0x000000074e300000, 0x000000074e300000| Complete 
| 200|0x000000074e400000, 0x000000074e500000, 0x000000074e500000|100%| E|CS|TAMS 0x000000074e400000, 0x000000074e400000| Complete 
| 201|0x000000074e500000, 0x000000074e600000, 0x000000074e600000|100%| E|CS|TAMS 0x000000074e500000, 0x000000074e500000| Complete 
| 202|0x000000074e600000, 0x000000074e700000, 0x000000074e700000|100%| E|CS|TAMS 0x000000074e600000, 0x000000074e600000| Complete 
| 203|0x000000074e700000, 0x000000074e800000, 0x000000074e800000|100%| E|CS|TAMS 0x000000074e700000, 0x000000074e700000| Complete 
| 204|0x000000074e800000, 0x000000074e900000, 0x000000074e900000|100%| E|CS|TAMS 0x000000074e800000, 0x000000074e800000| Complete 
| 205|0x000000074e900000, 0x000000074ea00000, 0x000000074ea00000|100%| E|CS|TAMS 0x000000074e900000, 0x000000074e900000| Complete 
| 206|0x000000074ea00000, 0x000000074eb00000, 0x000000074eb00000|100%| E|CS|TAMS 0x000000074ea00000, 0x000000074ea00000| Complete 
| 207|0x000000074eb00000, 0x000000074ec00000, 0x000000074ec00000|100%| E|CS|TAMS 0x000000074eb00000, 0x000000074eb00000| Complete 
| 208|0x000000074ec00000, 0x000000074ed00000, 0x000000074ed00000|100%| E|CS|TAMS 0x000000074ec00000, 0x000000074ec00000| Complete 
| 209|0x000000074ed00000, 0x000000074ee00000, 0x000000074ee00000|100%| E|CS|TAMS 0x000000074ed00000, 0x000000074ed00000| Complete 
| 210|0x000000074ee00000, 0x000000074ef00000, 0x000000074ef00000|100%| E|CS|TAMS 0x000000074ee00000, 0x000000074ee00000| Complete 
| 211|0x000000074ef00000, 0x000000074f000000, 0x000000074f000000|100%| E|CS|TAMS 0x000000074ef00000, 0x000000074ef00000| Complete 
| 212|0x000000074f000000, 0x000000074f100000, 0x000000074f100000|100%| E|CS|TAMS 0x000000074f000000, 0x000000074f000000| Complete 
| 213|0x000000074f100000, 0x000000074f200000, 0x000000074f200000|100%| E|CS|TAMS 0x000000074f100000, 0x000000074f100000| Complete 
| 214|0x000000074f200000, 0x000000074f300000, 0x000000074f300000|100%| E|CS|TAMS 0x000000074f200000, 0x000000074f200000| Complete 
| 215|0x000000074f300000, 0x000000074f400000, 0x000000074f400000|100%| E|CS|TAMS 0x000000074f300000, 0x000000074f300000| Complete 
| 216|0x000000074f400000, 0x000000074f500000, 0x000000074f500000|100%| E|CS|TAMS 0x000000074f400000, 0x000000074f400000| Complete 
| 217|0x000000074f500000, 0x000000074f600000, 0x000000074f600000|100%| E|CS|TAMS 0x000000074f500000, 0x000000074f500000| Complete 
| 218|0x000000074f600000, 0x000000074f700000, 0x000000074f700000|100%| E|CS|TAMS 0x000000074f600000, 0x000000074f600000| Complete 
| 219|0x000000074f700000, 0x000000074f800000, 0x000000074f800000|100%| E|CS|TAMS 0x000000074f700000, 0x000000074f700000| Complete 
| 220|0x000000074f800000, 0x000000074f900000, 0x000000074f900000|100%| E|CS|TAMS 0x000000074f800000, 0x000000074f800000| Complete 
| 221|0x000000074f900000, 0x000000074fa00000, 0x000000074fa00000|100%| E|CS|TAMS 0x000000074f900000, 0x000000074f900000| Complete 
| 222|0x000000074fa00000, 0x000000074fb00000, 0x000000074fb00000|100%| E|CS|TAMS 0x000000074fa00000, 0x000000074fa00000| Complete 
| 223|0x000000074fb00000, 0x000000074fc00000, 0x000000074fc00000|100%| E|CS|TAMS 0x000000074fb00000, 0x000000074fb00000| Complete 
| 224|0x000000074fc00000, 0x000000074fd00000, 0x000000074fd00000|100%| E|CS|TAMS 0x000000074fc00000, 0x000000074fc00000| Complete 
| 225|0x000000074fd00000, 0x000000074fe00000, 0x000000074fe00000|100%| E|CS|TAMS 0x000000074fd00000, 0x000000074fd00000| Complete 
| 226|0x000000074fe00000, 0x000000074ff00000, 0x000000074ff00000|100%| E|CS|TAMS 0x000000074fe00000, 0x000000074fe00000| Complete 
| 227|0x000000074ff00000, 0x0000000750000000, 0x0000000750000000|100%| E|CS|TAMS 0x000000074ff00000, 0x000000074ff00000| Complete 
| 228|0x0000000750000000, 0x0000000750100000, 0x0000000750100000|100%| E|CS|TAMS 0x0000000750000000, 0x0000000750000000| Complete 
| 229|0x0000000750100000, 0x0000000750200000, 0x0000000750200000|100%| E|CS|TAMS 0x0000000750100000, 0x0000000750100000| Complete 
| 230|0x0000000750200000, 0x0000000750300000, 0x0000000750300000|100%| E|CS|TAMS 0x0000000750200000, 0x0000000750200000| Complete 

Card table byte_map: [0x0000021f1d1e0000,0x0000021f1d7e0000] _byte_map_base: 0x0000021f197d2000

Marking Bits (Prev, Next): (CMBitMap*) 0x0000021f0393f210, (CMBitMap*) 0x0000021f0393f1d8
 Prev Bits: [0x0000021f20d70000, 0x0000021f23d00000)
 Next Bits: [0x0000021f1dde0000, 0x0000021f20d70000)

Polling page: 0x0000021f039c0000

Metaspace:

Usage:
  Non-class:     61.62 MB capacity,    60.28 MB ( 98%) used,     1.09 MB (  2%) free+waste,   256.50 KB ( <1%) overhead. 
      Class:      9.20 MB capacity,     8.35 MB ( 91%) used,   749.18 KB (  8%) free+waste,   121.81 KB (  1%) overhead. 
       Both:     70.81 MB capacity,    68.62 MB ( 97%) used,     1.82 MB (  3%) free+waste,   378.31 KB ( <1%) overhead. 

Virtual space:
  Non-class space:       62.00 MB reserved,      61.82 MB (>99%) committed 
      Class space:        1.00 GB reserved,       9.27 MB ( <1%) committed 
             Both:        1.06 GB reserved,      71.09 MB (  7%) committed 

Chunk freelists:
   Non-Class:  1.50 KB
       Class:  2.88 KB
        Both:  4.38 KB

CodeHeap 'non-profiled nmethods': size=238912Kb used=21217Kb max_used=21217Kb free=217694Kb
 bounds [0x0000021f0dc70000, 0x0000021f0f130000, 0x0000021f1c5c0000]
CodeHeap 'non-nmethods': size=6848Kb used=1384Kb max_used=1384Kb free=5463Kb
 bounds [0x0000021f0d5c0000, 0x0000021f0d830000, 0x0000021f0dc70000]
 total_blobs=12274 nmethods=11591 adapters=615
 compilation: enabled
              stopped_count=0, restarted_count=0
 full_count=0

Compilation events (10 events):
Event: 1812.181 Thread 0x0000021f26c42800 11587       1       java.lang.Throwable::<init> (29 bytes)
Event: 1812.181 Thread 0x0000021f26c42800 nmethod 11587 0x0000021f0f127410 code [0x0000021f0f1275c0, 0x0000021f0f1277e8]
Event: 1907.600 Thread 0x0000021f26c42800 11588       1       com.zaxxer.hikari.pool.HikariPool::access$400 (5 bytes)
Event: 1907.600 Thread 0x0000021f26c42800 nmethod 11588 0x0000021f0f127890 code [0x0000021f0f127a20, 0x0000021f0f127ab8]
Event: 1953.143 Thread 0x0000021f26c42800 11589       1       org.apache.tomcat.util.net.NioEndpoint::getUnixDomainSocketPath (5 bytes)
Event: 1953.143 Thread 0x0000021f26c42800 nmethod 11589 0x0000021f0f127b90 code [0x0000021f0f127d20, 0x0000021f0f127dd8]
Event: 1963.832 Thread 0x0000021f26c42800 11590       1       java.lang.reflect.Field::getFieldAccessor (35 bytes)
Event: 1963.832 Thread 0x0000021f26c42800 nmethod 11590 0x0000021f0f127e90 code [0x0000021f0f128040, 0x0000021f0f128168]
Event: 1965.789 Thread 0x0000021f26c42800 11591       1       org.springframework.web.servlet.mvc.condition.ProducesRequestCondition::getExpressionsToCompare (23 bytes)
Event: 1965.789 Thread 0x0000021f26c42800 nmethod 11591 0x0000021f0f128210 code [0x0000021f0f1283c0, 0x0000021f0f1284c8]

GC Heap History (10 events):
Event: 1219.443 GC heap before
{Heap before GC invocations=17 (full 0):
 garbage-first heap   total 236544K, used 226028K [0x0000000741c00000, 0x0000000800000000)
  region size 1024K, 138 young (141312K), 8 survivors (8192K)
 Metaspace       used 68956K, capacity 71172K, committed 71388K, reserved 1112064K
  class space    used 8419K, capacity 9274K, committed 9368K, reserved 1048576K
}
Event: 1219.452 GC heap after
{Heap after GC invocations=18 (full 0):
 garbage-first heap   total 236544K, used 38309K [0x0000000741c00000, 0x0000000800000000)
  region size 1024K, 7 young (7168K), 7 survivors (7168K)
 Metaspace       used 68956K, capacity 71172K, committed 71388K, reserved 1112064K
  class space    used 8419K, capacity 9274K, committed 9368K, reserved 1048576K
}
Event: 1317.431 GC heap before
{Heap before GC invocations=18 (full 0):
 garbage-first heap   total 236544K, used 226725K [0x0000000741c00000, 0x0000000800000000)
  region size 1024K, 138 young (141312K), 7 survivors (7168K)
 Metaspace       used 69102K, capacity 71237K, committed 71388K, reserved 1112064K
  class space    used 8425K, capacity 9274K, committed 9368K, reserved 1048576K
}
Event: 1317.439 GC heap after
{Heap after GC invocations=19 (full 0):
 garbage-first heap   total 236544K, used 38328K [0x0000000741c00000, 0x0000000800000000)
  region size 1024K, 7 young (7168K), 7 survivors (7168K)
 Metaspace       used 69102K, capacity 71237K, committed 71388K, reserved 1112064K
  class space    used 8425K, capacity 9274K, committed 9368K, reserved 1048576K
}
Event: 1558.080 GC heap before
{Heap before GC invocations=19 (full 0):
 garbage-first heap   total 236544K, used 186808K [0x0000000741c00000, 0x0000000800000000)
  region size 1024K, 138 young (141312K), 7 survivors (7168K)
 Metaspace       used 69707K, capacity 71904K, committed 72156K, reserved 1112064K
  class space    used 8488K, capacity 9345K, committed 9368K, reserved 1048576K
}
Event: 1558.090 GC heap after
{Heap after GC invocations=20 (full 0):
 garbage-first heap   total 236544K, used 38028K [0x0000000741c00000, 0x0000000800000000)
  region size 1024K, 8 young (8192K), 8 survivors (8192K)
 Metaspace       used 69707K, capacity 71904K, committed 72156K, reserved 1112064K
  class space    used 8488K, capacity 9345K, committed 9368K, reserved 1048576K
}
Event: 1584.575 GC heap before
{Heap before GC invocations=20 (full 0):
 garbage-first heap   total 236544K, used 183436K [0x0000000741c00000, 0x0000000800000000)
  region size 1024K, 138 young (141312K), 8 survivors (8192K)
 Metaspace       used 69734K, capacity 71968K, committed 72156K, reserved 1112064K
  class space    used 8489K, capacity 9345K, committed 9368K, reserved 1048576K
}
Event: 1584.583 GC heap after
{Heap after GC invocations=21 (full 0):
 garbage-first heap   total 236544K, used 37704K [0x0000000741c00000, 0x0000000800000000)
  region size 1024K, 8 young (8192K), 8 survivors (8192K)
 Metaspace       used 69734K, capacity 71968K, committed 72156K, reserved 1112064K
  class space    used 8489K, capacity 9345K, committed 9368K, reserved 1048576K
}
Event: 1793.160 GC heap before
{Heap before GC invocations=21 (full 0):
 garbage-first heap   total 236544K, used 204616K [0x0000000741c00000, 0x0000000800000000)
  region size 1024K, 138 young (141312K), 8 survivors (8192K)
 Metaspace       used 70234K, capacity 72428K, committed 72540K, reserved 1112064K
  class space    used 8541K, capacity 9411K, committed 9496K, reserved 1048576K
}
Event: 1793.172 GC heap after
{Heap after GC invocations=22 (full 0):
 garbage-first heap   total 236544K, used 38385K [0x0000000741c00000, 0x0000000800000000)
  region size 1024K, 8 young (8192K), 8 survivors (8192K)
 Metaspace       used 70234K, capacity 72428K, committed 72540K, reserved 1112064K
  class space    used 8541K, capacity 9411K, committed 9496K, reserved 1048576K
}

Deoptimization events (0 events):
No events

Classes redefined (0 events):
No events

Internal exceptions (10 events):
Event: 1512.390 Thread 0x0000021f2a05e800 Exception <a 'java/io/FileNotFoundException'{0x000000074a3a3a20}> (0x000000074a3a3a20) thrown at [./open/src/hotspot/share/prims/jni.cpp, line 611]
Event: 1512.391 Thread 0x0000021f2a061000 Exception <a 'java/io/FileNotFoundException'{0x000000074a3cdb70}> (0x000000074a3cdb70) thrown at [./open/src/hotspot/share/prims/jni.cpp, line 611]
Event: 1547.045 Thread 0x0000021f2a063000 Exception <a 'java/io/FileNotFoundException'{0x000000074903a368}> (0x000000074903a368) thrown at [./open/src/hotspot/share/prims/jni.cpp, line 611]
Event: 1547.046 Thread 0x0000021f2a061800 Exception <a 'java/io/FileNotFoundException'{0x0000000748a1fcf8}> (0x0000000748a1fcf8) thrown at [./open/src/hotspot/share/prims/jni.cpp, line 611]
Event: 1554.281 Thread 0x0000021f2a05d800 Exception <a 'java/io/FileNotFoundException'{0x0000000748a421c8}> (0x0000000748a421c8) thrown at [./open/src/hotspot/share/prims/jni.cpp, line 611]
Event: 1554.281 Thread 0x0000021f2a062800 Exception <a 'java/io/FileNotFoundException'{0x0000000748aa5f48}> (0x0000000748aa5f48) thrown at [./open/src/hotspot/share/prims/jni.cpp, line 611]
Event: 1561.205 Thread 0x0000021f2a895000 Exception <a 'java/io/FileNotFoundException'{0x000000074e89fde0}> (0x000000074e89fde0) thrown at [./open/src/hotspot/share/prims/jni.cpp, line 611]
Event: 1561.207 Thread 0x0000021f2a061800 Exception <a 'java/io/FileNotFoundException'{0x000000074e6c7798}> (0x000000074e6c7798) thrown at [./open/src/hotspot/share/prims/jni.cpp, line 611]
Event: 1566.361 Thread 0x0000021f2a065000 Exception <a 'java/io/FileNotFoundException'{0x000000074be05328}> (0x000000074be05328) thrown at [./open/src/hotspot/share/prims/jni.cpp, line 611]
Event: 1568.500 Thread 0x0000021f2a895000 Exception <a 'java/io/FileNotFoundException'{0x000000074aa8a130}> (0x000000074aa8a130) thrown at [./open/src/hotspot/share/prims/jni.cpp, line 611]

Events (10 events):
Event: 1968.775 Executing VM operation: RevokeBias
Event: 1968.776 Executing VM operation: RevokeBias done
Event: 1968.776 Executing VM operation: RevokeBias
Event: 1968.776 Executing VM operation: RevokeBias done
Event: 1968.776 Executing VM operation: RevokeBias
Event: 1968.776 Executing VM operation: RevokeBias done
Event: 1972.179 Thread 0x0000021f2a061000 DEOPT PACKING pc=0x0000021f0ea579ec sp=0x0000003142ffc0c0
Event: 1972.179 Thread 0x0000021f2a061000 DEOPT UNPACKING pc=0x0000021f0d5fbb5e sp=0x0000003142ffb6b0 mode 1
Event: 1972.179 Thread 0x0000021f2a061000 DEOPT PACKING pc=0x0000021f0ecb7d44 sp=0x0000003142ffc2b0
Event: 1972.179 Thread 0x0000021f2a061000 DEOPT UNPACKING pc=0x0000021f0d5fbb5e sp=0x0000003142ffb758 mode 1


Dynamic libraries:
0x00007ff7a0e00000 - 0x00007ff7a0e0f000 	C:\Program Files\Java\jdk-11.0.12\bin\java.exe
0x00007fff4d410000 - 0x00007fff4d605000 	C:\WINDOWS\SYSTEM32\ntdll.dll
0x00007fff4cea0000 - 0x00007fff4cf5e000 	C:\WINDOWS\System32\KERNEL32.DLL
0x00007fff4af50000 - 0x00007fff4b218000 	C:\WINDOWS\System32\KERNELBASE.dll
0x00007fff4adc0000 - 0x00007fff4aec0000 	C:\WINDOWS\System32\ucrtbase.dll
0x00007fff45d00000 - 0x00007fff45d18000 	C:\Program Files\Java\jdk-11.0.12\bin\jli.dll
0x00007fff4c550000 - 0x00007fff4c5fc000 	C:\WINDOWS\System32\ADVAPI32.dll
0x00007fff4c940000 - 0x00007fff4c9de000 	C:\WINDOWS\System32\msvcrt.dll
0x00007fff4c880000 - 0x00007fff4c91b000 	C:\WINDOWS\System32\sechost.dll
0x00007fff4d290000 - 0x00007fff4d3ba000 	C:\WINDOWS\System32\RPCRT4.dll
0x00007fff4c6d0000 - 0x00007fff4c871000 	C:\WINDOWS\System32\USER32.dll
0x00007fff4abd0000 - 0x00007fff4abf2000 	C:\WINDOWS\System32\win32u.dll
0x00007fff4b8e0000 - 0x00007fff4b90b000 	C:\WINDOWS\System32\GDI32.dll
0x00007fff4b340000 - 0x00007fff4b44d000 	C:\WINDOWS\System32\gdi32full.dll
0x00007fff4b250000 - 0x00007fff4b2ed000 	C:\WINDOWS\System32\msvcp_win.dll
0x00007fff45ce0000 - 0x00007fff45cf5000 	C:\Program Files\Java\jdk-11.0.12\bin\VCRUNTIME140.dll
0x00007fff37640000 - 0x00007fff378da000 	C:\WINDOWS\WinSxS\amd64_microsoft.windows.common-controls_6595b64144ccf1df_6.0.19041.1110_none_60b5254171f9507e\COMCTL32.dll
0x00007fff3ec00000 - 0x00007fff3ec0a000 	C:\WINDOWS\SYSTEM32\VERSION.dll
0x00007fff4ce70000 - 0x00007fff4cea0000 	C:\WINDOWS\System32\IMM32.DLL
0x00007fff446b0000 - 0x00007fff4474b000 	C:\Program Files\Java\jdk-11.0.12\bin\msvcp140.dll
0x00007fff03200000 - 0x00007fff03cff000 	C:\Program Files\Java\jdk-11.0.12\bin\server\jvm.dll
0x00007fff4c9e0000 - 0x00007fff4c9e8000 	C:\WINDOWS\System32\PSAPI.DLL
0x00007fff49280000 - 0x00007fff49289000 	C:\WINDOWS\SYSTEM32\WSOCK32.dll
0x00007fff4d1c0000 - 0x00007fff4d22b000 	C:\WINDOWS\System32\WS2_32.dll
0x00007fff37a90000 - 0x00007fff37ab7000 	C:\WINDOWS\SYSTEM32\WINMM.dll
0x00007fff493a0000 - 0x00007fff493b2000 	C:\WINDOWS\SYSTEM32\kernel.appcore.dll
0x00007fff45d40000 - 0x00007fff45d50000 	C:\Program Files\Java\jdk-11.0.12\bin\verify.dll
0x00007fff488c0000 - 0x00007fff48aa4000 	C:\WINDOWS\SYSTEM32\DBGHELP.DLL
0x00007fff31790000 - 0x00007fff317bc000 	C:\WINDOWS\SYSTEM32\dbgcore.DLL
0x00007fff4aec0000 - 0x00007fff4af42000 	C:\WINDOWS\System32\bcryptPrimitives.dll
0x00007fff44630000 - 0x00007fff44658000 	C:\Program Files\Java\jdk-11.0.12\bin\java.dll
0x00007fff45cd0000 - 0x00007fff45cda000 	C:\Program Files\Java\jdk-11.0.12\bin\jimage.dll
0x00007fff368c0000 - 0x00007fff368f8000 	C:\Program Files\Java\jdk-11.0.12\bin\jdwp.dll
0x00007fff44600000 - 0x00007fff4460e000 	C:\Program Files\Java\jdk-11.0.12\bin\instrument.dll
0x00007fff44610000 - 0x00007fff44626000 	C:\Program Files\Java\jdk-11.0.12\bin\zip.dll
0x00007fff4b910000 - 0x00007fff4c054000 	C:\WINDOWS\System32\SHELL32.dll
0x00007fff48ab0000 - 0x00007fff49244000 	C:\WINDOWS\SYSTEM32\windows.storage.dll
0x00007fff4b450000 - 0x00007fff4b7a5000 	C:\WINDOWS\System32\combase.dll
0x00007fff4a570000 - 0x00007fff4a59e000 	C:\WINDOWS\SYSTEM32\Wldp.dll
0x00007fff4d110000 - 0x00007fff4d1bd000 	C:\WINDOWS\System32\SHCORE.dll
0x00007fff4c4e0000 - 0x00007fff4c535000 	C:\WINDOWS\System32\shlwapi.dll
0x00007fff4aa60000 - 0x00007fff4aa7f000 	C:\WINDOWS\SYSTEM32\profapi.dll
0x00007fff389b0000 - 0x00007fff389ba000 	C:\Program Files\Java\jdk-11.0.12\bin\dt_socket.dll
0x00007fff4a2d0000 - 0x00007fff4a33a000 	C:\WINDOWS\system32\mswsock.dll
0x00007fff445d0000 - 0x00007fff445e9000 	C:\Program Files\Java\jdk-11.0.12\bin\net.dll
0x00007fff422f0000 - 0x00007fff423fc000 	C:\WINDOWS\SYSTEM32\WINHTTP.dll
0x00007fff1b830000 - 0x00007fff1b842000 	C:\Program Files\Java\jdk-11.0.12\bin\nio.dll
0x00007fff49fc0000 - 0x00007fff4a08b000 	C:\WINDOWS\SYSTEM32\DNSAPI.dll
0x00007fff49f70000 - 0x00007fff49fab000 	C:\WINDOWS\SYSTEM32\IPHLPAPI.DLL
0x00007fff4d3c0000 - 0x00007fff4d3c8000 	C:\WINDOWS\System32\NSI.dll
0x00007fff425e0000 - 0x00007fff425ea000 	C:\Windows\System32\rasadhlp.dll
0x00007fff3c440000 - 0x00007fff3c4bf000 	C:\WINDOWS\System32\fwpuclnt.dll
0x00007fff4b220000 - 0x00007fff4b247000 	C:\WINDOWS\System32\bcrypt.dll
0x00007fff368b0000 - 0x00007fff368b9000 	C:\Program Files\Java\jdk-11.0.12\bin\management.dll
0x00007fff36740000 - 0x00007fff3674b000 	C:\Program Files\Java\jdk-11.0.12\bin\management_ext.dll
0x00007fff4a4d0000 - 0x00007fff4a4e8000 	C:\WINDOWS\SYSTEM32\CRYPTSP.dll
0x00007fff49be0000 - 0x00007fff49c14000 	C:\WINDOWS\system32\rsaenh.dll
0x00007fff4a9e0000 - 0x00007fff4aa0e000 	C:\WINDOWS\SYSTEM32\USERENV.dll
0x00007fff4a4c0000 - 0x00007fff4a4cc000 	C:\WINDOWS\SYSTEM32\CRYPTBASE.dll
0x00007fff42810000 - 0x00007fff42827000 	C:\WINDOWS\SYSTEM32\dhcpcsvc6.DLL
0x00007fff427d0000 - 0x00007fff427ed000 	C:\WINDOWS\SYSTEM32\dhcpcsvc.DLL
0x00007fff23770000 - 0x00007fff23787000 	C:\WINDOWS\system32\napinsp.dll
0x00007fff23750000 - 0x00007fff2376b000 	C:\WINDOWS\system32\pnrpnsp.dll
0x00007fff45150000 - 0x00007fff45165000 	C:\WINDOWS\system32\wshbth.dll
0x00007fff45ca0000 - 0x00007fff45cbd000 	C:\WINDOWS\system32\NLAapi.dll
0x00007fff23730000 - 0x00007fff23742000 	C:\WINDOWS\System32\winrnr.dll
0x00007fff19290000 - 0x00007fff192b5000 	C:\Program Files\Java\jdk-11.0.12\bin\sunec.dll
0x00007fff445f0000 - 0x00007fff445fd000 	C:\Program Files\Java\jdk-11.0.12\bin\sunmscapi.dll
0x00007fff4ac00000 - 0x00007fff4ad56000 	C:\WINDOWS\System32\CRYPT32.dll
0x00007fff4a5e0000 - 0x00007fff4a607000 	C:\WINDOWS\SYSTEM32\ncrypt.dll
0x00007fff4a5a0000 - 0x00007fff4a5db000 	C:\WINDOWS\SYSTEM32\NTASN1.dll
0x00007fff49810000 - 0x00007fff49843000 	C:\WINDOWS\SYSTEM32\ntmarta.dll
0x0000000180000000 - 0x0000000180031000 	C:\Users\ASUS\AppData\Local\Temp\jna12929052871835773949.tmp
0x00007fff15b90000 - 0x00007fff15ba7000 	D:\code\finalDesign\sdk\faceEngine\Release\FaceEngineSDK.dll
0x00007fff0c1e0000 - 0x00007fff0c20f000 	D:\code\finalDesign\sdk\faceEngine\Release\SeetaGenderPredictor600.dll
0x00007fff0c1b0000 - 0x00007fff0c1df000 	D:\code\finalDesign\sdk\faceEngine\Release\SeetaFaceLandmarker600.dll
0x00007fff09cc0000 - 0x00007fff09cef000 	D:\code\finalDesign\sdk\faceEngine\Release\SeetaFaceDetector600.dll
0x00007fff04630000 - 0x00007fff04664000 	D:\code\finalDesign\sdk\faceEngine\Release\SeetaQualityAssessor300.dll
0x00007fff15490000 - 0x00007fff154a3000 	D:\code\finalDesign\sdk\faceEngine\Release\SeetaFaceTracking600.dll
0x00007fff02660000 - 0x00007fff026a8000 	D:\code\finalDesign\sdk\faceEngine\Release\SeetaFaceRecognizer610.dll
0x00007ffefca60000 - 0x00007ffefcaa1000 	D:\code\finalDesign\sdk\faceEngine\Release\SeetaFaceAntiSpoofingX600.dll
0x00007fff05720000 - 0x00007fff0574f000 	D:\code\finalDesign\sdk\faceEngine\Release\SeetaAgePredictor600.dll
0x00007ffedd2b0000 - 0x00007ffee0888000 	D:\code\finalDesign\sdk\faceEngine\Release\opencv_world3413.dll
0x00007ffefca20000 - 0x00007ffefca56000 	D:\code\finalDesign\sdk\faceEngine\Release\SeetaAuthorize.dll
0x00007ffeea950000 - 0x00007ffeeac14000 	D:\code\finalDesign\sdk\faceEngine\Release\tennis.dll
0x00007ffefc9e0000 - 0x00007ffefca11000 	C:\WINDOWS\SYSTEM32\VCOMP140.DLL
0x00007fff02460000 - 0x00007fff0248b000 	D:\code\finalDesign\sdk\faceEngine\Release\SeetaPoseEstimation600.dll
0x00007fff4b7b0000 - 0x00007fff4b8da000 	C:\WINDOWS\System32\ole32.dll
0x00007fff4c600000 - 0x00007fff4c6cd000 	C:\WINDOWS\System32\OLEAUT32.dll
0x00007fff4c350000 - 0x00007fff4c42a000 	C:\WINDOWS\System32\COMDLG32.dll
0x00007fff0d690000 - 0x00007fff0d84c000 	C:\WINDOWS\SYSTEM32\MFPlat.DLL
0x00007fff4b2f0000 - 0x00007fff4b33e000 	C:\WINDOWS\System32\cfgmgr32.dll
0x00007fff20980000 - 0x00007fff20a04000 	C:\WINDOWS\SYSTEM32\MF.dll
0x00007fff0ee50000 - 0x00007fff0ef5a000 	C:\WINDOWS\SYSTEM32\MFReadWrite.dll
0x00007ffefc990000 - 0x00007ffefc9de000 	C:\WINDOWS\SYSTEM32\CONCRT140.dll
0x00007ffee4330000 - 0x00007ffee47c1000 	C:\WINDOWS\SYSTEM32\MFCORE.DLL
0x00007fff353b0000 - 0x00007fff353bc000 	C:\WINDOWS\SYSTEM32\VCRUNTIME140_1.dll
0x00007fff4a0e0000 - 0x00007fff4a12b000 	C:\WINDOWS\SYSTEM32\powrprof.dll
0x00007fff44470000 - 0x00007fff44479000 	C:\WINDOWS\SYSTEM32\ksuser.dll
0x00007fff39c20000 - 0x00007fff39c56000 	C:\WINDOWS\SYSTEM32\RTWorkQ.DLL
0x00007fff49f50000 - 0x00007fff49f62000 	C:\WINDOWS\SYSTEM32\UMPDC.dll
0x00007fff47f60000 - 0x00007fff47ffe000 	C:\WINDOWS\system32\uxtheme.dll
0x00007fff01700000 - 0x00007fff01853000 	E:\fences\FencesMenu64.dll
0x00007fff49260000 - 0x00007fff49274000 	C:\WINDOWS\SYSTEM32\WTSAPI32.dll
0x00007fff378e0000 - 0x00007fff37a89000 	C:\WINDOWS\WinSxS\amd64_microsoft.windows.gdiplus_6595b64144ccf1df_1.1.19041.1348_none_91a2627ccc89e3fb\gdiplus.dll
0x00007fff4c430000 - 0x00007fff4c4d9000 	C:\WINDOWS\System32\clbcatq.dll
0x00007fff43510000 - 0x00007fff43547000 	C:\WINDOWS\SYSTEM32\CompPkgSup.DLL
0x00007ffef04a0000 - 0x00007ffef0bc9000 	C:\Windows\System32\Windows.Media.dll
0x00007fff42c10000 - 0x00007fff42cf6000 	C:\Windows\System32\Windows.ApplicationModel.dll
0x00007fff429e0000 - 0x00007fff42be1000 	C:\Windows\System32\twinapi.appcore.dll
0x00007fff42830000 - 0x00007fff42929000 	C:\Windows\System32\AppXDeploymentClient.dll
0x00007fff36900000 - 0x00007fff36a46000 	C:\Windows\System32\Windows.StateRepositoryPS.dll
0x00007fff45ee0000 - 0x00007fff46034000 	C:\Windows\System32\WinTypes.dll
0x00007fff1aaf0000 - 0x00007fff1abd0000 	C:\Windows\System32\AppContracts.dll
0x00007fff42770000 - 0x00007fff427c4000 	C:\Windows\System32\usermgrproxy.dll
0x00007ffee3ac0000 - 0x00007ffee3c7c000 	C:\Windows\System32\cdprt.dll
0x00007fff1f380000 - 0x00007fff1f821000 	C:\Windows\System32\cdp.dll
0x00007fff47bc0000 - 0x00007fff47cb6000 	C:\Windows\System32\PROPSYS.dll
0x00007fff42180000 - 0x00007fff422bf000 	C:\Windows\System32\dsreg.dll
0x00007fff49c70000 - 0x00007fff49cfa000 	C:\Windows\System32\msvcp110_win.dll
0x00007fff205c0000 - 0x00007fff205dd000 	C:\Windows\System32\Windows.Shell.ServiceHostBuilder.dll
0x00007fff40220000 - 0x00007fff409b9000 	C:\Windows\System32\OneCoreUAPCommonProxyStub.dll
0x00007fff39c10000 - 0x00007fff39c20000 	C:\Windows\System32\OnDemandBrokerClient.dll
0x00007ffefc940000 - 0x00007ffefc983000 	C:\Windows\System32\mfps.dll
0x00007fff3a160000 - 0x00007fff3a171000 	C:\WINDOWS\SYSTEM32\windows.staterepositorycore.dll
0x00007ffeea5f0000 - 0x00007ffeea7f6000 	C:\WINDOWS\System32\mfmp4srcsnk.dll
0x00007ffeea3d0000 - 0x00007ffeea5e9000 	C:\WINDOWS\System32\mfsrcsnk.dll
0x00007fff09e80000 - 0x00007fff09e9d000 	C:\Windows\System32\MSAMRNBSource.dll

dbghelp: loaded successfully - version: 4.0.5 - missing functions: none
symbol engine: initialized successfully - sym options: 0x614 - pdb path: .;C:\Program Files\Java\jdk-11.0.12\bin;C:\WINDOWS\SYSTEM32;C:\WINDOWS\WinSxS\amd64_microsoft.windows.common-controls_6595b64144ccf1df_6.0.19041.1110_none_60b5254171f9507e;C:\Program Files\Java\jdk-11.0.12\bin\server;C:\Users\ASUS\AppData\Local\Temp;D:\code\finalDesign\sdk\faceEngine\Release;E:\fences;C:\WINDOWS\WinSxS\amd64_microsoft.windows.gdiplus_6595b64144ccf1df_1.1.19041.1348_none_91a2627ccc89e3fb

VM Arguments:
jvm_args: -agentlib:jdwp=transport=dt_socket,address=127.0.0.1:64697,suspend=y,server=n -XX:TieredStopAtLevel=1 -Xverify:none -Dspring.output.ansi.enabled=always -Dcom.sun.management.jmxremote -Dspring.jmx.enabled=true -Dspring.liveBeansView.mbeanDomain -Dspring.application.admin.enabled=true -javaagent:C:\Users\ASUS\.IntelliJIdea2019.3\system\captureAgent\debugger-agent.jar -Dfile.encoding=UTF-8 
java_command: com.teqgin.image_laboratory.ImageLaboratoryApplication
java_class_path (initial): D:\code\finalDesign\image_laboratory\target\classes;C:\Users\ASUS\.m2\repository\org\springframework\boot\spring-boot-starter-jdbc\2.5.4\spring-boot-starter-jdbc-2.5.4.jar;C:\Users\ASUS\.m2\repository\org\springframework\boot\spring-boot-starter\2.5.4\spring-boot-starter-2.5.4.jar;C:\Users\ASUS\.m2\repository\org\springframework\boot\spring-boot-starter-logging\2.5.4\spring-boot-starter-logging-2.5.4.jar;C:\Users\ASUS\.m2\repository\ch\qos\logback\logback-classic\1.2.5\logback-classic-1.2.5.jar;C:\Users\ASUS\.m2\repository\ch\qos\logback\logback-core\1.2.5\logback-core-1.2.5.jar;C:\Users\ASUS\.m2\repository\org\apache\logging\log4j\log4j-to-slf4j\2.14.1\log4j-to-slf4j-2.14.1.jar;C:\Users\ASUS\.m2\repository\org\apache\logging\log4j\log4j-api\2.14.1\log4j-api-2.14.1.jar;C:\Users\ASUS\.m2\repository\org\slf4j\jul-to-slf4j\1.7.32\jul-to-slf4j-1.7.32.jar;C:\Users\ASUS\.m2\repository\jakarta\annotation\jakarta.annotation-api\1.3.5\jakarta.annotation-api-1.3.5.jar;C:\Users\ASUS\.m2\repository\org\yaml\snakeyaml\1.28\snakeyaml-1.28.jar;C:\Users\ASUS\.m2\repository\com\zaxxer\HikariCP\4.0.3\HikariCP-4.0.3.jar;C:\Users\ASUS\.m2\repository\org\springframework\spring-jdbc\5.3.9\spring-jdbc-5.3.9.jar;C:\Users\ASUS\.m2\repository\org\springframework\spring-beans\5.3.9\spring-beans-5.3.9.jar;C:\Users\ASUS\.m2\repository\org\springframework\spring-tx\5.3.9\spring-tx-5.3.9.jar;C:\Users\ASUS\.m2\repository\org\springframework\boot\spring-boot-starter-data-redis\2.5.4\spring-boot-starter-data-redis-2.5.4.jar;C:\Users\ASUS\.m2\repository\org\springframework\data\spring-data-redis\2.5.4\spring-data-redis-2.5.4.jar;C:\Users\ASUS\.m2\repository\org\springframework\data\spring-data-keyvalue\2.5.4\spring-data-keyvalue-2.5.4.jar;C:\Users\ASUS\.m2\repository\org\springframework\data\spring-data-commons\2.5.4\spring-data-commons-2.5.4.jar;C:\Users\ASUS\.m2\repository\org\springframework\spring-oxm\5.3.9\spring-oxm-5.3.9.jar;C:\Users\ASUS\.m2\repository\io\lettuce\
Launcher Type: SUN_STANDARD

[Global flags]
     bool BytecodeVerificationLocal                = false                                     {product} {command line}
     bool BytecodeVerificationRemote               = false                                     {product} {command line}
     intx CICompilerCount                          = 3                                         {product} {ergonomic}
     uint ConcGCThreads                            = 1                                         {product} {ergonomic}
     uint G1ConcRefinementThreads                  = 4                                         {product} {ergonomic}
   size_t G1HeapRegionSize                         = 1048576                                   {product} {ergonomic}
    uintx GCDrainStackTargetSize                   = 64                                        {product} {ergonomic}
   size_t InitialHeapSize                          = 201326592                                 {product} {ergonomic}
     bool ManagementServer                         = true                                      {product} {command line}
   size_t MarkStackSize                            = 4194304                                   {product} {ergonomic}
   size_t MaxHeapSize                              = 3191865344                                {product} {ergonomic}
   size_t MaxNewSize                               = 1914699776                                {product} {ergonomic}
   size_t MinHeapDeltaBytes                        = 1048576                                   {product} {ergonomic}
    uintx NonNMethodCodeHeapSize                   = 6973028                                {pd product} {ergonomic}
    uintx NonProfiledCodeHeapSize                  = 244685212                              {pd product} {ergonomic}
    uintx ProfiledCodeHeapSize                     = 0                                      {pd product} {ergonomic}
    uintx ReservedCodeCacheSize                    = 251658240                              {pd product} {ergonomic}
     bool SegmentedCodeCache                       = true                                      {product} {ergonomic}
     intx TieredStopAtLevel                        = 1                                         {product} {command line}
     bool UseCompressedClassPointers               = true                                 {lp64_product} {ergonomic}
     bool UseCompressedOops                        = true                                 {lp64_product} {ergonomic}
     bool UseG1GC                                  = true                                      {product} {ergonomic}
     bool UseLargePagesIndividualAllocation        = false                                  {pd product} {ergonomic}

Logging:
Log output configuration:
 #0: stdout all=warning uptime,level,tags
 #1: stderr all=off uptime,level,tags

Environment Variables:
JAVA_HOME=C:\Program Files\Java\jdk1.8.0_191
CLASSPATH=.;C:\Program Files\Java\jdk1.8.0_191\lib\dt.jar;C:\Program Files\Java\jdk1.8.0_191\lib\tools.jar;.;C:\Program Files\Java\jdk1.8.0_191\lib\dt.jar;C:\Program Files\Java\jdk1.8.0_191\lib\tools.jar;%TOMCAT_HOME%\lib\servlet-api.jar;%JAVA-HOME%\lib\mysql-connector-java-3.1.8-bin.jar;C:\Program Files \Java\mysqlforjdbc\mysql-connector-java-3.1.8-bin.jar;.;C:\Program Files\Java\jdk1.8.0_191\lib\dt.jar;C:\Program Files\Java\jdk1.8.0_191\lib\tools.jar;
PATH=C:\Program Files\Java\jdk1.8.0_191\bin;C:\Program Files\Java\jdk1.8.0_191\jre\bin;C:\Program Files\Common Files\Oracle\Java\javapath;C:\WINDOWS\system32;C:\WINDOWS;C:\Strawberry\c\bin;C:\Strawberry\perl\site\bin;C:\Strawberry\perl\bin;C:\Program Files\dotnet\;C:\Program Files\Microsoft SQL Server\130\Tools\Binn\;C:\Program Files\Microsoft SQL Server\Client SDK\ODBC\170\Tools\Binn\;";E:\vmware16pro\bin\;D:\code\java\maven\apache-maven-3.6.2\bin;E:\QT\qtdeteal\5.12.3\mingw73_64\bin;E:\QT\qtdeteal\5.12.3\msvc2015_64\bin;E:\QT\qtdeteal\5.12.3\msvc2017_64\bin;C:\Users\ASUS\IDE\Microsoft VS Code\Mingw-w64\mingw64\bin;";E:\MYSQL\mysql-8.0.11-winx64\bin;C:\WINDOWS\System32\Wbem;C:\WINDOWS\System32\WindowsPowerShell\v1.0\;C:\WINDOWS\System32\OpenSSH\;";E:\tools\chromedriver.exe;E:\matlab\2019a\runtime\win64;E:\matlab\2019a\bin;E:\matlab\2019a\polyspace\bin;C:\Program Files (x86)\Microsoft SQL Server\150\Tools\Binn\;C:\Program Files\Microsoft SQL Server\150\Tools\Binn\;C:\Program Files\Microsoft SQL Server\150\DTS\Binn\;C:\Program Files (x86)\Microsoft SQL Server\150\DTS\Binn\;E:\gradle-6.5.1\bin;E:\tesseract\Tesseract-OCR;E:\nvm\nvm;C:\Program Files\nodejs;C:\Git\bin;E:\WINSCP\WinSCP\;C:\Windows\System32\wbem;";E:\nvm\nvm;E:\ffmpeg\ffmpeg-4.4-essentials_build\bin;E:\tortoiseSVN\bin;E:\XShell\;C:\Program Files\Go\bin;E:\anaconda3;E:\anaconda3\Library\mingw-w64\bin;E:\anaconda3\Library\usr\bin;E:\anaconda3\Library\bin;E:\anaconda3\Scripts;C:\Users\ASUS\AppData\Local\Microsoft\WindowsApps;C:\vs\Microsoft VS Code\bin;C:\Users\ASUS\IDE\Microsoft VS Code\bin;C:\Users\ASUS\IDE\Microsoft VS Code\Mingw-w64\mingw64\bin;C:\Users\ASUS\AppData\Local\Programs\Microsoft VS Code\bin;E:\IDEA\IntelliJ IDEA 2019.1.3\bin;E:\MYSQL\mysql-8.0.17-winx64\bin;E:\MYSQL\mysql-8.0.11-winx64\bin;E:\CLion 2019.3.1\bin;E:\PyCharm 2019.3\bin;C:\Program Files\Java\jdk1.8.0_191\bin;C:\Users\ASUS\AppData\Local\atom\bin;E:\Fiddler;E:\python_for_anaconda3\PyCharm Professional Edition with Anaconda plugin 2019.
USERNAME=ASUS
OS=Windows_NT
PROCESSOR_IDENTIFIER=Intel64 Family 6 Model 142 Stepping 9, GenuineIntel



---------------  S Y S T E M  ---------------

OS: Windows 10 , 64 bit Build 19041 (10.0.19041.1348)

CPU:total 4 (initial active 4) (2 cores per cpu, 2 threads per core) family 6 model 142 stepping 9 microcode 0xb4, cmov, cx8, fxsr, mmx, sse, sse2, sse3, ssse3, sse4.1, sse4.2, popcnt, avx, avx2, aes, clmul, erms, 3dnowpref, lzcnt, ht, tsc, tscinvbit, bmi1, bmi2, adx, fma

Memory: 4k page, system-wide physical 12172M (2966M free)
TotalPageFile size 18316M (AvailPageFile size 6513M)
current process WorkingSet (physical memory assigned to process): 654M, peak: 654M
current process commit charge ("private bytes"): 683M, peak: 683M

vm_info: Java HotSpot(TM) 64-Bit Server VM (11.0.12+8-LTS-237) for windows-amd64 JRE (11.0.12+8-LTS-237), built on Jun  8 2021 11:25:59 by "mach5one" with MS VC++ 15.9 (VS2017)

END.
