#
# A fatal error has been detected by the Java Runtime Environment:
#
#  EXCEPTION_UNCAUGHT_CXX_EXCEPTION (0xe06d7363) at pc=0x00007ff8658e4f69, pid=21312, tid=13540
#
# JRE version: Java(TM) SE Runtime Environment 18.9 (11.0.12+8) (build 11.0.12+8-LTS-237)
# Java VM: Java HotSpot(TM) 64-Bit Server VM 18.9 (11.0.12+8-LTS-237, mixed mode, tiered, compressed oops, g1 gc, windows-amd64)
# Problematic frame:
# C  [KERNELBASE.dll+0x34f69]
#
# No core dump will be written. Minidumps are not enabled by default on client versions of Windows
#
# If you would like to submit a bug report, please visit:
#   https://bugreport.java.com/bugreport/crash.jsp
# The crash happened outside the Java Virtual Machine in native code.
# See problematic frame for where to report the bug.
#

---------------  S U M M A R Y ------------

Command Line: -XX:TieredStopAtLevel=1 -Xverify:none -Dspring.output.ansi.enabled=always -Dcom.sun.management.jmxremote -Dspring.jmx.enabled=true -Dspring.liveBeansView.mbeanDomain -Dspring.application.admin.enabled=true -javaagent:E:\IntelliJ IDEA 2019.3.3\lib\idea_rt.jar=63160:E:\IntelliJ IDEA 2019.3.3\bin -Dfile.encoding=UTF-8 com.teqgin.image_laboratory.ImageLaboratoryApplication

Host: Intel(R) Core(TM) i5-7200U CPU @ 2.50GHz, 4 cores, 11G,  Windows 10 , 64 bit Build 19041 (10.0.19041.1348)
Time: Sun Dec 19 17:26:06 2021 中国标准时间 elapsed time: 4434.583821 seconds (0d 1h 13m 54s)

---------------  T H R E A D  ---------------

Current thread (0x000001fa35739800):  JavaThread "http-nio-8080-exec-5" daemon [_thread_in_native, id=13540, stack(0x0000000a5d400000,0x0000000a5d500000)]

Stack: [0x0000000a5d400000,0x0000000a5d500000],  sp=0x0000000a5d4fb0b0,  free space=1004k
Native frames: (J=compiled Java code, j=interpreted, Vv=VM code, C=native code)
C  [KERNELBASE.dll+0x34f69]
C  [VCRUNTIME140.dll+0x485d]
C  [SeetaFaceTracking600.dll+0x486a]

Java frames: (J=compiled Java code, j=interpreted, Vv=VM code)
j  com.sun.jna.Function.invokePointer(I[Ljava/lang/Object;)Lcom/sun/jna/Pointer;+0
j  com.sun.jna.Function.invoke([Ljava/lang/Object;Ljava/lang/Class;)Ljava/lang/Object;+706
j  com.sun.jna.Function.invoke(Ljava/lang/Class;[Ljava/lang/Object;Ljava/util/Map;)Ljava/lang/Object;+194
j  com.sun.jna.Library$Handler.invoke(Ljava/lang/Object;Ljava/lang/reflect/Method;[Ljava/lang/Object;)Ljava/lang/Object;+344
j  com.sun.proxy.$Proxy121.faceTracker(Lcom/teqgin/image_laboratory/domain/FaceData;Ljava/lang/String;Ljava/lang/String;)Lcom/teqgin/image_laboratory/domain/FaceData;+24
j  com.teqgin.image_laboratory.service.impl.VideoServiceImpl.getFaces(Ljava/lang/String;)[Ljava/lang/String;+14
j  com.teqgin.image_laboratory.controller.VideoController.catchFace(Lorg/springframework/web/multipart/MultipartFile;)Lorg/springframework/http/ResponseEntity;+52
v  ~StubRoutines::call_stub
J 2889  jdk.internal.reflect.NativeMethodAccessorImpl.invoke0(Ljava/lang/reflect/Method;Ljava/lang/Object;[Ljava/lang/Object;)Ljava/lang/Object; java.base@11.0.12 (0 bytes) @ 0x000001fa19ac204f [0x000001fa19ac1fc0+0x000000000000008f]
J 2888 c1 jdk.internal.reflect.NativeMethodAccessorImpl.invoke(Ljava/lang/Object;[Ljava/lang/Object;)Ljava/lang/Object; java.base@11.0.12 (104 bytes) @ 0x000001fa19ac3064 [0x000001fa19ac2ca0+0x00000000000003c4]
J 2838 c1 jdk.internal.reflect.DelegatingMethodAccessorImpl.invoke(Ljava/lang/Object;[Ljava/lang/Object;)Ljava/lang/Object; java.base@11.0.12 (10 bytes) @ 0x000001fa19aae604 [0x000001fa19aae5c0+0x0000000000000044]
J 2869 c1 java.lang.reflect.Method.invoke(Ljava/lang/Object;[Ljava/lang/Object;)Ljava/lang/Object; java.base@11.0.12 (65 bytes) @ 0x000001fa19abb1ec [0x000001fa19abb0e0+0x000000000000010c]
j  org.springframework.web.method.support.InvocableHandlerMethod.doInvoke([Ljava/lang/Object;)Ljava/lang/Object;+32
j  org.springframework.web.method.support.InvocableHandlerMethod.invokeForRequest(Lorg/springframework/web/context/request/NativeWebRequest;Lorg/springframework/web/method/support/ModelAndViewContainer;[Ljava/lang/Object;)Ljava/lang/Object;+54
j  org.springframework.web.servlet.mvc.method.annotation.ServletInvocableHandlerMethod.invokeAndHandle(Lorg/springframework/web/context/request/ServletWebRequest;Lorg/springframework/web/method/support/ModelAndViewContainer;[Ljava/lang/Object;)V+4
j  org.springframework.web.servlet.mvc.method.annotation.RequestMappingHandlerAdapter.invokeHandlerMethod(Ljavax/servlet/http/HttpServletRequest;Ljavax/servlet/http/HttpServletResponse;Lorg/springframework/web/method/HandlerMethod;)Lorg/springframework/web/servlet/ModelAndView;+244
j  org.springframework.web.servlet.mvc.method.annotation.RequestMappingHandlerAdapter.handleInternal(Ljavax/servlet/http/HttpServletRequest;Ljavax/servlet/http/HttpServletResponse;Lorg/springframework/web/method/HandlerMethod;)Lorg/springframework/web/servlet/ModelAndView;+81
j  org.springframework.web.servlet.mvc.method.AbstractHandlerMethodAdapter.handle(Ljavax/servlet/http/HttpServletRequest;Ljavax/servlet/http/HttpServletResponse;Ljava/lang/Object;)Lorg/springframework/web/servlet/ModelAndView;+7
J 9041 c1 org.springframework.web.servlet.DispatcherServlet.doDispatch(Ljavax/servlet/http/HttpServletRequest;Ljavax/servlet/http/HttpServletResponse;)V (543 bytes) @ 0x000001fa1a54fd44 [0x000001fa1a54f6a0+0x00000000000006a4]
J 8375 c1 org.springframework.web.servlet.DispatcherServlet.doService(Ljavax/servlet/http/HttpServletRequest;Ljavax/servlet/http/HttpServletResponse;)V (319 bytes) @ 0x000001fa1a3def74 [0x000001fa1a3de5a0+0x00000000000009d4]
J 8743 c1 org.springframework.web.servlet.FrameworkServlet.processRequest(Ljavax/servlet/http/HttpServletRequest;Ljavax/servlet/http/HttpServletResponse;)V (186 bytes) @ 0x000001fa1a48af04 [0x000001fa1a48a9e0+0x0000000000000524]
j  org.springframework.web.servlet.FrameworkServlet.doPost(Ljavax/servlet/http/HttpServletRequest;Ljavax/servlet/http/HttpServletResponse;)V+3
J 9045 c1 javax.servlet.http.HttpServlet.service(Ljavax/servlet/http/HttpServletRequest;Ljavax/servlet/http/HttpServletResponse;)V (269 bytes) @ 0x000001fa1a5558e4 [0x000001fa1a555300+0x00000000000005e4]
J 8371 c1 org.springframework.web.servlet.FrameworkServlet.service(Ljavax/servlet/http/HttpServletRequest;Ljavax/servlet/http/HttpServletResponse;)V (37 bytes) @ 0x000001fa1a3dd294 [0x000001fa1a3dd100+0x0000000000000194]
J 8387 c1 javax.servlet.http.HttpServlet.service(Ljavax/servlet/ServletRequest;Ljavax/servlet/ServletResponse;)V (40 bytes) @ 0x000001fa1a3e6344 [0x000001fa1a3e6260+0x00000000000000e4]
J 7360 c1 org.apache.catalina.core.ApplicationFilterChain.internalDoFilter(Ljavax/servlet/ServletRequest;Ljavax/servlet/ServletResponse;)V (388 bytes) @ 0x000001fa1a22ef44 [0x000001fa1a22ed00+0x0000000000000244]
J 7359 c1 org.apache.catalina.core.ApplicationFilterChain.doFilter(Ljavax/servlet/ServletRequest;Ljavax/servlet/ServletResponse;)V (103 bytes) @ 0x000001fa1a22e8f4 [0x000001fa1a22e8c0+0x0000000000000034]
J 8381 c1 org.apache.tomcat.websocket.server.WsFilter.doFilter(Ljavax/servlet/ServletRequest;Ljavax/servlet/ServletResponse;Ljavax/servlet/FilterChain;)V (139 bytes) @ 0x000001fa1a3e2334 [0x000001fa1a3e1f80+0x00000000000003b4]
J 7360 c1 org.apache.catalina.core.ApplicationFilterChain.internalDoFilter(Ljavax/servlet/ServletRequest;Ljavax/servlet/ServletResponse;)V (388 bytes) @ 0x000001fa1a22f194 [0x000001fa1a22ed00+0x0000000000000494]
J 7359 c1 org.apache.catalina.core.ApplicationFilterChain.doFilter(Ljavax/servlet/ServletRequest;Ljavax/servlet/ServletResponse;)V (103 bytes) @ 0x000001fa1a22e8f4 [0x000001fa1a22e8c0+0x0000000000000034]
J 9033 c1 org.springframework.web.filter.RequestContextFilter.doFilterInternal(Ljavax/servlet/http/HttpServletRequest;Ljavax/servlet/http/HttpServletResponse;Ljavax/servlet/FilterChain;)V (133 bytes) @ 0x000001fa1a545ba4 [0x000001fa1a545860+0x0000000000000344]
J 7863 c1 org.springframework.web.filter.OncePerRequestFilter.doFilter(Ljavax/servlet/ServletRequest;Ljavax/servlet/ServletResponse;Ljavax/servlet/FilterChain;)V (175 bytes) @ 0x000001fa1a2f5794 [0x000001fa1a2f5400+0x0000000000000394]
J 7360 c1 org.apache.catalina.core.ApplicationFilterChain.internalDoFilter(Ljavax/servlet/ServletRequest;Ljavax/servlet/ServletResponse;)V (388 bytes) @ 0x000001fa1a22f194 [0x000001fa1a22ed00+0x0000000000000494]
J 7359 c1 org.apache.catalina.core.ApplicationFilterChain.doFilter(Ljavax/servlet/ServletRequest;Ljavax/servlet/ServletResponse;)V (103 bytes) @ 0x000001fa1a22e8f4 [0x000001fa1a22e8c0+0x0000000000000034]
J 9303 c1 org.springframework.web.filter.FormContentFilter.doFilterInternal(Ljavax/servlet/http/HttpServletRequest;Ljavax/servlet/http/HttpServletResponse;Ljavax/servlet/FilterChain;)V (44 bytes) @ 0x000001fa1a5bd1bc [0x000001fa1a5bcfa0+0x000000000000021c]
J 7863 c1 org.springframework.web.filter.OncePerRequestFilter.doFilter(Ljavax/servlet/ServletRequest;Ljavax/servlet/ServletResponse;Ljavax/servlet/FilterChain;)V (175 bytes) @ 0x000001fa1a2f5794 [0x000001fa1a2f5400+0x0000000000000394]
J 7360 c1 org.apache.catalina.core.ApplicationFilterChain.internalDoFilter(Ljavax/servlet/ServletRequest;Ljavax/servlet/ServletResponse;)V (388 bytes) @ 0x000001fa1a22f194 [0x000001fa1a22ed00+0x0000000000000494]
J 7359 c1 org.apache.catalina.core.ApplicationFilterChain.doFilter(Ljavax/servlet/ServletRequest;Ljavax/servlet/ServletResponse;)V (103 bytes) @ 0x000001fa1a22e8f4 [0x000001fa1a22e8c0+0x0000000000000034]
J 9307 c1 org.springframework.web.filter.CharacterEncodingFilter.doFilterInternal(Ljavax/servlet/http/HttpServletRequest;Ljavax/servlet/http/HttpServletResponse;Ljavax/servlet/FilterChain;)V (59 bytes) @ 0x000001fa1a5bf1b4 [0x000001fa1a5bf060+0x0000000000000154]
J 7863 c1 org.springframework.web.filter.OncePerRequestFilter.doFilter(Ljavax/servlet/ServletRequest;Ljavax/servlet/ServletResponse;Ljavax/servlet/FilterChain;)V (175 bytes) @ 0x000001fa1a2f5794 [0x000001fa1a2f5400+0x0000000000000394]
J 7360 c1 org.apache.catalina.core.ApplicationFilterChain.internalDoFilter(Ljavax/servlet/ServletRequest;Ljavax/servlet/ServletResponse;)V (388 bytes) @ 0x000001fa1a22f194 [0x000001fa1a22ed00+0x0000000000000494]
J 7359 c1 org.apache.catalina.core.ApplicationFilterChain.doFilter(Ljavax/servlet/ServletRequest;Ljavax/servlet/ServletResponse;)V (103 bytes) @ 0x000001fa1a22e8f4 [0x000001fa1a22e8c0+0x0000000000000034]
J 9032 c1 org.apache.catalina.core.StandardWrapperValve.invoke(Lorg/apache/catalina/connector/Request;Lorg/apache/catalina/connector/Response;)V (2665 bytes) @ 0x000001fa1a532f64 [0x000001fa1a531320+0x0000000000001c44]
J 9029 c1 org.apache.catalina.core.StandardContextValve.invoke(Lorg/apache/catalina/connector/Request;Lorg/apache/catalina/connector/Response;)V (175 bytes) @ 0x000001fa1a52eb44 [0x000001fa1a52e5e0+0x0000000000000564]
J 9039 c1 org.apache.catalina.authenticator.AuthenticatorBase.invoke(Lorg/apache/catalina/connector/Request;Lorg/apache/catalina/connector/Response;)V (873 bytes) @ 0x000001fa1a54ccf4 [0x000001fa1a54b4a0+0x0000000000001854]
J 9312 c1 org.apache.catalina.core.StandardHostValve.invoke(Lorg/apache/catalina/connector/Request;Lorg/apache/catalina/connector/Response;)V (396 bytes) @ 0x000001fa1a5c3c4c [0x000001fa1a5c3880+0x00000000000003cc]
J 8738 c1 org.apache.catalina.valves.ErrorReportValve.invoke(Lorg/apache/catalina/connector/Request;Lorg/apache/catalina/connector/Response;)V (153 bytes) @ 0x000001fa1a48800c [0x000001fa1a487fa0+0x000000000000006c]
J 9027 c1 org.apache.catalina.core.StandardEngineValve.invoke(Lorg/apache/catalina/connector/Request;Lorg/apache/catalina/connector/Response;)V (65 bytes) @ 0x000001fa1a52db54 [0x000001fa1a52d900+0x0000000000000254]
J 9020 c1 org.apache.catalina.connector.CoyoteAdapter.service(Lorg/apache/coyote/Request;Lorg/apache/coyote/Response;)V (892 bytes) @ 0x000001fa1a51c2ec [0x000001fa1a51b980+0x000000000000096c]
J 8339 c1 org.apache.coyote.http11.Http11Processor.service(Lorg/apache/tomcat/util/net/SocketWrapperBase;)Lorg/apache/tomcat/util/net/AbstractEndpoint$Handler$SocketState; (1189 bytes) @ 0x000001fa1a3cd044 [0x000001fa1a3cc260+0x0000000000000de4]
J 8996 c1 org.apache.coyote.AbstractProcessorLight.process(Lorg/apache/tomcat/util/net/SocketWrapperBase;Lorg/apache/tomcat/util/net/SocketEvent;)Lorg/apache/tomcat/util/net/AbstractEndpoint$Handler$SocketState; (367 bytes) @ 0x000001fa1a501f0c [0x000001fa1a5018c0+0x000000000000064c]
J 8702 c1 org.apache.coyote.AbstractProtocol$ConnectionHandler.process(Lorg/apache/tomcat/util/net/SocketWrapperBase;Lorg/apache/tomcat/util/net/SocketEvent;)Lorg/apache/tomcat/util/net/AbstractEndpoint$Handler$SocketState; (1315 bytes) @ 0x000001fa1a4665f4 [0x000001fa1a4651e0+0x0000000000001414]
J 8701 c1 org.apache.tomcat.util.net.NioEndpoint$SocketProcessor.doRun()V (637 bytes) @ 0x000001fa1a4627ec [0x000001fa1a462420+0x00000000000003cc]
J 8699 c1 org.apache.tomcat.util.net.SocketProcessorBase.run()V (35 bytes) @ 0x000001fa1a461a6c [0x000001fa1a4618c0+0x00000000000001ac]
j  org.apache.tomcat.util.threads.ThreadPoolExecutor.runWorker(Lorg/apache/tomcat/util/threads/ThreadPoolExecutor$Worker;)V+92
j  org.apache.tomcat.util.threads.ThreadPoolExecutor$Worker.run()V+5
j  org.apache.tomcat.util.threads.TaskThread$WrappingRunnable.run()V+4
j  java.lang.Thread.run()V+11 java.base@11.0.12
v  ~StubRoutines::call_stub

siginfo: EXCEPTION_UNCAUGHT_CXX_EXCEPTION (0xe06d7363), ExceptionInformation=0x0000000019930520 0x0000000a5d4fb248 0x00007ff83320bc50 0x00007ff833200000 


Register to memory mapping:

RIP=0x00007ff8658e4f69 KERNELBASE.dll
RAX=0x0 is NULL
RBX=0x00007ff83320bc50 SeetaFaceTracking600.dll
RCX=0x0 is NULL
RDX=0x0 is NULL
RSP=0x0000000a5d4fb0b0 is pointing into the stack for thread: 0x000001fa35739800
RBP=0x0000000a5d4fb1f0 is pointing into the stack for thread: 0x000001fa35739800
RSI=0x0000000a5d4fb7c8 is pointing into the stack for thread: 0x000001fa35739800
RDI=0x0000000a5d4fb248 is pointing into the stack for thread: 0x000001fa35739800
R8 =0x0000000000000001 is an unknown value
R9 =0x000001fa381250f8 points into unknown readable memory: 0x00007ff86600f5d0 | d0 f5 00 66 f8 7f 00 00
R10=0x00007ff865f2c1d1 ucrtbase.dll
R11=0x0000000000000006 is an unknown value
R12=0x0000000a5d4fb598 is pointing into the stack for thread: 0x000001fa35739800
R13=0x0 is NULL
R14=0x000001fa36013c30 points into unknown readable memory: 0x0010000073646901 | 01 69 64 73 00 00 10 00
R15=0x00000000ffffffff is an unknown value


Registers:
RAX=0x0000000000000000, RBX=0x00007ff83320bc50, RCX=0x0000000000000000, RDX=0x0000000000000000
RSP=0x0000000a5d4fb0b0, RBP=0x0000000a5d4fb1f0, RSI=0x0000000a5d4fb7c8, RDI=0x0000000a5d4fb248
R8 =0x0000000000000001, R9 =0x000001fa381250f8, R10=0x00007ff865f2c1d1, R11=0x0000000000000006
R12=0x0000000a5d4fb598, R13=0x0000000000000000, R14=0x000001fa36013c30, R15=0x00000000ffffffff
RIP=0x00007ff8658e4f69, EFLAGS=0x0000000000000202

Top of Stack: (sp=0x0000000a5d4fb0b0)
0x0000000a5d4fb0b0:   000000000000004f 00007ff83320bc50
0x0000000a5d4fb0c0:   0000000a5d4fb7c8 00007ff865f2fde6
0x0000000a5d4fb0d0:   00000001e06d7363 0000000000000000
0x0000000a5d4fb0e0:   00007ff8658e4f69 00007ff800000004
0x0000000a5d4fb0f0:   0000000019930520 0000000a5d4fb248
0x0000000a5d4fb100:   00007ff83320bc50 00007ff833200000
0x0000000a5d4fb110:   0000000000000000 0000000a5d4fb598
0x0000000a5d4fb120:   0000000a5d4fb7c8 0000000a5d4fb1f0
0x0000000a5d4fb130:   0000000a5d4fb200 00007ff868004a5f
0x0000000a5d4fb140:   0000000a5d4fb248 00007ff800000000
0x0000000a5d4fb150:   fffffffffffffffe 0000000a5d4fb3d0
0x0000000a5d4fb160:   00007ff83320f000 00007ff833200000
0x0000000a5d4fb170:   0000a947b1764726 0000000a5d4fb228
0x0000000a5d4fb180:   00007ff83320bc50 00007ff83e0d485d
0x0000000a5d4fb190:   0000000a5d4fb260 0000000000000049
0x0000000a5d4fb1a0:   0000000000000000 0000000000000005 

Instructions: (pc=0x00007ff8658e4f69)
0x00007ff8658e4f49:   8b d1 44 0f 47 c0 44 89 44 24 38 49 c1 e0 03 e8
0x00007ff8658e4f59:   1a d5 05 00 48 8d 4c 24 20 48 ff 15 8f 9d 18 00
0x00007ff8658e4f69:   0f 1f 44 00 00 48 8b 8c 24 c0 00 00 00 48 33 cc
0x00007ff8658e4f79:   e8 52 97 05 00 48 81 c4 d8 00 00 00 c3 cc 83 64 


Stack slot to memory mapping:
stack at sp + 0 slots: 0x000000000000004f is an unknown value
stack at sp + 1 slots: 0x00007ff83320bc50 SeetaFaceTracking600.dll
stack at sp + 2 slots: 0x0000000a5d4fb7c8 is pointing into the stack for thread: 0x000001fa35739800
stack at sp + 3 slots: 0x00007ff865f2fde6 ucrtbase.dll
stack at sp + 4 slots: 0x00000001e06d7363 is an unknown value
stack at sp + 5 slots: 0x0 is NULL
stack at sp + 6 slots: 0x00007ff8658e4f69 KERNELBASE.dll
stack at sp + 7 slots: 0x00007ff800000004 is an unknown value


---------------  P R O C E S S  ---------------

Threads class SMR info:
_java_thread_list=0x000001fa35f850e0, length=37, elements={
0x000001fa31e61800, 0x000001fa31e6b000, 0x000001fa31ecd000, 0x000001fa31ecf000,
0x000001fa31ed0000, 0x000001fa31ed3000, 0x000001fa31ed6800, 0x000001fa32019000,
0x000001fa3261b000, 0x000001fa32770000, 0x000001fa337cd800, 0x000001fa33d3a800,
0x000001fa33a00000, 0x000001fa33f88800, 0x000001fa33ebb000, 0x000001fa3557d800,
0x000001fa3557a800, 0x000001fa3557c800, 0x000001fa3557e800, 0x000001fa35580000,
0x000001fa3557f000, 0x000001fa35581000, 0x000001fa35737800, 0x000001fa35735800,
0x000001fa3573c000, 0x000001fa35736000, 0x000001fa35739800, 0x000001fa3573a000,
0x000001fa3573c800, 0x000001fa35737000, 0x000001fa3573f000, 0x000001fa35740800,
0x000001fa35743000, 0x000001fa35741800, 0x000001fa3573d800, 0x000001fa35742800,
0x000001fa3573e800
}

Java Threads: ( => current thread )
  0x000001fa31e61800 JavaThread "Reference Handler" daemon [_thread_blocked, id=9212, stack(0x0000000a5b000000,0x0000000a5b100000)]
  0x000001fa31e6b000 JavaThread "Finalizer" daemon [_thread_blocked, id=18240, stack(0x0000000a5b100000,0x0000000a5b200000)]
  0x000001fa31ecd000 JavaThread "Signal Dispatcher" daemon [_thread_blocked, id=6288, stack(0x0000000a5b200000,0x0000000a5b300000)]
  0x000001fa31ecf000 JavaThread "Attach Listener" daemon [_thread_blocked, id=6160, stack(0x0000000a5b300000,0x0000000a5b400000)]
  0x000001fa31ed0000 JavaThread "Service Thread" daemon [_thread_blocked, id=7996, stack(0x0000000a5b400000,0x0000000a5b500000)]
  0x000001fa31ed3000 JavaThread "C1 CompilerThread0" daemon [_thread_blocked, id=20940, stack(0x0000000a5b500000,0x0000000a5b600000)]
  0x000001fa31ed6800 JavaThread "Sweeper thread" daemon [_thread_blocked, id=15008, stack(0x0000000a5b600000,0x0000000a5b700000)]
  0x000001fa32019000 JavaThread "Common-Cleaner" daemon [_thread_blocked, id=11392, stack(0x0000000a5b700000,0x0000000a5b800000)]
  0x000001fa3261b000 JavaThread "Monitor Ctrl-Break" daemon [_thread_in_native, id=10572, stack(0x0000000a5b900000,0x0000000a5ba00000)]
  0x000001fa32770000 JavaThread "RMI TCP Accept-0" daemon [_thread_in_native, id=2808, stack(0x0000000a5ba00000,0x0000000a5bb00000)]
  0x000001fa337cd800 JavaThread "RMI Scheduler(0)" daemon [_thread_blocked, id=2492, stack(0x0000000a5c300000,0x0000000a5c400000)]
  0x000001fa33d3a800 JavaThread "Catalina-utility-1" [_thread_blocked, id=13756, stack(0x0000000a5c400000,0x0000000a5c500000)]
  0x000001fa33a00000 JavaThread "Catalina-utility-2" [_thread_blocked, id=13264, stack(0x0000000a5c500000,0x0000000a5c600000)]
  0x000001fa33f88800 JavaThread "container-0" [_thread_blocked, id=19100, stack(0x0000000a5c600000,0x0000000a5c700000)]
  0x000001fa33ebb000 JavaThread "mysql-cj-abandoned-connection-cleanup" daemon [_thread_blocked, id=4652, stack(0x0000000a5c700000,0x0000000a5c800000)]
  0x000001fa3557d800 JavaThread "ForkJoinPool.commonPool-worker-3" daemon [_thread_blocked, id=15148, stack(0x0000000a5c800000,0x0000000a5c900000)]
  0x000001fa3557a800 JavaThread "lettuce-timer-3-1" daemon [_thread_blocked, id=3960, stack(0x0000000a5cb00000,0x0000000a5cc00000)]
  0x000001fa3557c800 JavaThread "Live Reload Server" daemon [_thread_in_native, id=8240, stack(0x0000000a5cd00000,0x0000000a5ce00000)]
  0x000001fa3557e800 JavaThread "File Watcher" daemon [_thread_blocked, id=20332, stack(0x0000000a5cc00000,0x0000000a5cd00000)]
  0x000001fa35580000 JavaThread "http-nio-8080-Poller" daemon [_thread_in_native, id=10656, stack(0x0000000a5ce00000,0x0000000a5cf00000)]
  0x000001fa3557f000 JavaThread "http-nio-8080-Acceptor" daemon [_thread_in_native, id=13336, stack(0x0000000a5cf00000,0x0000000a5d000000)]
  0x000001fa35581000 JavaThread "DestroyJavaVM" [_thread_blocked, id=16320, stack(0x0000000a5a900000,0x0000000a5aa00000)]
  0x000001fa35737800 JavaThread "http-nio-8080-exec-1" daemon [_thread_blocked, id=11872, stack(0x0000000a5d000000,0x0000000a5d100000)]
  0x000001fa35735800 JavaThread "http-nio-8080-exec-2" daemon [_thread_blocked, id=19628, stack(0x0000000a5d100000,0x0000000a5d200000)]
  0x000001fa3573c000 JavaThread "http-nio-8080-exec-3" daemon [_thread_blocked, id=19484, stack(0x0000000a5d200000,0x0000000a5d300000)]
  0x000001fa35736000 JavaThread "http-nio-8080-exec-4" daemon [_thread_blocked, id=8036, stack(0x0000000a5d300000,0x0000000a5d400000)]
=>0x000001fa35739800 JavaThread "http-nio-8080-exec-5" daemon [_thread_in_native, id=13540, stack(0x0000000a5d400000,0x0000000a5d500000)]
  0x000001fa3573a000 JavaThread "http-nio-8080-exec-6" daemon [_thread_blocked, id=17488, stack(0x0000000a5d500000,0x0000000a5d600000)]
  0x000001fa3573c800 JavaThread "http-nio-8080-exec-7" daemon [_thread_blocked, id=12072, stack(0x0000000a5d600000,0x0000000a5d700000)]
  0x000001fa35737000 JavaThread "http-nio-8080-exec-8" daemon [_thread_blocked, id=17928, stack(0x0000000a5d700000,0x0000000a5d800000)]
  0x000001fa3573f000 JavaThread "http-nio-8080-exec-9" daemon [_thread_in_native, id=19260, stack(0x0000000a5d800000,0x0000000a5d900000)]
  0x000001fa35740800 JavaThread "http-nio-8080-exec-10" daemon [_thread_blocked, id=11892, stack(0x0000000a5d900000,0x0000000a5da00000)]
  0x000001fa35743000 JavaThread "HikariPool-1 housekeeper" daemon [_thread_blocked, id=4228, stack(0x0000000a5dd00000,0x0000000a5de00000)]
  0x000001fa35741800 JavaThread "ThreadPoolTaskExecutor-1" [_thread_blocked, id=16532, stack(0x0000000a5df00000,0x0000000a5e000000)]
  0x000001fa3573d800 JavaThread "ThreadPoolTaskExecutor-2" [_thread_blocked, id=10556, stack(0x0000000a5a700000,0x0000000a5a800000)]
  0x000001fa35742800 JavaThread "ThreadPoolTaskExecutor-3" [_thread_blocked, id=4724, stack(0x0000000a5a800000,0x0000000a5a900000)]
  0x000001fa3573e800 JavaThread "ThreadPoolTaskExecutor-4" [_thread_blocked, id=6832, stack(0x0000000a5b800000,0x0000000a5b900000)]

Other Threads:
  0x000001fa31631800 VMThread "VM Thread" [stack: 0x0000000a5af00000,0x0000000a5b000000] [id=19876]
  0x000001fa3279d800 WatcherThread [stack: 0x0000000a5bb00000,0x0000000a5bc00000] [id=18948]
  0x000001fa10b33000 GCTaskThread "GC Thread#0" [stack: 0x0000000a5aa00000,0x0000000a5ab00000] [id=20628]
  0x000001fa327e4800 GCTaskThread "GC Thread#1" [stack: 0x0000000a5bc00000,0x0000000a5bd00000] [id=11984]
  0x000001fa327e5000 GCTaskThread "GC Thread#2" [stack: 0x0000000a5bd00000,0x0000000a5be00000] [id=3444]
  0x000001fa327e5800 GCTaskThread "GC Thread#3" [stack: 0x0000000a5be00000,0x0000000a5bf00000] [id=15760]
  0x000001fa10b7b000 ConcurrentGCThread "G1 Main Marker" [stack: 0x0000000a5ab00000,0x0000000a5ac00000] [id=21176]
  0x000001fa10b7c000 ConcurrentGCThread "G1 Conc#0" [stack: 0x0000000a5ac00000,0x0000000a5ad00000] [id=2820]
  0x000001fa3149c800 ConcurrentGCThread "G1 Refine#0" [stack: 0x0000000a5ad00000,0x0000000a5ae00000] [id=13840]
  0x000001fa32239000 ConcurrentGCThread "G1 Refine#1" [stack: 0x0000000a5bf00000,0x0000000a5c000000] [id=17972]
  0x000001fa3149d800 ConcurrentGCThread "G1 Young RemSet Sampling" [stack: 0x0000000a5ae00000,0x0000000a5af00000] [id=16864]

Threads with active compile tasks:

VM state:not at safepoint (normal execution)

VM Mutex/Monitor currently owned by a thread: None

Heap address: 0x0000000741c00000, size: 3044 MB, Compressed Oops mode: Zero based, Oop shift amount: 3
Narrow klass base: 0x0000000800000000, Narrow klass shift: 0
Compressed class space size: 1073741824 Address: 0x0000000800000000

Heap:
 garbage-first heap   total 236544K, used 69031K [0x0000000741c00000, 0x0000000800000000)
  region size 1024K, 44 young (45056K), 10 survivors (10240K)
 Metaspace       used 63272K, capacity 65250K, committed 65360K, reserved 1105920K
  class space    used 7794K, capacity 8570K, committed 8652K, reserved 1048576K
Heap Regions: E=young(eden), S=young(survivor), O=old, HS=humongous(starts), HC=humongous(continues), CS=collection set, F=free, A=archive, TAMS=top-at-mark-start (previous, next)
|   0|0x0000000741c00000, 0x0000000741d00000, 0x0000000741d00000|100%| O|  |TAMS 0x0000000741d00000, 0x0000000741c00000| Untracked 
|   1|0x0000000741d00000, 0x0000000741e00000, 0x0000000741e00000|100%| O|  |TAMS 0x0000000741e00000, 0x0000000741d00000| Untracked 
|   2|0x0000000741e00000, 0x0000000741f00000, 0x0000000741f00000|100%| O|  |TAMS 0x0000000741f00000, 0x0000000741e00000| Untracked 
|   3|0x0000000741f00000, 0x0000000742000000, 0x0000000742000000|100%| O|  |TAMS 0x0000000742000000, 0x0000000741f00000| Untracked 
|   4|0x0000000742000000, 0x0000000742100000, 0x0000000742100000|100%| O|  |TAMS 0x0000000742100000, 0x0000000742000000| Untracked 
|   5|0x0000000742100000, 0x0000000742200000, 0x0000000742200000|100%| O|  |TAMS 0x0000000742200000, 0x0000000742100000| Untracked 
|   6|0x0000000742200000, 0x0000000742300000, 0x0000000742300000|100%| O|  |TAMS 0x0000000742300000, 0x0000000742200000| Untracked 
|   7|0x0000000742300000, 0x0000000742400000, 0x0000000742400000|100%| O|  |TAMS 0x0000000742400000, 0x0000000742300000| Untracked 
|   8|0x0000000742400000, 0x0000000742500000, 0x0000000742500000|100%| O|  |TAMS 0x0000000742500000, 0x0000000742400000| Untracked 
|   9|0x0000000742500000, 0x0000000742600000, 0x0000000742600000|100%| O|  |TAMS 0x0000000742600000, 0x0000000742500000| Untracked 
|  10|0x0000000742600000, 0x0000000742700000, 0x0000000742700000|100%| O|  |TAMS 0x0000000742700000, 0x0000000742600000| Untracked 
|  11|0x0000000742700000, 0x0000000742800000, 0x0000000742800000|100%| O|  |TAMS 0x0000000742800000, 0x0000000742700000| Untracked 
|  12|0x0000000742800000, 0x0000000742900000, 0x0000000742900000|100%| O|  |TAMS 0x0000000742900000, 0x0000000742800000| Untracked 
|  13|0x0000000742900000, 0x0000000742a00000, 0x0000000742a00000|100%| O|  |TAMS 0x0000000742a00000, 0x0000000742900000| Untracked 
|  14|0x0000000742a00000, 0x0000000742b00000, 0x0000000742b00000|100%| O|  |TAMS 0x0000000742b00000, 0x0000000742a00000| Untracked 
|  15|0x0000000742b00000, 0x0000000742c00000, 0x0000000742c00000|100%| O|  |TAMS 0x0000000742c00000, 0x0000000742b00000| Untracked 
|  16|0x0000000742c00000, 0x0000000742d00000, 0x0000000742d00000|100%| O|  |TAMS 0x0000000742d00000, 0x0000000742c00000| Untracked 
|  17|0x0000000742d00000, 0x0000000742e00000, 0x0000000742e00000|100%| O|  |TAMS 0x0000000742e00000, 0x0000000742d00000| Untracked 
|  18|0x0000000742e00000, 0x0000000742f00000, 0x0000000742f00000|100%| O|  |TAMS 0x0000000742f00000, 0x0000000742e00000| Untracked 
|  19|0x0000000742f00000, 0x0000000743000000, 0x0000000743000000|100%| O|  |TAMS 0x0000000743000000, 0x0000000742f00000| Untracked 
|  20|0x0000000743000000, 0x0000000743100000, 0x0000000743100000|100%| O|  |TAMS 0x0000000743100000, 0x0000000743000000| Untracked 
|  21|0x0000000743100000, 0x0000000743200000, 0x0000000743200000|100%| O|  |TAMS 0x0000000743200000, 0x0000000743100000| Untracked 
|  22|0x0000000743200000, 0x0000000743300000, 0x0000000743300000|100%| O|  |TAMS 0x0000000743300000, 0x0000000743200000| Untracked 
|  23|0x0000000743300000, 0x0000000743400000, 0x0000000743400000|100%| O|  |TAMS 0x0000000743400000, 0x0000000743300000| Untracked 
|  24|0x0000000743400000, 0x00000007434e4800, 0x0000000743500000| 89%| O|  |TAMS 0x00000007434e4800, 0x0000000743400000| Untracked 
|  25|0x0000000743500000, 0x0000000743500000, 0x0000000743600000|  0%| F|  |TAMS 0x0000000743500000, 0x0000000743500000| Untracked 
|  26|0x0000000743600000, 0x0000000743600000, 0x0000000743700000|  0%| F|  |TAMS 0x0000000743600000, 0x0000000743600000| Untracked 
|  27|0x0000000743700000, 0x0000000743700000, 0x0000000743800000|  0%| F|  |TAMS 0x0000000743700000, 0x0000000743700000| Untracked 
|  28|0x0000000743800000, 0x0000000743800000, 0x0000000743900000|  0%| F|  |TAMS 0x0000000743800000, 0x0000000743800000| Untracked 
|  29|0x0000000743900000, 0x0000000743900000, 0x0000000743a00000|  0%| F|  |TAMS 0x0000000743900000, 0x0000000743900000| Untracked 
|  30|0x0000000743a00000, 0x0000000743a00000, 0x0000000743b00000|  0%| F|  |TAMS 0x0000000743a00000, 0x0000000743a00000| Untracked 
|  31|0x0000000743b00000, 0x0000000743b00000, 0x0000000743c00000|  0%| F|  |TAMS 0x0000000743b00000, 0x0000000743b00000| Untracked 
|  32|0x0000000743c00000, 0x0000000743c00000, 0x0000000743d00000|  0%| F|  |TAMS 0x0000000743c00000, 0x0000000743c00000| Untracked 
|  33|0x0000000743d00000, 0x0000000743d00000, 0x0000000743e00000|  0%| F|  |TAMS 0x0000000743d00000, 0x0000000743d00000| Untracked 
|  34|0x0000000743e00000, 0x0000000743e00000, 0x0000000743f00000|  0%| F|  |TAMS 0x0000000743e00000, 0x0000000743e00000| Untracked 
|  35|0x0000000743f00000, 0x0000000743f00000, 0x0000000744000000|  0%| F|  |TAMS 0x0000000743f00000, 0x0000000743f00000| Untracked 
|  36|0x0000000744000000, 0x0000000744000000, 0x0000000744100000|  0%| F|  |TAMS 0x0000000744000000, 0x0000000744000000| Untracked 
|  37|0x0000000744100000, 0x0000000744100000, 0x0000000744200000|  0%| F|  |TAMS 0x0000000744100000, 0x0000000744100000| Untracked 
|  38|0x0000000744200000, 0x0000000744200000, 0x0000000744300000|  0%| F|  |TAMS 0x0000000744200000, 0x0000000744200000| Untracked 
|  39|0x0000000744300000, 0x0000000744300000, 0x0000000744400000|  0%| F|  |TAMS 0x0000000744300000, 0x0000000744300000| Untracked 
|  40|0x0000000744400000, 0x0000000744400000, 0x0000000744500000|  0%| F|  |TAMS 0x0000000744400000, 0x0000000744400000| Untracked 
|  41|0x0000000744500000, 0x0000000744500000, 0x0000000744600000|  0%| F|  |TAMS 0x0000000744500000, 0x0000000744500000| Untracked 
|  42|0x0000000744600000, 0x0000000744600000, 0x0000000744700000|  0%| F|  |TAMS 0x0000000744600000, 0x0000000744600000| Untracked 
|  43|0x0000000744700000, 0x0000000744700000, 0x0000000744800000|  0%| F|  |TAMS 0x0000000744700000, 0x0000000744700000| Untracked 
|  44|0x0000000744800000, 0x0000000744800000, 0x0000000744900000|  0%| F|  |TAMS 0x0000000744800000, 0x0000000744800000| Untracked 
|  45|0x0000000744900000, 0x0000000744900000, 0x0000000744a00000|  0%| F|  |TAMS 0x0000000744900000, 0x0000000744900000| Untracked 
|  46|0x0000000744a00000, 0x0000000744a00000, 0x0000000744b00000|  0%| F|  |TAMS 0x0000000744a00000, 0x0000000744a00000| Untracked 
|  47|0x0000000744b00000, 0x0000000744b00000, 0x0000000744c00000|  0%| F|  |TAMS 0x0000000744b00000, 0x0000000744b00000| Untracked 
|  48|0x0000000744c00000, 0x0000000744c00000, 0x0000000744d00000|  0%| F|  |TAMS 0x0000000744c00000, 0x0000000744c00000| Untracked 
|  49|0x0000000744d00000, 0x0000000744d00000, 0x0000000744e00000|  0%| F|  |TAMS 0x0000000744d00000, 0x0000000744d00000| Untracked 
|  50|0x0000000744e00000, 0x0000000744e00000, 0x0000000744f00000|  0%| F|  |TAMS 0x0000000744e00000, 0x0000000744e00000| Untracked 
|  51|0x0000000744f00000, 0x0000000744f00000, 0x0000000745000000|  0%| F|  |TAMS 0x0000000744f00000, 0x0000000744f00000| Untracked 
|  52|0x0000000745000000, 0x0000000745000000, 0x0000000745100000|  0%| F|  |TAMS 0x0000000745000000, 0x0000000745000000| Untracked 
|  53|0x0000000745100000, 0x0000000745100000, 0x0000000745200000|  0%| F|  |TAMS 0x0000000745100000, 0x0000000745100000| Untracked 
|  54|0x0000000745200000, 0x0000000745200000, 0x0000000745300000|  0%| F|  |TAMS 0x0000000745200000, 0x0000000745200000| Untracked 
|  55|0x0000000745300000, 0x0000000745300000, 0x0000000745400000|  0%| F|  |TAMS 0x0000000745300000, 0x0000000745300000| Untracked 
|  56|0x0000000745400000, 0x0000000745400000, 0x0000000745500000|  0%| F|  |TAMS 0x0000000745400000, 0x0000000745400000| Untracked 
|  57|0x0000000745500000, 0x0000000745500000, 0x0000000745600000|  0%| F|  |TAMS 0x0000000745500000, 0x0000000745500000| Untracked 
|  58|0x0000000745600000, 0x0000000745600000, 0x0000000745700000|  0%| F|  |TAMS 0x0000000745600000, 0x0000000745600000| Untracked 
|  59|0x0000000745700000, 0x0000000745700000, 0x0000000745800000|  0%| F|  |TAMS 0x0000000745700000, 0x0000000745700000| Untracked 
|  60|0x0000000745800000, 0x0000000745800000, 0x0000000745900000|  0%| F|  |TAMS 0x0000000745800000, 0x0000000745800000| Untracked 
|  61|0x0000000745900000, 0x0000000745900000, 0x0000000745a00000|  0%| F|  |TAMS 0x0000000745900000, 0x0000000745900000| Untracked 
|  62|0x0000000745a00000, 0x0000000745a00000, 0x0000000745b00000|  0%| F|  |TAMS 0x0000000745a00000, 0x0000000745a00000| Untracked 
|  63|0x0000000745b00000, 0x0000000745b00000, 0x0000000745c00000|  0%| F|  |TAMS 0x0000000745b00000, 0x0000000745b00000| Untracked 
|  64|0x0000000745c00000, 0x0000000745c00000, 0x0000000745d00000|  0%| F|  |TAMS 0x0000000745c00000, 0x0000000745c00000| Untracked 
|  65|0x0000000745d00000, 0x0000000745d00000, 0x0000000745e00000|  0%| F|  |TAMS 0x0000000745d00000, 0x0000000745d00000| Untracked 
|  66|0x0000000745e00000, 0x0000000745e00000, 0x0000000745f00000|  0%| F|  |TAMS 0x0000000745e00000, 0x0000000745e00000| Untracked 
|  67|0x0000000745f00000, 0x0000000745f00000, 0x0000000746000000|  0%| F|  |TAMS 0x0000000745f00000, 0x0000000745f00000| Untracked 
|  68|0x0000000746000000, 0x0000000746000000, 0x0000000746100000|  0%| F|  |TAMS 0x0000000746000000, 0x0000000746000000| Untracked 
|  69|0x0000000746100000, 0x0000000746100000, 0x0000000746200000|  0%| F|  |TAMS 0x0000000746100000, 0x0000000746100000| Untracked 
|  70|0x0000000746200000, 0x0000000746200000, 0x0000000746300000|  0%| F|  |TAMS 0x0000000746200000, 0x0000000746200000| Untracked 
|  71|0x0000000746300000, 0x0000000746300000, 0x0000000746400000|  0%| F|  |TAMS 0x0000000746300000, 0x0000000746300000| Untracked 
|  72|0x0000000746400000, 0x0000000746400000, 0x0000000746500000|  0%| F|  |TAMS 0x0000000746400000, 0x0000000746400000| Untracked 
|  73|0x0000000746500000, 0x0000000746500000, 0x0000000746600000|  0%| F|  |TAMS 0x0000000746500000, 0x0000000746500000| Untracked 
|  74|0x0000000746600000, 0x0000000746600000, 0x0000000746700000|  0%| F|  |TAMS 0x0000000746600000, 0x0000000746600000| Untracked 
|  75|0x0000000746700000, 0x0000000746700000, 0x0000000746800000|  0%| F|  |TAMS 0x0000000746700000, 0x0000000746700000| Untracked 
|  76|0x0000000746800000, 0x0000000746800000, 0x0000000746900000|  0%| F|  |TAMS 0x0000000746800000, 0x0000000746800000| Untracked 
|  77|0x0000000746900000, 0x0000000746900000, 0x0000000746a00000|  0%| F|  |TAMS 0x0000000746900000, 0x0000000746900000| Untracked 
|  78|0x0000000746a00000, 0x0000000746a00000, 0x0000000746b00000|  0%| F|  |TAMS 0x0000000746a00000, 0x0000000746a00000| Untracked 
|  79|0x0000000746b00000, 0x0000000746b00000, 0x0000000746c00000|  0%| F|  |TAMS 0x0000000746b00000, 0x0000000746b00000| Untracked 
|  80|0x0000000746c00000, 0x0000000746c00000, 0x0000000746d00000|  0%| F|  |TAMS 0x0000000746c00000, 0x0000000746c00000| Untracked 
|  81|0x0000000746d00000, 0x0000000746d00000, 0x0000000746e00000|  0%| F|  |TAMS 0x0000000746d00000, 0x0000000746d00000| Untracked 
|  82|0x0000000746e00000, 0x0000000746e00000, 0x0000000746f00000|  0%| F|  |TAMS 0x0000000746e00000, 0x0000000746e00000| Untracked 
|  83|0x0000000746f00000, 0x0000000746f85770, 0x0000000747000000| 52%| S|CS|TAMS 0x0000000746f00000, 0x0000000746f00000| Complete 
|  84|0x0000000747000000, 0x0000000747100000, 0x0000000747100000|100%| S|CS|TAMS 0x0000000747000000, 0x0000000747000000| Complete 
|  85|0x0000000747100000, 0x0000000747200000, 0x0000000747200000|100%| S|CS|TAMS 0x0000000747100000, 0x0000000747100000| Complete 
|  86|0x0000000747200000, 0x0000000747300000, 0x0000000747300000|100%| S|CS|TAMS 0x0000000747200000, 0x0000000747200000| Complete 
|  87|0x0000000747300000, 0x0000000747400000, 0x0000000747400000|100%| S|CS|TAMS 0x0000000747300000, 0x0000000747300000| Complete 
|  88|0x0000000747400000, 0x0000000747500000, 0x0000000747500000|100%| S|CS|TAMS 0x0000000747400000, 0x0000000747400000| Complete 
|  89|0x0000000747500000, 0x0000000747600000, 0x0000000747600000|100%| S|CS|TAMS 0x0000000747500000, 0x0000000747500000| Complete 
|  90|0x0000000747600000, 0x0000000747600000, 0x0000000747700000|  0%| F|  |TAMS 0x0000000747600000, 0x0000000747600000| Untracked 
|  91|0x0000000747700000, 0x0000000747700000, 0x0000000747800000|  0%| F|  |TAMS 0x0000000747700000, 0x0000000747700000| Untracked 
|  92|0x0000000747800000, 0x0000000747800000, 0x0000000747900000|  0%| F|  |TAMS 0x0000000747800000, 0x0000000747800000| Untracked 
|  93|0x0000000747900000, 0x0000000747900000, 0x0000000747a00000|  0%| F|  |TAMS 0x0000000747900000, 0x0000000747900000| Untracked 
|  94|0x0000000747a00000, 0x0000000747a00000, 0x0000000747b00000|  0%| F|  |TAMS 0x0000000747a00000, 0x0000000747a00000| Untracked 
|  95|0x0000000747b00000, 0x0000000747b00000, 0x0000000747c00000|  0%| F|  |TAMS 0x0000000747b00000, 0x0000000747b00000| Untracked 
|  96|0x0000000747c00000, 0x0000000747c00000, 0x0000000747d00000|  0%| F|  |TAMS 0x0000000747c00000, 0x0000000747c00000| Untracked 
|  97|0x0000000747d00000, 0x0000000747d00000, 0x0000000747e00000|  0%| F|  |TAMS 0x0000000747d00000, 0x0000000747d00000| Untracked 
|  98|0x0000000747e00000, 0x0000000747e00000, 0x0000000747f00000|  0%| F|  |TAMS 0x0000000747e00000, 0x0000000747e00000| Untracked 
|  99|0x0000000747f00000, 0x0000000747f00000, 0x0000000748000000|  0%| F|  |TAMS 0x0000000747f00000, 0x0000000747f00000| Untracked 
| 100|0x0000000748000000, 0x0000000748100000, 0x0000000748100000|100%| S|CS|TAMS 0x0000000748000000, 0x0000000748000000| Complete 
| 101|0x0000000748100000, 0x0000000748200000, 0x0000000748200000|100%| S|CS|TAMS 0x0000000748100000, 0x0000000748100000| Complete 
| 102|0x0000000748200000, 0x0000000748300000, 0x0000000748300000|100%| S|CS|TAMS 0x0000000748200000, 0x0000000748200000| Complete 
| 103|0x0000000748300000, 0x0000000748300000, 0x0000000748400000|  0%| F|  |TAMS 0x0000000748300000, 0x0000000748300000| Untracked 
| 104|0x0000000748400000, 0x0000000748400000, 0x0000000748500000|  0%| F|  |TAMS 0x0000000748400000, 0x0000000748400000| Untracked 
| 105|0x0000000748500000, 0x0000000748500000, 0x0000000748600000|  0%| F|  |TAMS 0x0000000748500000, 0x0000000748500000| Untracked 
| 106|0x0000000748600000, 0x0000000748600000, 0x0000000748700000|  0%| F|  |TAMS 0x0000000748600000, 0x0000000748600000| Untracked 
| 107|0x0000000748700000, 0x0000000748700000, 0x0000000748800000|  0%| F|  |TAMS 0x0000000748700000, 0x0000000748700000| Untracked 
| 108|0x0000000748800000, 0x0000000748800000, 0x0000000748900000|  0%| F|  |TAMS 0x0000000748800000, 0x0000000748800000| Untracked 
| 109|0x0000000748900000, 0x0000000748900000, 0x0000000748a00000|  0%| F|  |TAMS 0x0000000748900000, 0x0000000748900000| Untracked 
| 110|0x0000000748a00000, 0x0000000748a00000, 0x0000000748b00000|  0%| F|  |TAMS 0x0000000748a00000, 0x0000000748a00000| Untracked 
| 111|0x0000000748b00000, 0x0000000748b00000, 0x0000000748c00000|  0%| F|  |TAMS 0x0000000748b00000, 0x0000000748b00000| Untracked 
| 112|0x0000000748c00000, 0x0000000748c00000, 0x0000000748d00000|  0%| F|  |TAMS 0x0000000748c00000, 0x0000000748c00000| Untracked 
| 113|0x0000000748d00000, 0x0000000748d00000, 0x0000000748e00000|  0%| F|  |TAMS 0x0000000748d00000, 0x0000000748d00000| Untracked 
| 114|0x0000000748e00000, 0x0000000748e00000, 0x0000000748f00000|  0%| F|  |TAMS 0x0000000748e00000, 0x0000000748e00000| Untracked 
| 115|0x0000000748f00000, 0x0000000748f00000, 0x0000000749000000|  0%| F|  |TAMS 0x0000000748f00000, 0x0000000748f00000| Untracked 
| 116|0x0000000749000000, 0x0000000749000000, 0x0000000749100000|  0%| F|  |TAMS 0x0000000749000000, 0x0000000749000000| Untracked 
| 117|0x0000000749100000, 0x0000000749100000, 0x0000000749200000|  0%| F|  |TAMS 0x0000000749100000, 0x0000000749100000| Untracked 
| 118|0x0000000749200000, 0x0000000749200000, 0x0000000749300000|  0%| F|  |TAMS 0x0000000749200000, 0x0000000749200000| Untracked 
| 119|0x0000000749300000, 0x0000000749300000, 0x0000000749400000|  0%| F|  |TAMS 0x0000000749300000, 0x0000000749300000| Untracked 
| 120|0x0000000749400000, 0x0000000749400000, 0x0000000749500000|  0%| F|  |TAMS 0x0000000749400000, 0x0000000749400000| Untracked 
| 121|0x0000000749500000, 0x0000000749500000, 0x0000000749600000|  0%| F|  |TAMS 0x0000000749500000, 0x0000000749500000| Untracked 
| 122|0x0000000749600000, 0x0000000749600000, 0x0000000749700000|  0%| F|  |TAMS 0x0000000749600000, 0x0000000749600000| Untracked 
| 123|0x0000000749700000, 0x0000000749700000, 0x0000000749800000|  0%| F|  |TAMS 0x0000000749700000, 0x0000000749700000| Untracked 
| 124|0x0000000749800000, 0x0000000749800000, 0x0000000749900000|  0%| F|  |TAMS 0x0000000749800000, 0x0000000749800000| Untracked 
| 125|0x0000000749900000, 0x0000000749900000, 0x0000000749a00000|  0%| F|  |TAMS 0x0000000749900000, 0x0000000749900000| Untracked 
| 126|0x0000000749a00000, 0x0000000749a00000, 0x0000000749b00000|  0%| F|  |TAMS 0x0000000749a00000, 0x0000000749a00000| Untracked 
| 127|0x0000000749b00000, 0x0000000749b00000, 0x0000000749c00000|  0%| F|  |TAMS 0x0000000749b00000, 0x0000000749b00000| Untracked 
| 128|0x0000000749c00000, 0x0000000749c00000, 0x0000000749d00000|  0%| F|  |TAMS 0x0000000749c00000, 0x0000000749c00000| Untracked 
| 129|0x0000000749d00000, 0x0000000749d00000, 0x0000000749e00000|  0%| F|  |TAMS 0x0000000749d00000, 0x0000000749d00000| Untracked 
| 130|0x0000000749e00000, 0x0000000749e00000, 0x0000000749f00000|  0%| F|  |TAMS 0x0000000749e00000, 0x0000000749e00000| Untracked 
| 131|0x0000000749f00000, 0x0000000749f00000, 0x000000074a000000|  0%| F|  |TAMS 0x0000000749f00000, 0x0000000749f00000| Untracked 
| 132|0x000000074a000000, 0x000000074a000000, 0x000000074a100000|  0%| F|  |TAMS 0x000000074a000000, 0x000000074a000000| Untracked 
| 133|0x000000074a100000, 0x000000074a100000, 0x000000074a200000|  0%| F|  |TAMS 0x000000074a100000, 0x000000074a100000| Untracked 
| 134|0x000000074a200000, 0x000000074a200000, 0x000000074a300000|  0%| F|  |TAMS 0x000000074a200000, 0x000000074a200000| Untracked 
| 135|0x000000074a300000, 0x000000074a300000, 0x000000074a400000|  0%| F|  |TAMS 0x000000074a300000, 0x000000074a300000| Untracked 
| 136|0x000000074a400000, 0x000000074a400000, 0x000000074a500000|  0%| F|  |TAMS 0x000000074a400000, 0x000000074a400000| Untracked 
| 137|0x000000074a500000, 0x000000074a500000, 0x000000074a600000|  0%| F|  |TAMS 0x000000074a500000, 0x000000074a500000| Untracked 
| 138|0x000000074a600000, 0x000000074a600000, 0x000000074a700000|  0%| F|  |TAMS 0x000000074a600000, 0x000000074a600000| Untracked 
| 139|0x000000074a700000, 0x000000074a700000, 0x000000074a800000|  0%| F|  |TAMS 0x000000074a700000, 0x000000074a700000| Untracked 
| 140|0x000000074a800000, 0x000000074a800000, 0x000000074a900000|  0%| F|  |TAMS 0x000000074a800000, 0x000000074a800000| Untracked 
| 141|0x000000074a900000, 0x000000074a900000, 0x000000074aa00000|  0%| F|  |TAMS 0x000000074a900000, 0x000000074a900000| Untracked 
| 142|0x000000074aa00000, 0x000000074aa00000, 0x000000074ab00000|  0%| F|  |TAMS 0x000000074aa00000, 0x000000074aa00000| Untracked 
| 143|0x000000074ab00000, 0x000000074ab00000, 0x000000074ac00000|  0%| F|  |TAMS 0x000000074ab00000, 0x000000074ab00000| Untracked 
| 144|0x000000074ac00000, 0x000000074ac00000, 0x000000074ad00000|  0%| F|  |TAMS 0x000000074ac00000, 0x000000074ac00000| Untracked 
| 145|0x000000074ad00000, 0x000000074ad00000, 0x000000074ae00000|  0%| F|  |TAMS 0x000000074ad00000, 0x000000074ad00000| Untracked 
| 146|0x000000074ae00000, 0x000000074ae00000, 0x000000074af00000|  0%| F|  |TAMS 0x000000074ae00000, 0x000000074ae00000| Untracked 
| 147|0x000000074af00000, 0x000000074af00000, 0x000000074b000000|  0%| F|  |TAMS 0x000000074af00000, 0x000000074af00000| Untracked 
| 148|0x000000074b000000, 0x000000074b000000, 0x000000074b100000|  0%| F|  |TAMS 0x000000074b000000, 0x000000074b000000| Untracked 
| 149|0x000000074b100000, 0x000000074b100000, 0x000000074b200000|  0%| F|  |TAMS 0x000000074b100000, 0x000000074b100000| Untracked 
| 150|0x000000074b200000, 0x000000074b200000, 0x000000074b300000|  0%| F|  |TAMS 0x000000074b200000, 0x000000074b200000| Untracked 
| 151|0x000000074b300000, 0x000000074b300000, 0x000000074b400000|  0%| F|  |TAMS 0x000000074b300000, 0x000000074b300000| Untracked 
| 152|0x000000074b400000, 0x000000074b400000, 0x000000074b500000|  0%| F|  |TAMS 0x000000074b400000, 0x000000074b400000| Untracked 
| 153|0x000000074b500000, 0x000000074b500000, 0x000000074b600000|  0%| F|  |TAMS 0x000000074b500000, 0x000000074b500000| Untracked 
| 154|0x000000074b600000, 0x000000074b600000, 0x000000074b700000|  0%| F|  |TAMS 0x000000074b600000, 0x000000074b600000| Untracked 
| 155|0x000000074b700000, 0x000000074b700000, 0x000000074b800000|  0%| F|  |TAMS 0x000000074b700000, 0x000000074b700000| Untracked 
| 156|0x000000074b800000, 0x000000074b800000, 0x000000074b900000|  0%| F|  |TAMS 0x000000074b800000, 0x000000074b800000| Untracked 
| 157|0x000000074b900000, 0x000000074b900000, 0x000000074ba00000|  0%| F|  |TAMS 0x000000074b900000, 0x000000074b900000| Untracked 
| 158|0x000000074ba00000, 0x000000074ba00000, 0x000000074bb00000|  0%| F|  |TAMS 0x000000074ba00000, 0x000000074ba00000| Untracked 
| 159|0x000000074bb00000, 0x000000074bb00000, 0x000000074bc00000|  0%| F|  |TAMS 0x000000074bb00000, 0x000000074bb00000| Untracked 
| 160|0x000000074bc00000, 0x000000074bc00000, 0x000000074bd00000|  0%| F|  |TAMS 0x000000074bc00000, 0x000000074bc00000| Untracked 
| 161|0x000000074bd00000, 0x000000074bd00000, 0x000000074be00000|  0%| F|  |TAMS 0x000000074bd00000, 0x000000074bd00000| Untracked 
| 162|0x000000074be00000, 0x000000074be00000, 0x000000074bf00000|  0%| F|  |TAMS 0x000000074be00000, 0x000000074be00000| Untracked 
| 163|0x000000074bf00000, 0x000000074bf00000, 0x000000074c000000|  0%| F|  |TAMS 0x000000074bf00000, 0x000000074bf00000| Untracked 
| 164|0x000000074c000000, 0x000000074c000000, 0x000000074c100000|  0%| F|  |TAMS 0x000000074c000000, 0x000000074c000000| Untracked 
| 165|0x000000074c100000, 0x000000074c100000, 0x000000074c200000|  0%| F|  |TAMS 0x000000074c100000, 0x000000074c100000| Untracked 
| 166|0x000000074c200000, 0x000000074c200000, 0x000000074c300000|  0%| F|  |TAMS 0x000000074c200000, 0x000000074c200000| Untracked 
| 167|0x000000074c300000, 0x000000074c300000, 0x000000074c400000|  0%| F|  |TAMS 0x000000074c300000, 0x000000074c300000| Untracked 
| 168|0x000000074c400000, 0x000000074c400000, 0x000000074c500000|  0%| F|  |TAMS 0x000000074c400000, 0x000000074c400000| Untracked 
| 169|0x000000074c500000, 0x000000074c500000, 0x000000074c600000|  0%| F|  |TAMS 0x000000074c500000, 0x000000074c500000| Untracked 
| 170|0x000000074c600000, 0x000000074c600000, 0x000000074c700000|  0%| F|  |TAMS 0x000000074c600000, 0x000000074c600000| Untracked 
| 171|0x000000074c700000, 0x000000074c700000, 0x000000074c800000|  0%| F|  |TAMS 0x000000074c700000, 0x000000074c700000| Untracked 
| 172|0x000000074c800000, 0x000000074c800000, 0x000000074c900000|  0%| F|  |TAMS 0x000000074c800000, 0x000000074c800000| Untracked 
| 173|0x000000074c900000, 0x000000074c900000, 0x000000074ca00000|  0%| F|  |TAMS 0x000000074c900000, 0x000000074c900000| Untracked 
| 174|0x000000074ca00000, 0x000000074ca00000, 0x000000074cb00000|  0%| F|  |TAMS 0x000000074ca00000, 0x000000074ca00000| Untracked 
| 175|0x000000074cb00000, 0x000000074cb00000, 0x000000074cc00000|  0%| F|  |TAMS 0x000000074cb00000, 0x000000074cb00000| Untracked 
| 176|0x000000074cc00000, 0x000000074cc00000, 0x000000074cd00000|  0%| F|  |TAMS 0x000000074cc00000, 0x000000074cc00000| Untracked 
| 177|0x000000074cd00000, 0x000000074cd00000, 0x000000074ce00000|  0%| F|  |TAMS 0x000000074cd00000, 0x000000074cd00000| Untracked 
| 178|0x000000074ce00000, 0x000000074ce00000, 0x000000074cf00000|  0%| F|  |TAMS 0x000000074ce00000, 0x000000074ce00000| Untracked 
| 179|0x000000074cf00000, 0x000000074cf00000, 0x000000074d000000|  0%| F|  |TAMS 0x000000074cf00000, 0x000000074cf00000| Untracked 
| 180|0x000000074d000000, 0x000000074d000000, 0x000000074d100000|  0%| F|  |TAMS 0x000000074d000000, 0x000000074d000000| Untracked 
| 181|0x000000074d100000, 0x000000074d100000, 0x000000074d200000|  0%| F|  |TAMS 0x000000074d100000, 0x000000074d100000| Untracked 
| 182|0x000000074d200000, 0x000000074d200000, 0x000000074d300000|  0%| F|  |TAMS 0x000000074d200000, 0x000000074d200000| Untracked 
| 183|0x000000074d300000, 0x000000074d300000, 0x000000074d400000|  0%| F|  |TAMS 0x000000074d300000, 0x000000074d300000| Untracked 
| 184|0x000000074d400000, 0x000000074d400000, 0x000000074d500000|  0%| F|  |TAMS 0x000000074d400000, 0x000000074d400000| Untracked 
| 185|0x000000074d500000, 0x000000074d500000, 0x000000074d600000|  0%| F|  |TAMS 0x000000074d500000, 0x000000074d500000| Untracked 
| 186|0x000000074d600000, 0x000000074d600000, 0x000000074d700000|  0%| F|  |TAMS 0x000000074d600000, 0x000000074d600000| Untracked 
| 187|0x000000074d700000, 0x000000074d700000, 0x000000074d800000|  0%| F|  |TAMS 0x000000074d700000, 0x000000074d700000| Untracked 
| 188|0x000000074d800000, 0x000000074d800000, 0x000000074d900000|  0%| F|  |TAMS 0x000000074d800000, 0x000000074d800000| Untracked 
| 189|0x000000074d900000, 0x000000074d900000, 0x000000074da00000|  0%| F|  |TAMS 0x000000074d900000, 0x000000074d900000| Untracked 
| 190|0x000000074da00000, 0x000000074da00000, 0x000000074db00000|  0%| F|  |TAMS 0x000000074da00000, 0x000000074da00000| Untracked 
| 191|0x000000074db00000, 0x000000074db00000, 0x000000074dc00000|  0%| F|  |TAMS 0x000000074db00000, 0x000000074db00000| Untracked 
| 192|0x000000074dc00000, 0x000000074dc00000, 0x000000074dd00000|  0%| F|  |TAMS 0x000000074dc00000, 0x000000074dc00000| Untracked 
| 193|0x000000074dd00000, 0x000000074dd00000, 0x000000074de00000|  0%| F|  |TAMS 0x000000074dd00000, 0x000000074dd00000| Untracked 
| 194|0x000000074de00000, 0x000000074de00000, 0x000000074df00000|  0%| F|  |TAMS 0x000000074de00000, 0x000000074de00000| Untracked 
| 195|0x000000074df00000, 0x000000074df00000, 0x000000074e000000|  0%| F|  |TAMS 0x000000074df00000, 0x000000074df00000| Untracked 
| 196|0x000000074e000000, 0x000000074e000000, 0x000000074e100000|  0%| F|  |TAMS 0x000000074e000000, 0x000000074e000000| Untracked 
| 197|0x000000074e100000, 0x000000074e1335e0, 0x000000074e200000| 20%| E|  |TAMS 0x000000074e100000, 0x000000074e100000| Complete 
| 198|0x000000074e200000, 0x000000074e300000, 0x000000074e300000|100%| E|CS|TAMS 0x000000074e200000, 0x000000074e200000| Complete 
| 199|0x000000074e300000, 0x000000074e400000, 0x000000074e400000|100%| E|CS|TAMS 0x000000074e300000, 0x000000074e300000| Complete 
| 200|0x000000074e400000, 0x000000074e500000, 0x000000074e500000|100%| E|CS|TAMS 0x000000074e400000, 0x000000074e400000| Complete 
| 201|0x000000074e500000, 0x000000074e600000, 0x000000074e600000|100%| E|CS|TAMS 0x000000074e500000, 0x000000074e500000| Complete 
| 202|0x000000074e600000, 0x000000074e700000, 0x000000074e700000|100%| E|CS|TAMS 0x000000074e600000, 0x000000074e600000| Complete 
| 203|0x000000074e700000, 0x000000074e800000, 0x000000074e800000|100%| E|CS|TAMS 0x000000074e700000, 0x000000074e700000| Complete 
| 204|0x000000074e800000, 0x000000074e900000, 0x000000074e900000|100%| E|CS|TAMS 0x000000074e800000, 0x000000074e800000| Complete 
| 205|0x000000074e900000, 0x000000074ea00000, 0x000000074ea00000|100%| E|CS|TAMS 0x000000074e900000, 0x000000074e900000| Complete 
| 206|0x000000074ea00000, 0x000000074eb00000, 0x000000074eb00000|100%| E|CS|TAMS 0x000000074ea00000, 0x000000074ea00000| Complete 
| 207|0x000000074eb00000, 0x000000074ec00000, 0x000000074ec00000|100%| E|CS|TAMS 0x000000074eb00000, 0x000000074eb00000| Complete 
| 208|0x000000074ec00000, 0x000000074ed00000, 0x000000074ed00000|100%| E|CS|TAMS 0x000000074ec00000, 0x000000074ec00000| Complete 
| 209|0x000000074ed00000, 0x000000074ee00000, 0x000000074ee00000|100%| E|CS|TAMS 0x000000074ed00000, 0x000000074ed00000| Complete 
| 210|0x000000074ee00000, 0x000000074ef00000, 0x000000074ef00000|100%| E|CS|TAMS 0x000000074ee00000, 0x000000074ee00000| Complete 
| 211|0x000000074ef00000, 0x000000074f000000, 0x000000074f000000|100%| E|CS|TAMS 0x000000074ef00000, 0x000000074ef00000| Complete 
| 212|0x000000074f000000, 0x000000074f100000, 0x000000074f100000|100%| E|CS|TAMS 0x000000074f000000, 0x000000074f000000| Complete 
| 213|0x000000074f100000, 0x000000074f200000, 0x000000074f200000|100%| E|CS|TAMS 0x000000074f100000, 0x000000074f100000| Complete 
| 214|0x000000074f200000, 0x000000074f300000, 0x000000074f300000|100%| E|CS|TAMS 0x000000074f200000, 0x000000074f200000| Complete 
| 215|0x000000074f300000, 0x000000074f400000, 0x000000074f400000|100%| E|CS|TAMS 0x000000074f300000, 0x000000074f300000| Complete 
| 216|0x000000074f400000, 0x000000074f500000, 0x000000074f500000|100%| E|CS|TAMS 0x000000074f400000, 0x000000074f400000| Complete 
| 217|0x000000074f500000, 0x000000074f600000, 0x000000074f600000|100%| E|CS|TAMS 0x000000074f500000, 0x000000074f500000| Complete 
| 218|0x000000074f600000, 0x000000074f700000, 0x000000074f700000|100%| E|CS|TAMS 0x000000074f600000, 0x000000074f600000| Complete 
| 219|0x000000074f700000, 0x000000074f800000, 0x000000074f800000|100%| E|CS|TAMS 0x000000074f700000, 0x000000074f700000| Complete 
| 220|0x000000074f800000, 0x000000074f900000, 0x000000074f900000|100%| E|CS|TAMS 0x000000074f800000, 0x000000074f800000| Complete 
| 221|0x000000074f900000, 0x000000074fa00000, 0x000000074fa00000|100%| E|CS|TAMS 0x000000074f900000, 0x000000074f900000| Complete 
| 222|0x000000074fa00000, 0x000000074fb00000, 0x000000074fb00000|100%| E|CS|TAMS 0x000000074fa00000, 0x000000074fa00000| Complete 
| 223|0x000000074fb00000, 0x000000074fc00000, 0x000000074fc00000|100%| E|CS|TAMS 0x000000074fb00000, 0x000000074fb00000| Complete 
| 224|0x000000074fc00000, 0x000000074fd00000, 0x000000074fd00000|100%| E|CS|TAMS 0x000000074fc00000, 0x000000074fc00000| Complete 
| 225|0x000000074fd00000, 0x000000074fe00000, 0x000000074fe00000|100%| E|CS|TAMS 0x000000074fd00000, 0x000000074fd00000| Complete 
| 226|0x000000074fe00000, 0x000000074ff00000, 0x000000074ff00000|100%| E|CS|TAMS 0x000000074fe00000, 0x000000074fe00000| Complete 
| 227|0x000000074ff00000, 0x0000000750000000, 0x0000000750000000|100%| E|CS|TAMS 0x000000074ff00000, 0x000000074ff00000| Complete 
| 228|0x0000000750000000, 0x0000000750100000, 0x0000000750100000|100%| E|CS|TAMS 0x0000000750000000, 0x0000000750000000| Complete 
| 229|0x0000000750100000, 0x0000000750200000, 0x0000000750200000|100%| E|CS|TAMS 0x0000000750100000, 0x0000000750100000| Complete 
| 230|0x0000000750200000, 0x0000000750300000, 0x0000000750300000|100%| E|CS|TAMS 0x0000000750200000, 0x0000000750200000| Complete 

Card table byte_map: [0x000001fa285d0000,0x000001fa28bd0000] _byte_map_base: 0x000001fa24bc2000

Marking Bits (Prev, Next): (CMBitMap*) 0x000001fa10b6e0f8, (CMBitMap*) 0x000001fa10b6e130
 Prev Bits: [0x000001fa291d0000, 0x000001fa2c160000)
 Next Bits: [0x000001fa2c160000, 0x000001fa2f0f0000)

Polling page: 0x000001fa102f0000

Metaspace:

Usage:
  Non-class:     55.35 MB capacity,    54.18 MB ( 98%) used,   969.34 KB (  2%) free+waste,   232.94 KB ( <1%) overhead. 
      Class:      8.37 MB capacity,     7.61 MB ( 91%) used,   661.70 KB (  8%) free+waste,   113.44 KB (  1%) overhead. 
       Both:     63.72 MB capacity,    61.79 MB ( 97%) used,     1.59 MB (  2%) free+waste,   346.38 KB ( <1%) overhead. 

Virtual space:
  Non-class space:       56.00 MB reserved,      55.38 MB ( 99%) committed 
      Class space:        1.00 GB reserved,       8.45 MB ( <1%) committed 
             Both:        1.05 GB reserved,      63.83 MB (  6%) committed 

Chunk freelists:
   Non-Class:  3.50 KB
       Class:  768 bytes
        Both:  4.25 KB

CodeHeap 'non-profiled nmethods': size=238912Kb used=16068Kb max_used=16068Kb free=222843Kb
 bounds [0x000001fa19680000, 0x000001fa1a640000, 0x000001fa27fd0000]
CodeHeap 'non-nmethods': size=6848Kb used=1271Kb max_used=1271Kb free=5576Kb
 bounds [0x000001fa18fd0000, 0x000001fa19240000, 0x000001fa19680000]
 total_blobs=10202 nmethods=9548 adapters=579
 compilation: enabled
              stopped_count=0, restarted_count=0
 full_count=0

Compilation events (10 events):
Event: 4427.507 Thread 0x000001fa31ed3000 9544       1       java.io.BufferedReader::read1 (171 bytes)
Event: 4427.508 Thread 0x000001fa31ed3000 nmethod 9544 0x000001fa1a62dc90 code [0x000001fa1a62de60, 0x000001fa1a62e198]
Event: 4427.595 Thread 0x000001fa31ed3000 9545       1       java.util.concurrent.ConcurrentLinkedDeque::updateTail (71 bytes)
Event: 4427.595 Thread 0x000001fa31ed3000 nmethod 9545 0x000001fa1a62e310 code [0x000001fa1a62e520, 0x000001fa1a62eaf8]
Event: 4433.830 Thread 0x000001fa31ed3000 9546       1       org.springframework.core.convert.support.GenericConversionService::convert (139 bytes)
Event: 4433.835 Thread 0x000001fa31ed3000 nmethod 9546 0x000001fa1a62ee10 code [0x000001fa1a62f140, 0x000001fa1a62fd88]
Event: 4433.835 Thread 0x000001fa31ed3000 9547   !   1       org.springframework.core.convert.support.ConversionUtils::invokeConverter (30 bytes)
Event: 4433.835 Thread 0x000001fa31ed3000 nmethod 9547 0x000001fa1a630610 code [0x000001fa1a6307c0, 0x000001fa1a630958]
Event: 4433.835 Thread 0x000001fa31ed3000 9548       1       org.springframework.core.convert.support.GenericConversionService::handleResult (12 bytes)
Event: 4433.836 Thread 0x000001fa31ed3000 nmethod 9548 0x000001fa1a630a90 code [0x000001fa1a630c60, 0x000001fa1a630eb8]

GC Heap History (10 events):
Event: 2150.368 GC heap before
{Heap before GC invocations=18 (full 0):
 garbage-first heap   total 236544K, used 166208K [0x0000000741c00000, 0x0000000800000000)
  region size 1024K, 138 young (141312K), 10 survivors (10240K)
 Metaspace       used 62547K, capacity 64540K, committed 64720K, reserved 1105920K
  class space    used 7729K, capacity 8504K, committed 8524K, reserved 1048576K
}
Event: 2150.376 GC heap after
{Heap after GC invocations=19 (full 0):
 garbage-first heap   total 236544K, used 35134K [0x0000000741c00000, 0x0000000800000000)
  region size 1024K, 10 young (10240K), 10 survivors (10240K)
 Metaspace       used 62547K, capacity 64540K, committed 64720K, reserved 1105920K
  class space    used 7729K, capacity 8504K, committed 8524K, reserved 1048576K
}
Event: 2674.744 GC heap before
{Heap before GC invocations=19 (full 0):
 garbage-first heap   total 236544K, used 166206K [0x0000000741c00000, 0x0000000800000000)
  region size 1024K, 138 young (141312K), 10 survivors (10240K)
 Metaspace       used 62547K, capacity 64540K, committed 64720K, reserved 1105920K
  class space    used 7729K, capacity 8504K, committed 8524K, reserved 1048576K
}
Event: 2674.752 GC heap after
{Heap after GC invocations=20 (full 0):
 garbage-first heap   total 236544K, used 35146K [0x0000000741c00000, 0x0000000800000000)
  region size 1024K, 10 young (10240K), 10 survivors (10240K)
 Metaspace       used 62547K, capacity 64540K, committed 64720K, reserved 1105920K
  class space    used 7729K, capacity 8504K, committed 8524K, reserved 1048576K
}
Event: 3260.222 GC heap before
{Heap before GC invocations=20 (full 0):
 garbage-first heap   total 236544K, used 166218K [0x0000000741c00000, 0x0000000800000000)
  region size 1024K, 138 young (141312K), 10 survivors (10240K)
 Metaspace       used 62547K, capacity 64540K, committed 64720K, reserved 1105920K
  class space    used 7729K, capacity 8504K, committed 8524K, reserved 1048576K
}
Event: 3260.231 GC heap after
{Heap after GC invocations=21 (full 0):
 garbage-first heap   total 236544K, used 35562K [0x0000000741c00000, 0x0000000800000000)
  region size 1024K, 10 young (10240K), 10 survivors (10240K)
 Metaspace       used 62547K, capacity 64540K, committed 64720K, reserved 1105920K
  class space    used 7729K, capacity 8504K, committed 8524K, reserved 1048576K
}
Event: 3764.333 GC heap before
{Heap before GC invocations=21 (full 0):
 garbage-first heap   total 236544K, used 166634K [0x0000000741c00000, 0x0000000800000000)
  region size 1024K, 138 young (141312K), 10 survivors (10240K)
 Metaspace       used 63269K, capacity 65250K, committed 65360K, reserved 1105920K
  class space    used 7793K, capacity 8570K, committed 8652K, reserved 1048576K
}
Event: 3764.345 GC heap after
{Heap after GC invocations=22 (full 0):
 garbage-first heap   total 236544K, used 35572K [0x0000000741c00000, 0x0000000800000000)
  region size 1024K, 10 young (10240K), 10 survivors (10240K)
 Metaspace       used 63269K, capacity 65250K, committed 65360K, reserved 1105920K
  class space    used 7793K, capacity 8570K, committed 8652K, reserved 1048576K
}
Event: 4335.239 GC heap before
{Heap before GC invocations=22 (full 0):
 garbage-first heap   total 236544K, used 166644K [0x0000000741c00000, 0x0000000800000000)
  region size 1024K, 138 young (141312K), 10 survivors (10240K)
 Metaspace       used 63269K, capacity 65250K, committed 65360K, reserved 1105920K
  class space    used 7793K, capacity 8570K, committed 8652K, reserved 1048576K
}
Event: 4335.249 GC heap after
{Heap after GC invocations=23 (full 0):
 garbage-first heap   total 236544K, used 35239K [0x0000000741c00000, 0x0000000800000000)
  region size 1024K, 10 young (10240K), 10 survivors (10240K)
 Metaspace       used 63269K, capacity 65250K, committed 65360K, reserved 1105920K
  class space    used 7793K, capacity 8570K, committed 8652K, reserved 1048576K
}

Deoptimization events (0 events):
No events

Classes redefined (0 events):
No events

Internal exceptions (10 events):
Event: 7.122 Thread 0x000001fa333f1800 Exception <a 'java/lang/NoSuchMethodError'{0x000000074e575428}: java.lang.invoke.DirectMethodHandle$Holder.invokeVirtual(Ljava/lang/Object;Ljava/lang/Object;)V> (0x000000074e575428) thrown at [./open/src/hotspot/share/interpreter/linkResolver.cpp, line 77
Event: 7.285 Thread 0x000001fa333f1800 Exception <a 'java/lang/ClassNotFoundException'{0x000000074d56f9a8}: org/springframework/ui/ModelBeanInfo> (0x000000074d56f9a8) thrown at [./open/src/hotspot/share/classfile/systemDictionary.cpp, line 228]
Event: 7.285 Thread 0x000001fa333f1800 Exception <a 'java/lang/ClassNotFoundException'{0x000000074d57df50}: org/springframework/ui/ModelCustomizer> (0x000000074d57df50) thrown at [./open/src/hotspot/share/classfile/systemDictionary.cpp, line 228]
Event: 7.402 Thread 0x000001fa333f1800 Exception <a 'java/lang/ClassNotFoundException'{0x000000074cbd46b8}: > (0x000000074cbd46b8) thrown at [./open/src/hotspot/share/prims/jni.cpp, line 632]
Event: 7.554 Thread 0x000001fa333f1800 Exception <a 'java/lang/ClassNotFoundException'{0x000000074bb7fd68}: > (0x000000074bb7fd68) thrown at [./open/src/hotspot/share/prims/jni.cpp, line 632]
Event: 13.466 Thread 0x000001fa35735800 Exception <a 'java/lang/NoSuchMethodError'{0x000000074adbc078}: java.lang.invoke.DirectMethodHandle$Holder.invokeSpecial(Ljava/lang/Object;Ljava/lang/Object;Ljava/lang/Object;Ljava/lang/Object;Ljava/lang/Object;Ljava/lang/Object;Ljava/lang/Object;)V> (0x0
Event: 38.814 Thread 0x000001fa3573a000 Exception <a 'java/lang/NoClassDefFoundError'{0x0000000748e1d6f8}: org/bouncycastle/jce/provider/BouncyCastleProvider> (0x0000000748e1d6f8) thrown at [./open/src/hotspot/share/classfile/systemDictionary.cpp, line 217]
Event: 39.080 Thread 0x000001fa3573a000 Exception <a 'java/lang/NoSuchMethodError'{0x000000074fd6b2c8}: java.lang.invoke.DirectMethodHandle$Holder.invokeStaticInit(Ljava/lang/Object;Ljava/lang/Object;Ljava/lang/Object;Ljava/lang/Object;)Ljava/lang/Object;> (0x000000074fd6b2c8) thrown at [./open
Event: 39.110 Thread 0x000001fa3573a000 Exception <a 'java/lang/ClassNotFoundException'{0x000000074fbd08d0}: java/util/MapBeanInfo> (0x000000074fbd08d0) thrown at [./open/src/hotspot/share/classfile/systemDictionary.cpp, line 228]
Event: 39.111 Thread 0x000001fa3573a000 Exception <a 'java/lang/ClassNotFoundException'{0x000000074fbd5760}: java/util/MapCustomizer> (0x000000074fbd5760) thrown at [./open/src/hotspot/share/classfile/systemDictionary.cpp, line 228]

Events (10 events):
Event: 4427.473 Executing VM operation: RevokeBias
Event: 4427.473 Executing VM operation: RevokeBias done
Event: 4427.479 Executing VM operation: RevokeBias
Event: 4427.480 Executing VM operation: RevokeBias done
Event: 4427.593 Executing VM operation: RevokeBias
Event: 4427.593 Executing VM operation: RevokeBias done
Event: 4427.608 Executing VM operation: RevokeBias
Event: 4427.609 Executing VM operation: RevokeBias done
Event: 4431.688 Executing VM operation: RevokeBias
Event: 4431.688 Executing VM operation: RevokeBias done


Dynamic libraries:
0x00007ff64cd50000 - 0x00007ff64cd5f000 	C:\Program Files\Java\jdk-11.0.12\bin\java.exe
0x00007ff867fd0000 - 0x00007ff8681c5000 	C:\WINDOWS\SYSTEM32\ntdll.dll
0x00007ff866f40000 - 0x00007ff866ffe000 	C:\WINDOWS\System32\KERNEL32.DLL
0x00007ff8658b0000 - 0x00007ff865b78000 	C:\WINDOWS\System32\KERNELBASE.dll
0x00007ff865f20000 - 0x00007ff866020000 	C:\WINDOWS\System32\ucrtbase.dll
0x00007ff83e0f0000 - 0x00007ff83e108000 	C:\Program Files\Java\jdk-11.0.12\bin\jli.dll
0x00007ff8661f0000 - 0x00007ff86629c000 	C:\WINDOWS\System32\ADVAPI32.dll
0x00007ff867ec0000 - 0x00007ff867f5e000 	C:\WINDOWS\System32\msvcrt.dll
0x00007ff8672b0000 - 0x00007ff86734b000 	C:\WINDOWS\System32\sechost.dll
0x00007ff866020000 - 0x00007ff86614a000 	C:\WINDOWS\System32\RPCRT4.dll
0x00007ff8662a0000 - 0x00007ff866441000 	C:\WINDOWS\System32\USER32.dll
0x00007ff865c30000 - 0x00007ff865c52000 	C:\WINDOWS\System32\win32u.dll
0x00007ff867f60000 - 0x00007ff867f8b000 	C:\WINDOWS\System32\GDI32.dll
0x00007ff8656f0000 - 0x00007ff8657fb000 	C:\WINDOWS\System32\gdi32full.dll
0x00007ff865c60000 - 0x00007ff865cfd000 	C:\WINDOWS\System32\msvcp_win.dll
0x00007ff83e0d0000 - 0x00007ff83e0e5000 	C:\Program Files\Java\jdk-11.0.12\bin\VCRUNTIME140.dll
0x00007ff852280000 - 0x00007ff85251a000 	C:\WINDOWS\WinSxS\amd64_microsoft.windows.common-controls_6595b64144ccf1df_6.0.19041.1110_none_60b5254171f9507e\COMCTL32.dll
0x00007ff854bf0000 - 0x00007ff854bfa000 	C:\WINDOWS\SYSTEM32\VERSION.dll
0x00007ff8670e0000 - 0x00007ff867110000 	C:\WINDOWS\System32\IMM32.DLL
0x00007ff83cfd0000 - 0x00007ff83d06b000 	C:\Program Files\Java\jdk-11.0.12\bin\msvcp140.dll
0x00007ff803340000 - 0x00007ff803e3f000 	C:\Program Files\Java\jdk-11.0.12\bin\server\jvm.dll
0x00007ff8661e0000 - 0x00007ff8661e8000 	C:\WINDOWS\System32\PSAPI.DLL
0x00007ff863e30000 - 0x00007ff863e39000 	C:\WINDOWS\SYSTEM32\WSOCK32.dll
0x00007ff866630000 - 0x00007ff86669b000 	C:\WINDOWS\System32\WS2_32.dll
0x00007ff8526e0000 - 0x00007ff852707000 	C:\WINDOWS\SYSTEM32\WINMM.dll
0x00007ff863f70000 - 0x00007ff863f82000 	C:\WINDOWS\SYSTEM32\kernel.appcore.dll
0x00007ff85ea70000 - 0x00007ff85ea80000 	C:\Program Files\Java\jdk-11.0.12\bin\verify.dll
0x00007ff863c40000 - 0x00007ff863e24000 	C:\WINDOWS\SYSTEM32\DBGHELP.DLL
0x00007ff849e70000 - 0x00007ff849e9c000 	C:\WINDOWS\SYSTEM32\dbgcore.DLL
0x00007ff865e90000 - 0x00007ff865f13000 	C:\WINDOWS\System32\bcryptPrimitives.dll
0x00007ff83e0a0000 - 0x00007ff83e0c8000 	C:\Program Files\Java\jdk-11.0.12\bin\java.dll
0x00007ff85ea40000 - 0x00007ff85ea4a000 	C:\Program Files\Java\jdk-11.0.12\bin\jimage.dll
0x00007ff85d7d0000 - 0x00007ff85d7de000 	C:\Program Files\Java\jdk-11.0.12\bin\instrument.dll
0x00007ff83cfb0000 - 0x00007ff83cfc6000 	C:\Program Files\Java\jdk-11.0.12\bin\zip.dll
0x00007ff867720000 - 0x00007ff867e5f000 	C:\WINDOWS\System32\SHELL32.dll
0x00007ff8633e0000 - 0x00007ff863b70000 	C:\WINDOWS\SYSTEM32\windows.storage.dll
0x00007ff867360000 - 0x00007ff8676b5000 	C:\WINDOWS\System32\combase.dll
0x00007ff865140000 - 0x00007ff86516e000 	C:\WINDOWS\SYSTEM32\Wldp.dll
0x00007ff8664b0000 - 0x00007ff86655d000 	C:\WINDOWS\System32\SHCORE.dll
0x00007ff8676c0000 - 0x00007ff867715000 	C:\WINDOWS\System32\shlwapi.dll
0x00007ff865630000 - 0x00007ff86564f000 	C:\WINDOWS\SYSTEM32\profapi.dll
0x00007ff83cca0000 - 0x00007ff83ccb9000 	C:\Program Files\Java\jdk-11.0.12\bin\net.dll
0x00007ff8599f0000 - 0x00007ff859afc000 	C:\WINDOWS\SYSTEM32\WINHTTP.dll
0x00007ff864ea0000 - 0x00007ff864f0a000 	C:\WINDOWS\system32\mswsock.dll
0x00007ff83cc80000 - 0x00007ff83cc92000 	C:\Program Files\Java\jdk-11.0.12\bin\nio.dll
0x00007ff83cc60000 - 0x00007ff83cc7a000 	E:\IntelliJ IDEA 2019.3.3\bin\breakgen64.dll
0x00007ff864b90000 - 0x00007ff864c5b000 	C:\WINDOWS\SYSTEM32\DNSAPI.dll
0x00007ff864b40000 - 0x00007ff864b7b000 	C:\WINDOWS\SYSTEM32\IPHLPAPI.DLL
0x00007ff867350000 - 0x00007ff867358000 	C:\WINDOWS\System32\NSI.dll
0x00007ff85e3d0000 - 0x00007ff85e3da000 	C:\Windows\System32\rasadhlp.dll
0x00007ff857070000 - 0x00007ff8570ef000 	C:\WINDOWS\System32\fwpuclnt.dll
0x00007ff865d00000 - 0x00007ff865d27000 	C:\WINDOWS\System32\bcrypt.dll
0x00007ff85d1a0000 - 0x00007ff85d1a9000 	C:\Program Files\Java\jdk-11.0.12\bin\management.dll
0x00007ff8596e0000 - 0x00007ff8596eb000 	C:\Program Files\Java\jdk-11.0.12\bin\management_ext.dll
0x00007ff865090000 - 0x00007ff8650a8000 	C:\WINDOWS\SYSTEM32\CRYPTSP.dll
0x00007ff8647b0000 - 0x00007ff8647e4000 	C:\WINDOWS\system32\rsaenh.dll
0x00007ff8655b0000 - 0x00007ff8655de000 	C:\WINDOWS\SYSTEM32\USERENV.dll
0x00007ff8650b0000 - 0x00007ff8650bc000 	C:\WINDOWS\SYSTEM32\CRYPTBASE.dll
0x00007ff85d2c0000 - 0x00007ff85d2d7000 	C:\WINDOWS\SYSTEM32\dhcpcsvc6.DLL
0x00007ff85d2a0000 - 0x00007ff85d2bd000 	C:\WINDOWS\SYSTEM32\dhcpcsvc.DLL
0x00007ff84d300000 - 0x00007ff84d317000 	C:\WINDOWS\system32\napinsp.dll
0x00007ff84d2e0000 - 0x00007ff84d2fb000 	C:\WINDOWS\system32\pnrpnsp.dll
0x00007ff85fe20000 - 0x00007ff85fe35000 	C:\WINDOWS\system32\wshbth.dll
0x00007ff860800000 - 0x00007ff86081d000 	C:\WINDOWS\system32\NLAapi.dll
0x00007ff84d2c0000 - 0x00007ff84d2d2000 	C:\WINDOWS\System32\winrnr.dll
0x00007ff864420000 - 0x00007ff864453000 	C:\WINDOWS\SYSTEM32\ntmarta.dll
0x0000000180000000 - 0x0000000180031000 	C:\Users\ASUS\AppData\Local\Temp\jna4442205576169157802.tmp
0x00007ff83e080000 - 0x00007ff83e097000 	D:\code\finalDesign\sdk\faceEngine\Release\FaceEngineSDK.dll
0x00007ff83ae40000 - 0x00007ff83ae6f000 	D:\code\finalDesign\sdk\faceEngine\Release\SeetaFaceDetector600.dll
0x00007ff8306a0000 - 0x00007ff8306cf000 	D:\code\finalDesign\sdk\faceEngine\Release\SeetaGenderPredictor600.dll
0x00007ff830c00000 - 0x00007ff830c2f000 	D:\code\finalDesign\sdk\faceEngine\Release\SeetaFaceLandmarker600.dll
0x00007ffff1530000 - 0x00007ffff4b08000 	D:\code\finalDesign\sdk\faceEngine\Release\opencv_world3413.dll
0x00007ff833200000 - 0x00007ff833213000 	D:\code\finalDesign\sdk\faceEngine\Release\SeetaFaceTracking600.dll
0x00007ff82fc20000 - 0x00007ff82fc4f000 	D:\code\finalDesign\sdk\faceEngine\Release\SeetaAgePredictor600.dll
0x00007ff82eec0000 - 0x00007ff82eef4000 	D:\code\finalDesign\sdk\faceEngine\Release\SeetaQualityAssessor300.dll
0x00007ff8268b0000 - 0x00007ff8268f1000 	D:\code\finalDesign\sdk\faceEngine\Release\SeetaFaceAntiSpoofingX600.dll
0x00007ff827ff0000 - 0x00007ff828038000 	D:\code\finalDesign\sdk\faceEngine\Release\SeetaFaceRecognizer610.dll
0x00007ff866d40000 - 0x00007ff866e6a000 	C:\WINDOWS\System32\ole32.dll
0x00007ff866560000 - 0x00007ff86662d000 	C:\WINDOWS\System32\OLEAUT32.dll
0x00007ff867000000 - 0x00007ff8670da000 	C:\WINDOWS\System32\COMDLG32.dll
0x00007ff82cf00000 - 0x00007ff82cf36000 	D:\code\finalDesign\sdk\faceEngine\Release\SeetaAuthorize.dll
0x00007ff81b000000 - 0x00007ff81b2c4000 	D:\code\finalDesign\sdk\faceEngine\Release\tennis.dll
0x00007ff85e4f0000 - 0x00007ff85e6ac000 	C:\WINDOWS\SYSTEM32\MFPlat.DLL
0x00007ff865860000 - 0x00007ff8658ae000 	C:\WINDOWS\System32\cfgmgr32.dll
0x00007ff832db0000 - 0x00007ff832e34000 	C:\WINDOWS\SYSTEM32\MF.dll
0x00007ff824b20000 - 0x00007ff824b6e000 	C:\WINDOWS\SYSTEM32\CONCRT140.dll
0x00007ff824840000 - 0x00007ff82494a000 	C:\WINDOWS\SYSTEM32\MFReadWrite.dll
0x00007ff8291d0000 - 0x00007ff829201000 	C:\WINDOWS\SYSTEM32\VCOMP140.DLL
0x00007ff8500e0000 - 0x00007ff8500ec000 	C:\WINDOWS\SYSTEM32\VCRUNTIME140_1.dll
0x00007ff80a050000 - 0x00007ff80a4e1000 	C:\WINDOWS\SYSTEM32\MFCORE.DLL
0x00007ff865d30000 - 0x00007ff865e86000 	C:\WINDOWS\System32\CRYPT32.dll
0x00007ff82d0c0000 - 0x00007ff82d0eb000 	D:\code\finalDesign\sdk\faceEngine\Release\SeetaPoseEstimation600.dll
0x00007ff864cb0000 - 0x00007ff864cfb000 	C:\WINDOWS\SYSTEM32\powrprof.dll
0x00007ff836ac0000 - 0x00007ff836ac9000 	C:\WINDOWS\SYSTEM32\ksuser.dll
0x00007ff85e460000 - 0x00007ff85e490000 	C:\WINDOWS\SYSTEM32\RTWorkQ.DLL
0x00007ff864b20000 - 0x00007ff864b32000 	C:\WINDOWS\SYSTEM32\UMPDC.dll
0x00007ff8623c0000 - 0x00007ff86245e000 	C:\WINDOWS\system32\uxtheme.dll
0x00007ff819e80000 - 0x00007ff819fd3000 	E:\fences\FencesMenu64.dll
0x00007ff863e40000 - 0x00007ff863e54000 	C:\WINDOWS\SYSTEM32\WTSAPI32.dll
0x00007ff852530000 - 0x00007ff8526d9000 	C:\WINDOWS\WinSxS\amd64_microsoft.windows.gdiplus_6595b64144ccf1df_1.1.19041.1348_none_91a2627ccc89e3fb\gdiplus.dll
0x00007ff866e90000 - 0x00007ff866f39000 	C:\WINDOWS\System32\clbcatq.dll
0x00007ff85e020000 - 0x00007ff85e057000 	C:\WINDOWS\SYSTEM32\CompPkgSup.DLL
0x00007ff81cea0000 - 0x00007ff81d5c9000 	C:\Windows\System32\Windows.Media.dll
0x00007ff85d520000 - 0x00007ff85d606000 	C:\Windows\System32\Windows.ApplicationModel.dll
0x00007ff85d2f0000 - 0x00007ff85d4f1000 	C:\Windows\System32\twinapi.appcore.dll
0x00007ff85df20000 - 0x00007ff85e019000 	C:\Windows\System32\AppXDeploymentClient.dll
0x00007ff850e10000 - 0x00007ff850f56000 	C:\Windows\System32\Windows.StateRepositoryPS.dll
0x00007ff8609d0000 - 0x00007ff860b24000 	C:\Windows\System32\WinTypes.dll
0x00007ff81bb30000 - 0x00007ff81bd36000 	C:\WINDOWS\System32\mfmp4srcsnk.dll
0x00007ff824ac0000 - 0x00007ff824b1e000 	C:\Windows\System32\mp4sdecd.dll
0x00007ff85e8b0000 - 0x00007ff85e8bb000 	C:\Windows\System32\msdmo.dll
0x00007ff82fef0000 - 0x00007ff83001d000 	C:\Windows\System32\mfperfhelper.dll
0x00007ff828aa0000 - 0x00007ff828c00000 	C:\WINDOWS\System32\msvproc.dll
0x00007ff827d60000 - 0x00007ff827d9c000 	C:\Windows\System32\colorcnv.dll
0x00007ff820b20000 - 0x00007ff820d9b000 	C:\Windows\System32\msmpeg2vdec.dll
0x00007ff85e450000 - 0x00007ff85e45a000 	C:\WINDOWS\SYSTEM32\avrt.dll

dbghelp: loaded successfully - version: 4.0.5 - missing functions: none
symbol engine: initialized successfully - sym options: 0x614 - pdb path: .;C:\Program Files\Java\jdk-11.0.12\bin;C:\WINDOWS\SYSTEM32;C:\WINDOWS\WinSxS\amd64_microsoft.windows.common-controls_6595b64144ccf1df_6.0.19041.1110_none_60b5254171f9507e;C:\Program Files\Java\jdk-11.0.12\bin\server;E:\IntelliJ IDEA 2019.3.3\bin;C:\Users\ASUS\AppData\Local\Temp;D:\code\finalDesign\sdk\faceEngine\Release;E:\fences;C:\WINDOWS\WinSxS\amd64_microsoft.windows.gdiplus_6595b64144ccf1df_1.1.19041.1348_none_91a2627ccc89e3fb

VM Arguments:
jvm_args: -XX:TieredStopAtLevel=1 -Xverify:none -Dspring.output.ansi.enabled=always -Dcom.sun.management.jmxremote -Dspring.jmx.enabled=true -Dspring.liveBeansView.mbeanDomain -Dspring.application.admin.enabled=true -javaagent:E:\IntelliJ IDEA 2019.3.3\lib\idea_rt.jar=63160:E:\IntelliJ IDEA 2019.3.3\bin -Dfile.encoding=UTF-8 
java_command: com.teqgin.image_laboratory.ImageLaboratoryApplication
java_class_path (initial): D:\code\finalDesign\image_laboratory\target\classes;C:\Users\ASUS\.m2\repository\org\springframework\boot\spring-boot-starter-jdbc\2.5.4\spring-boot-starter-jdbc-2.5.4.jar;C:\Users\ASUS\.m2\repository\org\springframework\boot\spring-boot-starter\2.5.4\spring-boot-starter-2.5.4.jar;C:\Users\ASUS\.m2\repository\org\springframework\boot\spring-boot-starter-logging\2.5.4\spring-boot-starter-logging-2.5.4.jar;C:\Users\ASUS\.m2\repository\ch\qos\logback\logback-classic\1.2.5\logback-classic-1.2.5.jar;C:\Users\ASUS\.m2\repository\ch\qos\logback\logback-core\1.2.5\logback-core-1.2.5.jar;C:\Users\ASUS\.m2\repository\org\apache\logging\log4j\log4j-to-slf4j\2.14.1\log4j-to-slf4j-2.14.1.jar;C:\Users\ASUS\.m2\repository\org\apache\logging\log4j\log4j-api\2.14.1\log4j-api-2.14.1.jar;C:\Users\ASUS\.m2\repository\org\slf4j\jul-to-slf4j\1.7.32\jul-to-slf4j-1.7.32.jar;C:\Users\ASUS\.m2\repository\jakarta\annotation\jakarta.annotation-api\1.3.5\jakarta.annotation-api-1.3.5.jar;C:\Users\ASUS\.m2\repository\org\yaml\snakeyaml\1.28\snakeyaml-1.28.jar;C:\Users\ASUS\.m2\repository\com\zaxxer\HikariCP\4.0.3\HikariCP-4.0.3.jar;C:\Users\ASUS\.m2\repository\org\springframework\spring-jdbc\5.3.9\spring-jdbc-5.3.9.jar;C:\Users\ASUS\.m2\repository\org\springframework\spring-beans\5.3.9\spring-beans-5.3.9.jar;C:\Users\ASUS\.m2\repository\org\springframework\spring-tx\5.3.9\spring-tx-5.3.9.jar;C:\Users\ASUS\.m2\repository\org\springframework\boot\spring-boot-starter-data-redis\2.5.4\spring-boot-starter-data-redis-2.5.4.jar;C:\Users\ASUS\.m2\repository\org\springframework\data\spring-data-redis\2.5.4\spring-data-redis-2.5.4.jar;C:\Users\ASUS\.m2\repository\org\springframework\data\spring-data-keyvalue\2.5.4\spring-data-keyvalue-2.5.4.jar;C:\Users\ASUS\.m2\repository\org\springframework\data\spring-data-commons\2.5.4\spring-data-commons-2.5.4.jar;C:\Users\ASUS\.m2\repository\org\springframework\spring-oxm\5.3.9\spring-oxm-5.3.9.jar;C:\Users\ASUS\.m2\repository\io\lettuce\
Launcher Type: SUN_STANDARD

[Global flags]
     bool BytecodeVerificationLocal                = false                                     {product} {command line}
     bool BytecodeVerificationRemote               = false                                     {product} {command line}
     intx CICompilerCount                          = 3                                         {product} {ergonomic}
     uint ConcGCThreads                            = 1                                         {product} {ergonomic}
     uint G1ConcRefinementThreads                  = 4                                         {product} {ergonomic}
   size_t G1HeapRegionSize                         = 1048576                                   {product} {ergonomic}
    uintx GCDrainStackTargetSize                   = 64                                        {product} {ergonomic}
   size_t InitialHeapSize                          = 201326592                                 {product} {ergonomic}
     bool ManagementServer                         = true                                      {product} {command line}
   size_t MarkStackSize                            = 4194304                                   {product} {ergonomic}
   size_t MaxHeapSize                              = 3191865344                                {product} {ergonomic}
   size_t MaxNewSize                               = 1914699776                                {product} {ergonomic}
   size_t MinHeapDeltaBytes                        = 1048576                                   {product} {ergonomic}
    uintx NonNMethodCodeHeapSize                   = 6973028                                {pd product} {ergonomic}
    uintx NonProfiledCodeHeapSize                  = 244685212                              {pd product} {ergonomic}
    uintx ProfiledCodeHeapSize                     = 0                                      {pd product} {ergonomic}
    uintx ReservedCodeCacheSize                    = 251658240                              {pd product} {ergonomic}
     bool SegmentedCodeCache                       = true                                      {product} {ergonomic}
     intx TieredStopAtLevel                        = 1                                         {product} {command line}
     bool UseCompressedClassPointers               = true                                 {lp64_product} {ergonomic}
     bool UseCompressedOops                        = true                                 {lp64_product} {ergonomic}
     bool UseG1GC                                  = true                                      {product} {ergonomic}
     bool UseLargePagesIndividualAllocation        = false                                  {pd product} {ergonomic}

Logging:
Log output configuration:
 #0: stdout all=warning uptime,level,tags
 #1: stderr all=off uptime,level,tags

Environment Variables:
JAVA_HOME=C:\Program Files\Java\jdk1.8.0_191
CLASSPATH=.;C:\Program Files\Java\jdk1.8.0_191\lib\dt.jar;C:\Program Files\Java\jdk1.8.0_191\lib\tools.jar;.;C:\Program Files\Java\jdk1.8.0_191\lib\dt.jar;C:\Program Files\Java\jdk1.8.0_191\lib\tools.jar;%TOMCAT_HOME%\lib\servlet-api.jar;%JAVA-HOME%\lib\mysql-connector-java-3.1.8-bin.jar;C:\Program Files \Java\mysqlforjdbc\mysql-connector-java-3.1.8-bin.jar;.;C:\Program Files\Java\jdk1.8.0_191\lib\dt.jar;C:\Program Files\Java\jdk1.8.0_191\lib\tools.jar;
PATH=C:\Program Files\Java\jdk1.8.0_191\bin;C:\Program Files\Java\jdk1.8.0_191\jre\bin;C:\Program Files\Common Files\Oracle\Java\javapath;C:\WINDOWS\system32;C:\WINDOWS;C:\Strawberry\c\bin;C:\Strawberry\perl\site\bin;C:\Strawberry\perl\bin;C:\Program Files\dotnet\;C:\Program Files\Microsoft SQL Server\130\Tools\Binn\;C:\Program Files\Microsoft SQL Server\Client SDK\ODBC\170\Tools\Binn\;";E:\vmware16pro\bin\;D:\code\java\maven\apache-maven-3.6.2\bin;E:\QT\qtdeteal\5.12.3\mingw73_64\bin;E:\QT\qtdeteal\5.12.3\msvc2015_64\bin;E:\QT\qtdeteal\5.12.3\msvc2017_64\bin;C:\Users\ASUS\IDE\Microsoft VS Code\Mingw-w64\mingw64\bin;";E:\MYSQL\mysql-8.0.11-winx64\bin;C:\WINDOWS\System32\Wbem;C:\WINDOWS\System32\WindowsPowerShell\v1.0\;C:\WINDOWS\System32\OpenSSH\;";E:\tools\chromedriver.exe;E:\matlab\2019a\runtime\win64;E:\matlab\2019a\bin;E:\matlab\2019a\polyspace\bin;C:\Program Files (x86)\Microsoft SQL Server\150\Tools\Binn\;C:\Program Files\Microsoft SQL Server\150\Tools\Binn\;C:\Program Files\Microsoft SQL Server\150\DTS\Binn\;C:\Program Files (x86)\Microsoft SQL Server\150\DTS\Binn\;E:\gradle-6.5.1\bin;E:\tesseract\Tesseract-OCR;E:\nvm\nvm;C:\Program Files\nodejs;C:\Git\bin;E:\WINSCP\WinSCP\;C:\Windows\System32\wbem;";E:\nvm\nvm;E:\ffmpeg\ffmpeg-4.4-essentials_build\bin;E:\tortoiseSVN\bin;E:\XShell\;C:\Program Files\Go\bin;E:\anaconda3;E:\anaconda3\Library\mingw-w64\bin;E:\anaconda3\Library\usr\bin;E:\anaconda3\Library\bin;E:\anaconda3\Scripts;C:\Users\ASUS\AppData\Local\Microsoft\WindowsApps;C:\vs\Microsoft VS Code\bin;C:\Users\ASUS\IDE\Microsoft VS Code\bin;C:\Users\ASUS\IDE\Microsoft VS Code\Mingw-w64\mingw64\bin;C:\Users\ASUS\AppData\Local\Programs\Microsoft VS Code\bin;E:\IDEA\IntelliJ IDEA 2019.1.3\bin;E:\MYSQL\mysql-8.0.17-winx64\bin;E:\MYSQL\mysql-8.0.11-winx64\bin;E:\CLion 2019.3.1\bin;E:\PyCharm 2019.3\bin;C:\Program Files\Java\jdk1.8.0_191\bin;C:\Users\ASUS\AppData\Local\atom\bin;E:\Fiddler;E:\python_for_anaconda3\PyCharm Professional Edition with Anaconda plugin 2019.
USERNAME=ASUS
OS=Windows_NT
PROCESSOR_IDENTIFIER=Intel64 Family 6 Model 142 Stepping 9, GenuineIntel



---------------  S Y S T E M  ---------------

OS: Windows 10 , 64 bit Build 19041 (10.0.19041.1348)

CPU:total 4 (initial active 4) (2 cores per cpu, 2 threads per core) family 6 model 142 stepping 9 microcode 0xb4, cmov, cx8, fxsr, mmx, sse, sse2, sse3, ssse3, sse4.1, sse4.2, popcnt, avx, avx2, aes, clmul, erms, 3dnowpref, lzcnt, ht, tsc, tscinvbit, bmi1, bmi2, adx, fma

Memory: 4k page, system-wide physical 12172M (1716M free)
TotalPageFile size 19766M (AvailPageFile size 3389M)
current process WorkingSet (physical memory assigned to process): 580M, peak: 580M
current process commit charge ("private bytes"): 779M, peak: 779M

vm_info: Java HotSpot(TM) 64-Bit Server VM (11.0.12+8-LTS-237) for windows-amd64 JRE (11.0.12+8-LTS-237), built on Jun  8 2021 11:25:59 by "mach5one" with MS VC++ 15.9 (VS2017)

END.
